<?xml version="1.0" encoding="utf-8"?><testsuites name="pytest tests"><testsuite name="pytest" errors="0" failures="2" skipped="4" tests="15" time="13.588" timestamp="2026-02-11T16:15:09.271029+00:00" hostname="agent-env-6c157387-104a-42e4-bf85-369c1244ded9"><testcase classname="tests.test_iteration21_system_logs_leads.TestAdminLogin" name="test_admin_login_success" time="1.655" /><testcase classname="tests.test_iteration21_system_logs_leads.TestProcessUpdateStringFields" name="test_process_update_with_string_email" time="1.291"><failure message="AssertionError: Process update failed: {&quot;detail&quot;:&quot;Method Not Allowed&quot;}&#10;assert 405 == 200&#10; +  where 405 = &lt;Response [405]&gt;.status_code">backend/tests/test_iteration21_system_logs_leads.py:75: in test_process_update_with_string_email
    assert response.status_code == 200, f"Process update failed: {response.text}"
E   AssertionError: Process update failed: {"detail":"Method Not Allowed"}
E   assert 405 == 200
E    +  where 405 = &lt;Response [405]&gt;.status_code</failure></testcase><testcase classname="tests.test_iteration21_system_logs_leads.TestProcessUpdateStringFields" name="test_process_update_with_numeric_string_phone" time="0.934"><failure message="AssertionError: Update failed with: {&quot;detail&quot;:&quot;Method Not Allowed&quot;}&#10;assert 405 == 200&#10; +  where 405 = &lt;Response [405]&gt;.status_code">backend/tests/test_iteration21_system_logs_leads.py:103: in test_process_update_with_numeric_string_phone
    assert response.status_code == 200, f"Update failed with: {response.text}"
E   AssertionError: Update failed with: {"detail":"Method Not Allowed"}
E   assert 405 == 200
E    +  where 405 = &lt;Response [405]&gt;.status_code</failure></testcase><testcase classname="tests.test_iteration21_system_logs_leads.TestLeadsFromURL" name="test_leads_from_url_endpoint_exists" time="1.943" /><testcase classname="tests.test_iteration21_system_logs_leads.TestLeadsFromURL" name="test_leads_from_url_requires_url" time="0.569" /><testcase classname="tests.test_iteration21_system_logs_leads.TestLeadsFromURL" name="test_leads_from_url_duplicate_check" time="2.858" /><testcase classname="tests.test_iteration21_system_logs_leads.TestSystemErrorLogs" name="test_get_system_logs" time="0.775" /><testcase classname="tests.test_iteration21_system_logs_leads.TestSystemErrorLogs" name="test_get_system_logs_with_filters" time="0.772" /><testcase classname="tests.test_iteration21_system_logs_leads.TestSystemErrorLogs" name="test_get_system_logs_stats" time="1.477" /><testcase classname="tests.test_iteration21_system_logs_leads.TestSystemErrorLogs" name="test_mark_logs_as_read" time="1.035" /><testcase classname="tests.test_iteration21_system_logs_leads.TestSystemErrorLogs" name="test_mark_read_requires_error_ids" time="0.041"><skipped type="pytest.skip" message="Could not login as admin">/app/backend/tests/test_iteration21_system_logs_leads.py:278: Could not login as admin</skipped></testcase><testcase classname="tests.test_iteration21_system_logs_leads.TestSystemErrorLogs" name="test_resolve_error" time="0.037"><skipped type="pytest.skip" message="Could not login as admin">/app/backend/tests/test_iteration21_system_logs_leads.py:291: Could not login as admin</skipped></testcase><testcase classname="tests.test_iteration21_system_logs_leads.TestSystemErrorLogs" name="test_resolve_nonexistent_error" time="0.038"><skipped type="pytest.skip" message="Could not login as admin">/app/backend/tests/test_iteration21_system_logs_leads.py:324: Could not login as admin</skipped></testcase><testcase classname="tests.test_iteration21_system_logs_leads.TestSystemLogsAccess" name="test_system_logs_requires_auth" time="0.037" /><testcase classname="tests.test_iteration21_system_logs_leads.TestSystemLogsAccess" name="test_system_logs_requires_admin_role" time="0.047"><skipped type="pytest.skip" message="Could not login as consultor">/app/backend/tests/test_iteration21_system_logs_leads.py:357: Could not login as consultor</skipped></testcase></testsuite></testsuites>