<?xml version="1.0" encoding="utf-8"?><testsuites name="pytest tests"><testsuite name="pytest" errors="0" failures="1" skipped="0" tests="21" time="15.979" timestamp="2026-02-15T21:43:18.429832+00:00" hostname="agent-env-315cddfe-48e6-4095-8108-80fcd29c0112"><testcase classname="tests.integration.test_iteration44_document_categorization.TestDocumentCategorizationAuth" name="test_document_metadata_requires_auth" time="6.636" /><testcase classname="tests.integration.test_iteration44_document_categorization.TestDocumentCategorizationAuth" name="test_document_search_requires_auth" time="0.139" /><testcase classname="tests.integration.test_iteration44_document_categorization.TestDocumentCategorizationAuth" name="test_categories_requires_auth" time="0.432" /><testcase classname="tests.integration.test_iteration44_document_categorization.TestDocumentMetadata" name="test_get_metadata_success" time="1.566" /><testcase classname="tests.integration.test_iteration44_document_categorization.TestDocumentMetadata" name="test_get_metadata_invalid_process" time="0.480" /><testcase classname="tests.integration.test_iteration44_document_categorization.TestDocumentSearch" name="test_search_success" time="0.404" /><testcase classname="tests.integration.test_iteration44_document_categorization.TestDocumentSearch" name="test_search_minimum_query_length" time="0.359" /><testcase classname="tests.integration.test_iteration44_document_categorization.TestDocumentSearch" name="test_search_empty_query_validation" time="0.261" /><testcase classname="tests.integration.test_iteration44_document_categorization.TestDocumentSearch" name="test_search_single_char_query_validation" time="0.281" /><testcase classname="tests.integration.test_iteration44_document_categorization.TestDocumentSearch" name="test_search_with_categories_filter" time="0.385" /><testcase classname="tests.integration.test_iteration44_document_categorization.TestDocumentSearch" name="test_search_without_process_id" time="0.395" /><testcase classname="tests.integration.test_iteration44_document_categorization.TestDocumentSearch" name="test_search_limit_validation_upper" time="0.253" /><testcase classname="tests.integration.test_iteration44_document_categorization.TestDocumentSearch" name="test_search_limit_validation_lower" time="0.277" /><testcase classname="tests.integration.test_iteration44_document_categorization.TestDocumentSearch" name="test_search_query_max_length" time="0.250" /><testcase classname="tests.integration.test_iteration44_document_categorization.TestDocumentCategories" name="test_get_all_categories" time="0.348" /><testcase classname="tests.integration.test_iteration44_document_categorization.TestDocumentCategories" name="test_get_categories_by_process" time="0.357" /><testcase classname="tests.integration.test_iteration44_document_categorization.TestDocumentCategorization" name="test_categorize_missing_params" time="0.269" /><testcase classname="tests.integration.test_iteration44_document_categorization.TestDocumentCategorization" name="test_categorize_invalid_process" time="0.464" /><testcase classname="tests.integration.test_iteration44_document_categorization.TestDocumentCategorization" name="test_categorize_file_not_found" time="1.158"><failure message="AssertionError: Expected 404 or 500, got 520&#10;assert 520 in [404, 500]&#10; +  where 520 = &lt;Response [520]&gt;.status_code">tests/integration/test_iteration44_document_categorization.py:341: in test_categorize_file_not_found
    assert response.status_code in [404, 500], f"Expected 404 or 500, got {response.status_code}"
E   AssertionError: Expected 404 or 500, got 520
E   assert 520 in [404, 500]
E    +  where 520 = &lt;Response [520]&gt;.status_code</failure></testcase><testcase classname="tests.integration.test_iteration44_document_categorization.TestCategorizeAll" name="test_categorize_all_success" time="0.711" /><testcase classname="tests.integration.test_iteration44_document_categorization.TestCategorizeAll" name="test_categorize_all_invalid_process" time="0.454" /></testsuite></testsuites>