<?xml version="1.0" encoding="utf-8"?><testsuites name="pytest tests"><testsuite name="pytest" errors="0" failures="0" skipped="0" tests="10" time="33.124" timestamp="2026-02-12T17:56:25.078895+00:00" hostname="agent-env-b13b07a4-0c48-4ea8-85dc-f49bbaaf78ca"><testcase classname="tests.test_excel_import_duplicate_key.TestExcelImportDuplicateKeyFix" name="test_01_login_success" time="15.533" /><testcase classname="tests.test_excel_import_duplicate_key.TestExcelImportDuplicateKeyFix" name="test_02_properties_endpoint_accessible" time="1.048" /><testcase classname="tests.test_excel_import_duplicate_key.TestExcelImportDuplicateKeyFix" name="test_03_excel_file_exists" time="0.000" /><testcase classname="tests.test_excel_import_duplicate_key.TestExcelImportDuplicateKeyFix" name="test_04_first_excel_import_no_duplicate_key_error" time="3.345" /><testcase classname="tests.test_excel_import_duplicate_key.TestExcelImportDuplicateKeyFix" name="test_05_imported_properties_have_unique_references" time="0.384" /><testcase classname="tests.test_excel_import_duplicate_key.TestExcelImportDuplicateKeyFix" name="test_06_second_excel_import_no_duplicate_key_error" time="3.042" /><testcase classname="tests.test_excel_import_duplicate_key.TestExcelImportDuplicateKeyFix" name="test_07_all_references_still_unique_after_second_import" time="0.292" /><testcase classname="tests.test_excel_import_duplicate_key.TestExcelImportDuplicateKeyFix" name="test_08_verify_import_result_structure" time="3.035" /><testcase classname="tests.test_excel_import_duplicate_key.TestExcelImportDuplicateKeyFix" name="test_09_cleanup_test_properties" time="5.937" /><testcase classname="tests.test_excel_import_duplicate_key.TestIndexConfiguration" name="test_index_stats_endpoint_exists" time="0.442" /></testsuite></testsuites>