<?xml version="1.0" encoding="utf-8"?><testsuites name="pytest tests"><testsuite name="pytest" errors="0" failures="7" skipped="0" tests="8" time="4.379" timestamp="2026-02-11T09:48:24.279043+00:00" hostname="agent-env-fa3b1e67-c890-4eb9-80b8-ef2db48cfc2f"><testcase classname="tests.test_iteration20_p0_features.TestAuth" name="test_admin_login_success" time="2.033"><failure message="AssertionError: assert 'token' in {'access_token': 'eyJhbGciOiJIUzI1NiIsInR5cCI6IkpXVCJ9.eyJzdWIiOiI4NDMzMzk2ZC1iZjhiLTQyMGItODA0Mi0xN2I5YmVjYTFhNzIiLCJlbWFpbCI6ImdlcmFsQHBvd2VyZWFsZXN0YXRlLnB0Iiwicm9sZSI6ImFkbWluIiwiZXhwIjoxNzcwODg5NzA2fQ.Glc7OLjoLvGY6qXKfYb2UxLT2Mu-wCS0qqjwcO-Au9Y', 'token_type': 'bearer', 'user': {'id': '8433396d-bf8b-420b-8042-17b9beca1a72', 'email': 'geral@powerealestate.pt', 'name': 'Admin', 'phone': None, 'role': 'admin', 'company': None, 'is_active': True, 'created_at': '2026-02-03T22:02:16.977451+00:00', 'onedrive_folder': None}}">tests/test_iteration20_p0_features.py:38: in test_admin_login_success
    assert "token" in data
E   AssertionError: assert 'token' in {'access_token': 'eyJhbGciOiJIUzI1NiIsInR5cCI6IkpXVCJ9.eyJzdWIiOiI4NDMzMzk2ZC1iZjhiLTQyMGItODA0Mi0xN2I5YmVjYTFhNzIiLCJlbWFpbCI6ImdlcmFsQHBvd2VyZWFsZXN0YXRlLnB0Iiwicm9sZSI6ImFkbWluIiwiZXhwIjoxNzcwODg5NzA2fQ.Glc7OLjoLvGY6qXKfYb2UxLT2Mu-wCS0qqjwcO-Au9Y', 'token_type': 'bearer', 'user': {'id': '8433396d-bf8b-420b-8042-17b9beca1a72', 'email': 'geral@powerealestate.pt', 'name': 'Admin', 'phone': None, 'role': 'admin', 'company': None, 'is_active': True, 'created_at': '2026-02-03T22:02:16.977451+00:00', 'onedrive_folder': None}}</failure></testcase><testcase classname="tests.test_iteration20_p0_features.TestKanbanEndpoint" name="test_kanban_endpoint_returns_processes" time="0.433"><failure message="assert 401 == 200&#10; +  where 401 = &lt;Response [401]&gt;.status_code">tests/test_iteration20_p0_features.py:59: in test_kanban_endpoint_returns_processes
    assert response.status_code == 200
E   assert 401 == 200
E    +  where 401 = &lt;Response [401]&gt;.status_code</failure></testcase><testcase classname="tests.test_iteration20_p0_features.TestPropertiesImportEndpoints" name="test_import_template_endpoint_exists" time="0.421"><failure message="assert 401 == 200&#10; +  where 401 = &lt;Response [401]&gt;.status_code">tests/test_iteration20_p0_features.py:95: in test_import_template_endpoint_exists
    assert response.status_code == 200
E   assert 401 == 200
E    +  where 401 = &lt;Response [401]&gt;.status_code</failure></testcase><testcase classname="tests.test_iteration20_p0_features.TestPropertiesImportEndpoints" name="test_import_excel_endpoint_exists" time="0.044"><failure message="AssertionError: Expected 422 (missing file), got 401&#10;assert 401 == 422&#10; +  where 401 = &lt;Response [401]&gt;.status_code">tests/test_iteration20_p0_features.py:121: in test_import_excel_endpoint_exists
    assert response.status_code == 422, f"Expected 422 (missing file), got {response.status_code}"
E   AssertionError: Expected 422 (missing file), got 401
E   assert 401 == 422
E    +  where 401 = &lt;Response [401]&gt;.status_code</failure></testcase><testcase classname="tests.test_iteration20_p0_features.TestAISuggestionsEndpoint" name="test_import_errors_suggestions_endpoint" time="0.430"><failure message="AssertionError: Expected 200, got 401: {&quot;detail&quot;:&quot;Token inválido&quot;}&#10;assert 401 == 200&#10; +  where 401 = &lt;Response [401]&gt;.status_code">tests/test_iteration20_p0_features.py:141: in test_import_errors_suggestions_endpoint
    assert response.status_code == 200, f"Expected 200, got {response.status_code}: {response.text}"
E   AssertionError: Expected 200, got 401: {"detail":"Token inválido"}
E   assert 401 == 200
E    +  where 401 = &lt;Response [401]&gt;.status_code</failure></testcase><testcase classname="tests.test_iteration20_p0_features.TestNIFValidationBackend" name="test_nif_validation_function_logic" time="0.000" /><testcase classname="tests.test_iteration20_p0_features.TestPropertiesStats" name="test_properties_stats_endpoint" time="0.423"><failure message="assert 401 == 200&#10; +  where 401 = &lt;Response [401]&gt;.status_code">tests/test_iteration20_p0_features.py:226: in test_properties_stats_endpoint
    assert response.status_code == 200
E   assert 401 == 200
E    +  where 401 = &lt;Response [401]&gt;.status_code</failure></testcase><testcase classname="tests.test_iteration20_p0_features.TestPropertiesList" name="test_properties_list_endpoint" time="0.432"><failure message="assert 401 == 200&#10; +  where 401 = &lt;Response [401]&gt;.status_code">tests/test_iteration20_p0_features.py:249: in test_properties_list_endpoint
    assert response.status_code == 200
E   assert 401 == 200
E    +  where 401 = &lt;Response [401]&gt;.status_code</failure></testcase></testsuite></testsuites>