<?xml version="1.0" encoding="utf-8"?><testsuites name="pytest tests"><testsuite name="pytest" errors="0" failures="0" skipped="0" tests="12" time="12.035" timestamp="2026-02-14T22:08:39.038180+00:00" hostname="agent-env-e6dd97c0-078c-46d5-9bbf-6c66afe5bf74"><testcase classname="tests.integration.test_iteration42_bug_fixes.TestAuthProfileUpdate" name="test_update_profile_name_success" time="1.508" /><testcase classname="tests.integration.test_iteration42_bug_fixes.TestAuthProfileUpdate" name="test_update_profile_phone_success" time="0.411" /><testcase classname="tests.integration.test_iteration42_bug_fixes.TestAuthProfileUpdate" name="test_update_profile_empty_body_fails" time="0.310" /><testcase classname="tests.integration.test_iteration42_bug_fixes.TestAuthProfileUpdate" name="test_update_profile_unauthorized" time="0.173" /><testcase classname="tests.integration.test_iteration42_bug_fixes.TestChangePassword" name="test_change_password_wrong_current_password" time="0.646" /><testcase classname="tests.integration.test_iteration42_bug_fixes.TestChangePassword" name="test_change_password_short_new_password" time="0.297" /><testcase classname="tests.integration.test_iteration42_bug_fixes.TestChangePassword" name="test_change_password_missing_fields" time="0.295" /><testcase classname="tests.integration.test_iteration42_bug_fixes.TestChangePassword" name="test_change_password_endpoint_works" time="2.771" /><testcase classname="tests.integration.test_iteration42_bug_fixes.TestChangePassword" name="test_change_password_unauthorized" time="0.155" /><testcase classname="tests.integration.test_iteration42_bug_fixes.TestCreateProcessForClient" name="test_create_process_for_virtual_client_using_process_id" time="1.943" /><testcase classname="tests.integration.test_iteration42_bug_fixes.TestCreateProcessForClient" name="test_create_process_invalid_client_id" time="0.575" /><testcase classname="tests.integration.test_iteration42_bug_fixes.TestConsultorProfile" name="test_consultor_can_update_own_profile" time="2.897" /></testsuite></testsuites>