<?xml version="1.0" encoding="utf-8"?><testsuites name="pytest tests"><testsuite name="pytest" errors="0" failures="0" skipped="0" tests="8" time="6.021" timestamp="2026-02-14T11:42:52.988739+00:00" hostname="agent-env-b78a3a42-87eb-476f-b834-0930b60006a8"><testcase classname="tests.integration.test_iteration38_kanban_import.TestLeadCreationFieldMapping" name="test_admin_login" time="0.593" /><testcase classname="tests.integration.test_iteration38_kanban_import.TestLeadCreationFieldMapping" name="test_create_lead_with_field_mapping" time="1.256" /><testcase classname="tests.integration.test_iteration38_kanban_import.TestLeadCreationFieldMapping" name="test_leads_by_status_endpoint" time="0.335" /><testcase classname="tests.integration.test_iteration38_kanban_import.TestLeadCreationFieldMapping" name="test_leads_list_endpoint" time="0.328" /><testcase classname="tests.integration.test_iteration38_kanban_import.TestLeadCreationFieldMapping" name="test_consultores_endpoint" time="0.456" /><testcase classname="tests.integration.test_iteration38_kanban_import.TestIdealistaImportAPI" name="test_extract_html_endpoint_exists" time="0.820" /><testcase classname="tests.integration.test_iteration38_kanban_import.TestIdealistaImportAPI" name="test_extract_html_with_sample_content" time="0.333" /><testcase classname="tests.integration.test_iteration38_kanban_import.TestDuplicateLeadHandling" name="test_duplicate_lead_rejected" time="1.839" /></testsuite></testsuites>