<?xml version="1.0" encoding="utf-8"?><testsuites name="pytest tests"><testsuite name="pytest" errors="0" failures="0" skipped="0" tests="8" time="23.374" timestamp="2026-02-12T20:15:08.227211+00:00" hostname="agent-env-6a6c4dc6-262d-4f7c-8b37-b6f97d4db070"><testcase classname="tests.test_iteration26_idx_location_fix.TestIteration26IdxLocationFix" name="test_01_admin_login" time="11.335" /><testcase classname="tests.test_iteration26_idx_location_fix.TestIteration26IdxLocationFix" name="test_02_properties_list" time="1.236" /><testcase classname="tests.test_iteration26_idx_location_fix.TestIteration26IdxLocationFix" name="test_03_create_property_no_duplicate_key_error" time="3.419" /><testcase classname="tests.test_iteration26_idx_location_fix.TestIteration26IdxLocationFix" name="test_04_get_index_stats" time="1.080" /><testcase classname="tests.test_iteration26_idx_location_fix.TestIteration26IdxLocationFix" name="test_05_repair_indexes" time="4.170" /><testcase classname="tests.test_iteration26_idx_location_fix.TestIteration26IdxLocationFix" name="test_06_notification_preferences" time="0.637" /><testcase classname="tests.test_iteration26_idx_location_fix.TestIteration26IdxLocationFix" name="test_07_properties_stats" time="0.737" /><testcase classname="tests.test_iteration26_idx_location_fix.TestIteration26IdxLocationFix" name="test_08_system_config" time="0.654" /></testsuite></testsuites>