<?xml version="1.0" encoding="utf-8"?><testsuites name="pytest tests"><testsuite name="pytest" errors="9" failures="1" skipped="0" tests="20" time="16.035" timestamp="2026-02-13T00:06:12.019033+00:00" hostname="agent-env-6a7252f3-e4b7-499f-abb1-08cd74ec2eac"><testcase classname="tests.integration.test_iteration27_security_newfeatures.TestSecurityHeaders" name="test_health_check_security_headers" time="0.091"><failure message="assert 'X-Frame-Options' in {'accept-ranges': 'bytes', 'access-control-allow-headers': '*', 'access-control-allow-methods': '*', 'access-control-allow-origin': '*', 'content-encoding': 'br', 'content-type': 'text/html; charset=utf-8', 'date': 'Fri, 13 Feb 2026 00:06:12 GMT', 'etag': 'W/&quot;1b2d-MPLMe1rAtfNsoed1roZQtOtx9Nw&quot;', 'vary': 'Accept-Encoding', 'x-powered-by': 'Express', 'via': '1.1 google', 'Alt-Svc': 'h3=&quot;:443&quot;; ma=2592000,h3-29=&quot;:443&quot;; ma=2592000', 'Transfer-Encoding': 'chunked'}&#10; +  where {'accept-ranges': 'bytes', 'access-control-allow-headers': '*', 'access-control-allow-methods': '*', 'access-control-allow-origin': '*', 'content-encoding': 'br', 'content-type': 'text/html; charset=utf-8', 'date': 'Fri, 13 Feb 2026 00:06:12 GMT', 'etag': 'W/&quot;1b2d-MPLMe1rAtfNsoed1roZQtOtx9Nw&quot;', 'vary': 'Accept-Encoding', 'x-powered-by': 'Express', 'via': '1.1 google', 'Alt-Svc': 'h3=&quot;:443&quot;; ma=2592000,h3-29=&quot;:443&quot;; ma=2592000', 'Transfer-Encoding': 'chunked'} = &lt;Response [200]&gt;.headers">tests/integration/test_iteration27_security_newfeatures.py:31: in test_health_check_security_headers
    assert "X-Frame-Options" in response.headers
E   assert 'X-Frame-Options' in {'accept-ranges': 'bytes', 'access-control-allow-headers': '*', 'access-control-allow-methods': '*', 'access-control-allow-origin': '*', 'content-encoding': 'br', 'content-type': 'text/html; charset=utf-8', 'date': 'Fri, 13 Feb 2026 00:06:12 GMT', 'etag': 'W/"1b2d-MPLMe1rAtfNsoed1roZQtOtx9Nw"', 'vary': 'Accept-Encoding', 'x-powered-by': 'Express', 'via': '1.1 google', 'Alt-Svc': 'h3=":443"; ma=2592000,h3-29=":443"; ma=2592000', 'Transfer-Encoding': 'chunked'}
E    +  where {'accept-ranges': 'bytes', 'access-control-allow-headers': '*', 'access-control-allow-methods': '*', 'access-control-allow-origin': '*', 'content-encoding': 'br', 'content-type': 'text/html; charset=utf-8', 'date': 'Fri, 13 Feb 2026 00:06:12 GMT', 'etag': 'W/"1b2d-MPLMe1rAtfNsoed1roZQtOtx9Nw"', 'vary': 'Accept-Encoding', 'x-powered-by': 'Express', 'via': '1.1 google', 'Alt-Svc': 'h3=":443"; ma=2592000,h3-29=":443"; ma=2592000', 'Transfer-Encoding': 'chunked'} = &lt;Response [200]&gt;.headers</failure></testcase><testcase classname="tests.integration.test_iteration27_security_newfeatures.TestSecurityHeaders" name="test_api_endpoint_security_headers" time="8.324" /><testcase classname="tests.integration.test_iteration27_security_newfeatures.TestBackgroundJobs" name="test_get_background_jobs_list" time="0.558" /><testcase classname="tests.integration.test_iteration27_security_newfeatures.TestBackgroundJobs" name="test_get_background_jobs_with_status_filter" time="0.557" /><testcase classname="tests.integration.test_iteration27_security_newfeatures.TestBackgroundJobs" name="test_get_background_jobs_with_limit" time="0.547" /><testcase classname="tests.integration.test_iteration27_security_newfeatures.TestBackgroundJobs" name="test_clear_finished_jobs" time="0.558" /><testcase classname="tests.integration.test_iteration27_security_newfeatures.TestSuggestClients" name="test_suggest_clients_basic" time="1.052" /><testcase classname="tests.integration.test_iteration27_security_newfeatures.TestSuggestClients" name="test_suggest_clients_short_query" time="0.550" /><testcase classname="tests.integration.test_iteration27_security_newfeatures.TestSuggestClients" name="test_suggest_clients_with_limit" time="1.042" /><testcase classname="tests.integration.test_iteration27_security_newfeatures.TestAIImportLogs" name="test_get_ai_import_logs" time="1.125" /><testcase classname="tests.integration.test_iteration27_security_newfeatures.TestAIImportLogs" name="test_get_ai_import_logs_with_filters" time="1.114" /><testcase classname="tests.integration.test_iteration27_security_newfeatures.TestAITraining" name="test_get_ai_training_data" time="0.039"><error message="failed on setup with &quot;assert 429 == 200&#10; +  where 429 = &lt;Response [429]&gt;.status_code&quot;">tests/integration/test_iteration27_security_newfeatures.py:288: in setup
    assert login_response.status_code == 200
E   assert 429 == 200
E    +  where 429 = &lt;Response [429]&gt;.status_code</error></testcase><testcase classname="tests.integration.test_iteration27_security_newfeatures.TestAITraining" name="test_create_ai_training_entry" time="0.038"><error message="failed on setup with &quot;assert 429 == 200&#10; +  where 429 = &lt;Response [429]&gt;.status_code&quot;">tests/integration/test_iteration27_security_newfeatures.py:288: in setup
    assert login_response.status_code == 200
E   assert 429 == 200
E    +  where 429 = &lt;Response [429]&gt;.status_code</error></testcase><testcase classname="tests.integration.test_iteration27_security_newfeatures.TestAITraining" name="test_ai_training_invalid_category" time="0.039"><error message="failed on setup with &quot;assert 429 == 200&#10; +  where 429 = &lt;Response [429]&gt;.status_code&quot;">tests/integration/test_iteration27_security_newfeatures.py:288: in setup
    assert login_response.status_code == 200
E   assert 429 == 200
E    +  where 429 = &lt;Response [429]&gt;.status_code</error></testcase><testcase classname="tests.integration.test_iteration27_security_newfeatures.TestAITraining" name="test_get_ai_training_prompt" time="0.040"><error message="failed on setup with &quot;assert 429 == 200&#10; +  where 429 = &lt;Response [429]&gt;.status_code&quot;">tests/integration/test_iteration27_security_newfeatures.py:288: in setup
    assert login_response.status_code == 200
E   assert 429 == 200
E    +  where 429 = &lt;Response [429]&gt;.status_code</error></testcase><testcase classname="tests.integration.test_iteration27_security_newfeatures.TestPropertyDocuments" name="test_get_property_documents" time="0.039"><error message="failed on setup with &quot;assert 429 == 200&#10; +  where 429 = &lt;Response [429]&gt;.status_code&quot;">tests/integration/test_iteration27_security_newfeatures.py:385: in setup
    assert login_response.status_code == 200
E   assert 429 == 200
E    +  where 429 = &lt;Response [429]&gt;.status_code</error></testcase><testcase classname="tests.integration.test_iteration27_security_newfeatures.TestPropertyDocuments" name="test_get_property_documents_filtered" time="0.039"><error message="failed on setup with &quot;assert 429 == 200&#10; +  where 429 = &lt;Response [429]&gt;.status_code&quot;">tests/integration/test_iteration27_security_newfeatures.py:385: in setup
    assert login_response.status_code == 200
E   assert 429 == 200
E    +  where 429 = &lt;Response [429]&gt;.status_code</error></testcase><testcase classname="tests.integration.test_iteration27_security_newfeatures.TestPropertyDocuments" name="test_property_documents_not_found" time="0.040"><error message="failed on setup with &quot;assert 429 == 200&#10; +  where 429 = &lt;Response [429]&gt;.status_code&quot;">tests/integration/test_iteration27_security_newfeatures.py:385: in setup
    assert login_response.status_code == 200
E   assert 429 == 200
E    +  where 429 = &lt;Response [429]&gt;.status_code</error></testcase><testcase classname="tests.integration.test_iteration27_security_newfeatures.TestInputSanitization" name="test_normal_client_search" time="0.047"><error message="failed on setup with &quot;assert 429 == 200&#10; +  where 429 = &lt;Response [429]&gt;.status_code&quot;">tests/integration/test_iteration27_security_newfeatures.py:469: in setup
    assert login_response.status_code == 200
E   assert 429 == 200
E    +  where 429 = &lt;Response [429]&gt;.status_code</error></testcase><testcase classname="tests.integration.test_iteration27_security_newfeatures.TestInputSanitization" name="test_xss_attempt_blocked" time="0.039"><error message="failed on setup with &quot;assert 429 == 200&#10; +  where 429 = &lt;Response [429]&gt;.status_code&quot;">tests/integration/test_iteration27_security_newfeatures.py:469: in setup
    assert login_response.status_code == 200
E   assert 429 == 200
E    +  where 429 = &lt;Response [429]&gt;.status_code</error></testcase></testsuite></testsuites>