<?xml version="1.0" encoding="utf-8"?><testsuites name="pytest tests"><testsuite name="pytest" errors="0" failures="1" skipped="3" tests="9" time="4.732" timestamp="2026-02-15T22:04:15.081321+00:00" hostname="agent-env-5d0567e4-ef05-4c35-8ba2-78d0317a86ae"><testcase classname="tests.integration.test_iteration45_document_expiry_watchdog.TestDocumentUploadAutoCategorization" name="test_upload_returns_auto_categorization_field" time="1.532"><skipped type="pytest.skip" message="No processes available for testing">/app/backend/tests/integration/test_iteration45_document_expiry_watchdog.py:51: No processes available for testing</skipped></testcase><testcase classname="tests.integration.test_iteration45_document_expiry_watchdog.TestDocumentMetadataExpiryFields" name="test_metadata_endpoint_returns_correct_structure" time="0.597"><skipped type="pytest.skip" message="No processes available for testing">/app/backend/tests/integration/test_iteration45_document_expiry_watchdog.py:120: No processes available for testing</skipped></testcase><testcase classname="tests.integration.test_iteration45_document_expiry_watchdog.TestDocumentMetadataExpiryFields" name="test_metadata_documents_have_expiry_fields" time="0.616"><skipped type="pytest.skip" message="No processes available for testing">/app/backend/tests/integration/test_iteration45_document_expiry_watchdog.py:147: No processes available for testing</skipped></testcase><testcase classname="tests.integration.test_iteration45_document_expiry_watchdog.TestDocumentMetadataExpiryFields" name="test_metadata_invalid_process_returns_404" time="0.590" /><testcase classname="tests.integration.test_iteration45_document_expiry_watchdog.TestNotificationTypeSupport" name="test_notifications_endpoint_returns_notifications" time="0.597"><failure message="AssertionError: Expected 200, got 401&#10;assert 401 == 200&#10; +  where 401 = &lt;Response [401]&gt;.status_code">tests/integration/test_iteration45_document_expiry_watchdog.py:213: in test_notifications_endpoint_returns_notifications
    assert response.status_code == 200, f"Expected 200, got {response.status_code}"
E   AssertionError: Expected 200, got 401
E   assert 401 == 200
E    +  where 401 = &lt;Response [401]&gt;.status_code</failure></testcase><testcase classname="tests.integration.test_iteration45_document_expiry_watchdog.TestScheduledTasksWatchdog" name="test_watchdog_function_exists_in_scheduled_tasks" time="0.371" /><testcase classname="tests.integration.test_iteration45_document_expiry_watchdog.TestDocumentCategorizationService" name="test_categorize_document_with_ai_extracts_expiry_date" time="0.007" /><testcase classname="tests.integration.test_iteration45_document_expiry_watchdog.TestDocumentModel" name="test_document_metadata_model_has_expiry_fields" time="0.006" /><testcase classname="tests.integration.test_iteration45_document_expiry_watchdog.TestBackgroundCategorization" name="test_auto_categorize_document_background_function_exists" time="0.328" /></testsuite></testsuites>