<?xml version="1.0" encoding="utf-8"?><testsuites name="pytest tests"><testsuite name="pytest" errors="0" failures="0" skipped="1" tests="9" time="17.347" timestamp="2026-01-25T16:12:57.684956+00:00" hostname="agent-env-a955dc4e-c380-4334-b49b-c6a12fcc5783"><testcase classname="tests.test_iteration13_duplicate_blocking.TestPublicClientRegistrationDuplicateBlocking" name="test_registration_with_new_email_and_nif" time="7.836" /><testcase classname="tests.test_iteration13_duplicate_blocking.TestPublicClientRegistrationDuplicateBlocking" name="test_registration_blocked_by_duplicate_email" time="0.395" /><testcase classname="tests.test_iteration13_duplicate_blocking.TestPublicClientRegistrationDuplicateBlocking" name="test_registration_blocked_by_duplicate_nif" time="0.373" /><testcase classname="tests.test_iteration13_duplicate_blocking.TestKanbanHasPropertyField" name="test_kanban_includes_has_property_field" time="0.320" /><testcase classname="tests.test_iteration13_duplicate_blocking.TestKanbanHasPropertyField" name="test_create_process_with_has_property_true" time="7.189" /><testcase classname="tests.test_iteration13_duplicate_blocking.TestTaskAssignmentNotifications" name="test_create_task_sends_notification" time="0.427" /><testcase classname="tests.test_iteration13_duplicate_blocking.TestProcessMoveDocumentVerificationAlert" name="test_move_to_ch_aprovado_has_bug" time="0.367"><skipped type="pytest.xfail" message="Known bug: priority parameter not supported in send_realtime_notification" /></testcase><testcase classname="tests.test_iteration13_duplicate_blocking.TestPublicHealthEndpoint" name="test_public_health" time="0.038" /><testcase classname="tests.test_iteration13_duplicate_blocking.TestKanbanBoardStructure" name="test_kanban_returns_all_columns" time="0.315" /></testsuite></testsuites>