<?xml version="1.0" encoding="utf-8"?><testsuites name="pytest tests"><testsuite name="pytest" errors="0" failures="0" skipped="0" tests="19" time="19.344" timestamp="2026-01-25T14:45:34.436259+00:00" hostname="agent-env-a7c190f6-86a4-407c-aff0-d993a5b95276"><testcase classname="tests.test_iteration12_email_integration.TestEmailConnection" name="test_email_connection_all_accounts" time="3.911" /><testcase classname="tests.test_iteration12_email_integration.TestEmailConnection" name="test_email_connection_precision_only" time="1.757" /><testcase classname="tests.test_iteration12_email_integration.TestEmailConnection" name="test_email_connection_power_only" time="2.108" /><testcase classname="tests.test_iteration12_email_integration.TestEmailAccounts" name="test_get_email_accounts" time="0.306" /><testcase classname="tests.test_iteration12_email_integration.TestEmailSync" name="test_sync_emails_for_process" time="5.072" /><testcase classname="tests.test_iteration12_email_integration.TestEmailSync" name="test_sync_emails_invalid_process" time="0.408" /><testcase classname="tests.test_iteration12_email_integration.TestEmailFilters" name="test_filter_all_emails" time="0.504" /><testcase classname="tests.test_iteration12_email_integration.TestEmailFilters" name="test_filter_sent_emails" time="0.453" /><testcase classname="tests.test_iteration12_email_integration.TestEmailFilters" name="test_filter_received_emails" time="0.529" /><testcase classname="tests.test_iteration12_email_integration.TestEmailFilters" name="test_email_stats" time="0.457" /><testcase classname="tests.test_iteration12_email_integration.TestManualEmailCreation" name="test_create_manual_sent_email" time="0.375" /><testcase classname="tests.test_iteration12_email_integration.TestManualEmailCreation" name="test_create_manual_received_email" time="0.394" /><testcase classname="tests.test_iteration12_email_integration.TestCalendarRegression" name="test_calendar_deadlines_endpoint" time="0.311" /><testcase classname="tests.test_iteration12_email_integration.TestCalendarRegression" name="test_calendar_with_user_filter" time="0.361" /><testcase classname="tests.test_iteration12_email_integration.TestCalendarRegression" name="test_admin_can_see_all_users" time="0.299" /><testcase classname="tests.test_iteration12_email_integration.TestTasksRegression" name="test_get_tasks" time="0.321" /><testcase classname="tests.test_iteration12_email_integration.TestTasksRegression" name="test_get_my_tasks" time="0.316" /><testcase classname="tests.test_iteration12_email_integration.TestTasksRegression" name="test_create_and_complete_task" time="0.544" /><testcase classname="tests.test_iteration12_email_integration.TestCleanup" name="test_cleanup_test_emails" time="0.814" /></testsuite></testsuites>