<?xml version="1.0" encoding="utf-8"?><testsuites name="pytest tests"><testsuite name="pytest" errors="0" failures="0" skipped="0" tests="8" time="8.171" timestamp="2026-02-11T09:49:26.896743+00:00" hostname="agent-env-fa3b1e67-c890-4eb9-80b8-ef2db48cfc2f"><testcase classname="tests.test_iteration20_p0_features.TestAuth" name="test_admin_login_success" time="3.010" /><testcase classname="tests.test_iteration20_p0_features.TestKanbanEndpoint" name="test_kanban_endpoint_returns_processes" time="1.484" /><testcase classname="tests.test_iteration20_p0_features.TestPropertiesImportEndpoints" name="test_import_template_endpoint_exists" time="0.615" /><testcase classname="tests.test_iteration20_p0_features.TestPropertiesImportEndpoints" name="test_import_excel_endpoint_exists" time="0.625" /><testcase classname="tests.test_iteration20_p0_features.TestAISuggestionsEndpoint" name="test_import_errors_suggestions_endpoint" time="0.913" /><testcase classname="tests.test_iteration20_p0_features.TestNIFValidationBackend" name="test_nif_validation_function_logic" time="0.000" /><testcase classname="tests.test_iteration20_p0_features.TestPropertiesStats" name="test_properties_stats_endpoint" time="0.774" /><testcase classname="tests.test_iteration20_p0_features.TestPropertiesList" name="test_properties_list_endpoint" time="0.692" /></testsuite></testsuites>