<?xml version="1.0" encoding="utf-8"?><testsuites name="pytest tests"><testsuite name="pytest" errors="0" failures="0" skipped="0" tests="10" time="14.991" timestamp="2026-02-13T20:41:28.965356+00:00" hostname="agent-env-ea2e0318-5768-4ae5-91ca-eb5c7b0fc98f"><testcase classname="tests.integration.test_iteration33_p0_p1_bugs.TestP0EmergentIntegrations" name="test_01_health_endpoint" time="0.757" /><testcase classname="tests.integration.test_iteration33_p0_p1_bugs.TestP0EmergentIntegrations" name="test_02_emergentintegrations_module_import" time="1.311" /><testcase classname="tests.integration.test_iteration33_p0_p1_bugs.TestP0EmergentIntegrations" name="test_03_import_session_start_no_module_error" time="0.869" /><testcase classname="tests.integration.test_iteration33_p0_p1_bugs.TestP1BackgroundJobs" name="test_01_get_background_jobs" time="1.376" /><testcase classname="tests.integration.test_iteration33_p0_p1_bugs.TestP1BackgroundJobs" name="test_02_create_import_session_and_verify_in_jobs" time="1.746" /><testcase classname="tests.integration.test_iteration33_p0_p1_bugs.TestP1BackgroundJobs" name="test_03_update_import_session" time="1.314" /><testcase classname="tests.integration.test_iteration33_p0_p1_bugs.TestP1BackgroundJobs" name="test_04_finish_import_session" time="1.294" /><testcase classname="tests.integration.test_iteration33_p0_p1_bugs.TestP1BackgroundJobs" name="test_05_get_single_job" time="1.356" /><testcase classname="tests.integration.test_iteration33_p0_p1_bugs.TestP1BackgroundJobs" name="test_06_delete_job" time="1.729" /><testcase classname="tests.integration.test_iteration33_p0_p1_bugs.TestCleanup" name="test_cleanup_test_jobs" time="3.182" /></testsuite></testsuites>