<?xml version="1.0" encoding="utf-8"?><testsuites name="pytest tests"><testsuite name="pytest" errors="0" failures="0" skipped="0" tests="14" time="14.901" timestamp="2026-02-11T22:24:54.644678+00:00" hostname="agent-env-b7c42bec-bab2-4e5b-a64c-52da5eaadc83"><testcase classname="tests.test_iteration24_new_features.TestMinutasAPI" name="test_create_minuta" time="3.209" /><testcase classname="tests.test_iteration24_new_features.TestMinutasAPI" name="test_list_minutas" time="0.376" /><testcase classname="tests.test_iteration24_new_features.TestMinutasAPI" name="test_get_minuta_by_id" time="0.266" /><testcase classname="tests.test_iteration24_new_features.TestMinutasAPI" name="test_update_minuta" time="0.494" /><testcase classname="tests.test_iteration24_new_features.TestMinutasAPI" name="test_delete_minuta" time="0.643" /><testcase classname="tests.test_iteration24_new_features.TestBackupAPI" name="test_get_backup_statistics" time="0.682" /><testcase classname="tests.test_iteration24_new_features.TestBackupAPI" name="test_get_backup_history" time="0.505" /><testcase classname="tests.test_iteration24_new_features.TestBackupAPI" name="test_get_backup_config" time="0.150" /><testcase classname="tests.test_iteration24_new_features.TestBackupAPI" name="test_trigger_backup" time="0.287" /><testcase classname="tests.test_iteration24_new_features.TestScraperAPI" name="test_scraper_single_valid_url" time="3.950" /><testcase classname="tests.test_iteration24_new_features.TestScraperAPI" name="test_scraper_single_invalid_url_friendly_error" time="2.081" /><testcase classname="tests.test_iteration24_new_features.TestScraperAPI" name="test_scraper_supported_sites" time="0.149" /><testcase classname="tests.test_iteration24_new_features.TestStaffMinutasAccess" name="test_consultor_can_access_minutas" time="0.772" /><testcase classname="tests.test_iteration24_new_features.TestBackupAdminOnly" name="test_non_admin_cannot_access_backup_statistics" time="1.262" /></testsuite></testsuites>