<?xml version="1.0" encoding="utf-8"?><testsuites name="pytest tests"><testsuite name="pytest" errors="0" failures="2" skipped="13" tests="15" time="0.725" timestamp="2026-02-11T16:14:28.447508+00:00" hostname="agent-env-6c157387-104a-42e4-bf85-369c1244ded9"><testcase classname="tests.test_iteration21_system_logs_leads.TestAdminLogin" name="test_admin_login_success" time="0.099"><failure message="AssertionError: Login failed: Web server returned an unknown error&#10;  &#10;assert 520 == 200&#10; +  where 520 = &lt;Response [520]&gt;.status_code">backend/tests/test_iteration21_system_logs_leads.py:30: in test_admin_login_success
    assert response.status_code == 200, f"Login failed: {response.text}"
E   AssertionError: Login failed: Web server returned an unknown error
E     
E   assert 520 == 200
E    +  where 520 = &lt;Response [520]&gt;.status_code</failure></testcase><testcase classname="tests.test_iteration21_system_logs_leads.TestProcessUpdateStringFields" name="test_process_update_with_string_email" time="0.041"><skipped type="pytest.skip" message="Could not login as admin">/app/backend/tests/test_iteration21_system_logs_leads.py:50: Could not login as admin</skipped></testcase><testcase classname="tests.test_iteration21_system_logs_leads.TestProcessUpdateStringFields" name="test_process_update_with_numeric_string_phone" time="0.039"><skipped type="pytest.skip" message="Could not login as admin">/app/backend/tests/test_iteration21_system_logs_leads.py:78: Could not login as admin</skipped></testcase><testcase classname="tests.test_iteration21_system_logs_leads.TestLeadsFromURL" name="test_leads_from_url_endpoint_exists" time="0.040"><skipped type="pytest.skip" message="Could not login as admin">/app/backend/tests/test_iteration21_system_logs_leads.py:120: Could not login as admin</skipped></testcase><testcase classname="tests.test_iteration21_system_logs_leads.TestLeadsFromURL" name="test_leads_from_url_requires_url" time="0.034"><skipped type="pytest.skip" message="Could not login as admin">/app/backend/tests/test_iteration21_system_logs_leads.py:137: Could not login as admin</skipped></testcase><testcase classname="tests.test_iteration21_system_logs_leads.TestLeadsFromURL" name="test_leads_from_url_duplicate_check" time="0.033"><skipped type="pytest.skip" message="Could not login as admin">/app/backend/tests/test_iteration21_system_logs_leads.py:151: Could not login as admin</skipped></testcase><testcase classname="tests.test_iteration21_system_logs_leads.TestSystemErrorLogs" name="test_get_system_logs" time="0.040"><skipped type="pytest.skip" message="Could not login as admin">/app/backend/tests/test_iteration21_system_logs_leads.py:191: Could not login as admin</skipped></testcase><testcase classname="tests.test_iteration21_system_logs_leads.TestSystemErrorLogs" name="test_get_system_logs_with_filters" time="0.040"><skipped type="pytest.skip" message="Could not login as admin">/app/backend/tests/test_iteration21_system_logs_leads.py:211: Could not login as admin</skipped></testcase><testcase classname="tests.test_iteration21_system_logs_leads.TestSystemErrorLogs" name="test_get_system_logs_stats" time="0.035"><skipped type="pytest.skip" message="Could not login as admin">/app/backend/tests/test_iteration21_system_logs_leads.py:225: Could not login as admin</skipped></testcase><testcase classname="tests.test_iteration21_system_logs_leads.TestSystemErrorLogs" name="test_mark_logs_as_read" time="0.035"><skipped type="pytest.skip" message="Could not login as admin">/app/backend/tests/test_iteration21_system_logs_leads.py:245: Could not login as admin</skipped></testcase><testcase classname="tests.test_iteration21_system_logs_leads.TestSystemErrorLogs" name="test_mark_read_requires_error_ids" time="0.036"><skipped type="pytest.skip" message="Could not login as admin">/app/backend/tests/test_iteration21_system_logs_leads.py:278: Could not login as admin</skipped></testcase><testcase classname="tests.test_iteration21_system_logs_leads.TestSystemErrorLogs" name="test_resolve_error" time="0.040"><skipped type="pytest.skip" message="Could not login as admin">/app/backend/tests/test_iteration21_system_logs_leads.py:291: Could not login as admin</skipped></testcase><testcase classname="tests.test_iteration21_system_logs_leads.TestSystemErrorLogs" name="test_resolve_nonexistent_error" time="0.039"><skipped type="pytest.skip" message="Could not login as admin">/app/backend/tests/test_iteration21_system_logs_leads.py:324: Could not login as admin</skipped></testcase><testcase classname="tests.test_iteration21_system_logs_leads.TestSystemLogsAccess" name="test_system_logs_requires_auth" time="0.038"><failure message="AssertionError: Expected 401/403, got 520&#10;assert 520 in [401, 403]&#10; +  where 520 = &lt;Response [520]&gt;.status_code">backend/tests/test_iteration21_system_logs_leads.py:345: in test_system_logs_requires_auth
    assert response.status_code in [401, 403], f"Expected 401/403, got {response.status_code}"
E   AssertionError: Expected 401/403, got 520
E   assert 520 in [401, 403]
E    +  where 520 = &lt;Response [520]&gt;.status_code</failure></testcase><testcase classname="tests.test_iteration21_system_logs_leads.TestSystemLogsAccess" name="test_system_logs_requires_admin_role" time="0.036"><skipped type="pytest.skip" message="Could not login as consultor">/app/backend/tests/test_iteration21_system_logs_leads.py:357: Could not login as consultor</skipped></testcase></testsuite></testsuites>