<?xml version="1.0" encoding="utf-8"?><testsuites name="pytest tests"><testsuite name="pytest" errors="0" failures="0" skipped="0" tests="11" time="11.244" timestamp="2026-02-09T18:49:27.197956+00:00" hostname="agent-env-e5af399b-5265-4710-9f8b-dc4b4aa93263"><testcase classname="tests.test_iteration17_impersonate_clients.TestAdminLogin" name="test_admin_login_success" time="2.588" /><testcase classname="tests.test_iteration17_impersonate_clients.TestImpersonation" name="test_get_users_list" time="0.647" /><testcase classname="tests.test_iteration17_impersonate_clients.TestImpersonation" name="test_impersonate_consultor" time="1.030" /><testcase classname="tests.test_iteration17_impersonate_clients.TestImpersonation" name="test_impersonate_and_stop" time="1.683" /><testcase classname="tests.test_iteration17_impersonate_clients.TestConsultorClientVisibility" name="test_consultor_can_access_clients_api" time="1.538" /><testcase classname="tests.test_iteration17_impersonate_clients.TestConsultorClientVisibility" name="test_consultor_can_access_kanban" time="1.518" /><testcase classname="tests.test_iteration17_impersonate_clients.TestLeadsAccess" name="test_admin_can_access_leads" time="0.646" /><testcase classname="tests.test_iteration17_impersonate_clients.TestLeadsAccess" name="test_admin_can_access_leads_by_status" time="0.645" /><testcase classname="tests.test_iteration17_impersonate_clients.TestBulkUploadAPI" name="test_bulk_clients_list_endpoint" time="0.796" /><testcase classname="tests.test_iteration17_impersonate_clients.TestHealthAndBasics" name="test_health_endpoint" time="0.039" /><testcase classname="tests.test_iteration17_impersonate_clients.TestHealthAndBasics" name="test_api_docs_accessible" time="0.038" /></testsuite></testsuites>