<?xml version="1.0" encoding="utf-8"?><testsuites name="pytest tests"><testsuite name="pytest" errors="0" failures="2" skipped="1" tests="17" time="5.346" timestamp="2026-01-23T11:20:53.435326+00:00" hostname="agent-env-161e9590-9f0e-4d7a-9963-63e5df9a6ef0"><testcase classname="tests.test_iteration7.TestHealthAndAuth" name="test_health_check" time="0.088" /><testcase classname="tests.test_iteration7.TestHealthAndAuth" name="test_admin_login" time="0.266" /><testcase classname="tests.test_iteration7.TestDashboardEndpoints" name="test_get_stats" time="0.306" /><testcase classname="tests.test_iteration7.TestDashboardEndpoints" name="test_get_kanban_board" time="0.320"><failure message="AssertionError: assert False&#10; +  where False = isinstance({'columns': [{'color': '#EAB308', 'count': 17, 'id': 'c8f875f6-d127-449b-9587-dcd11f00e473', 'label': 'Clientes em Espera', ...}, {'color': '#3B82F6', 'count': 20, 'id': 'abbd3625-e831-4809-8ccb-2ab078ad1d36', 'label': 'Fase Documental', ...}, {'color': '#3B82F6', 'count': 15, 'id': '20a7308a-d62f-42e9-9c7b-90a0b2bc0214', 'label': 'Fase Documental II', ...}, {'color': '#8B5CF6', 'count': 8, 'id': '461422db-de8e-40fe-9cb0-1b134e7d7fef', 'label': 'Enviado ao Bruno', ...}, {'color': '#8B5CF6', 'count': 8, 'id': '33eb3cd4-6ccf-4b4a-800c-b7dd0b94279c', 'label': 'Enviado ao Luís', ...}, {'color': '#8B5CF6', 'count': 6, 'id': '7026d45e-678d-494d-af87-4107ee918754', 'label': 'Enviado BCP Rui', ...}, ...], 'total_processes': 157, 'user_role': 'admin'}, list)">tests/test_iteration7.py:75: in test_get_kanban_board
    assert isinstance(data, list)
E   AssertionError: assert False
E    +  where False = isinstance({'columns': [{'color': '#EAB308', 'count': 17, 'id': 'c8f875f6-d127-449b-9587-dcd11f00e473', 'label': 'Clientes em Espera', ...}, {'color': '#3B82F6', 'count': 20, 'id': 'abbd3625-e831-4809-8ccb-2ab078ad1d36', 'label': 'Fase Documental', ...}, {'color': '#3B82F6', 'count': 15, 'id': '20a7308a-d62f-42e9-9c7b-90a0b2bc0214', 'label': 'Fase Documental II', ...}, {'color': '#8B5CF6', 'count': 8, 'id': '461422db-de8e-40fe-9cb0-1b134e7d7fef', 'label': 'Enviado ao Bruno', ...}, {'color': '#8B5CF6', 'count': 8, 'id': '33eb3cd4-6ccf-4b4a-800c-b7dd0b94279c', 'label': 'Enviado ao Luís', ...}, {'color': '#8B5CF6', 'count': 6, 'id': '7026d45e-678d-494d-af87-4107ee918754', 'label': 'Enviado BCP Rui', ...}, ...], 'total_processes': 157, 'user_role': 'admin'}, list)</failure></testcase><testcase classname="tests.test_iteration7.TestDashboardEndpoints" name="test_get_workflow_statuses" time="0.295" /><testcase classname="tests.test_iteration7.TestDashboardEndpoints" name="test_get_users" time="0.292" /><testcase classname="tests.test_iteration7.TestDashboardEndpoints" name="test_get_deadlines_calendar" time="0.309" /><testcase classname="tests.test_iteration7.TestDashboardEndpoints" name="test_get_notifications" time="0.293"><failure message="AssertionError: assert False&#10; +  where False = isinstance({'notifications': [{'client_name': 'TEST_Client_Iteration5', 'created_at': '2026-01-22T16:25:52.564155+00:00', 'has_property': False, 'id': 'c1c2579e-3637-4579-9aee-158214806057', ...}, {'client_name': 'TEST_Client_Iteration5', 'created_at': '2026-01-22T16:23:48.445508+00:00', 'has_property': False, 'id': 'db702f8c-9dba-4115-b066-5a9e7661bbe6', ...}, {'client_name': 'Maria Santos', 'created_at': '2026-01-22T14:27:52.602666+00:00', 'has_property': True, 'id': '9a861fe4-3eb2-44e9-a3bf-eddfae43f9da', ...}, {'client_name': 'Rui Mendes', 'created_at': '2026-01-22T14:10:14.453460+00:00', 'id': 'd3eff3ba-fa23-415c-a7d9-a70e4458bf32', 'message': 'Countdown 90 dias: Rui Mendes - 75 dias restantes', ...}, {'client_name': 'Fernanda Nunes', 'created_at': '2026-01-22T14:10:14.453455+00:00', 'id': '81b7b936-169e-4d23-bd03-630cf2ae29ec', 'message': 'Passaporte de Fernanda Nunes expira em 2 dias', ...}, {'client_name': 'Fernanda Nunes', 'created_at': '2026-01-22T14:10:14.453438+00:00', 'has_property': False, 'id': 'd26b9c55-3263-434a-81aa-fac421b4e24d', ...}], 'total': 6, 'unread': 0}, list)">tests/test_iteration7.py:108: in test_get_notifications
    assert isinstance(data, list)
E   AssertionError: assert False
E    +  where False = isinstance({'notifications': [{'client_name': 'TEST_Client_Iteration5', 'created_at': '2026-01-22T16:25:52.564155+00:00', 'has_property': False, 'id': 'c1c2579e-3637-4579-9aee-158214806057', ...}, {'client_name': 'TEST_Client_Iteration5', 'created_at': '2026-01-22T16:23:48.445508+00:00', 'has_property': False, 'id': 'db702f8c-9dba-4115-b066-5a9e7661bbe6', ...}, {'client_name': 'Maria Santos', 'created_at': '2026-01-22T14:27:52.602666+00:00', 'has_property': True, 'id': '9a861fe4-3eb2-44e9-a3bf-eddfae43f9da', ...}, {'client_name': 'Rui Mendes', 'created_at': '2026-01-22T14:10:14.453460+00:00', 'id': 'd3eff3ba-fa23-415c-a7d9-a70e4458bf32', 'message': 'Countdown 90 dias: Rui Mendes - 75 dias restantes', ...}, {'client_name': 'Fernanda Nunes', 'created_at': '2026-01-22T14:10:14.453455+00:00', 'id': '81b7b936-169e-4d23-bd03-630cf2ae29ec', 'message': 'Passaporte de Fernanda Nunes expira em 2 dias', ...}, {'client_name': 'Fernanda Nunes', 'created_at': '2026-01-22T14:10:14.453438+00:00', 'has_property': False, 'id': 'd26b9c55-3263-434a-81aa-fac421b4e24d', ...}], 'total': 6, 'unread': 0}, list)</failure></testcase><testcase classname="tests.test_iteration7.TestProcessDetails" name="test_get_process_details" time="0.343" /><testcase classname="tests.test_iteration7.TestProcessDetails" name="test_get_process_deadlines" time="0.341" /><testcase classname="tests.test_iteration7.TestProcessDetails" name="test_get_process_activities" time="0.348" /><testcase classname="tests.test_iteration7.TestProcessDetails" name="test_get_process_history" time="0.351" /><testcase classname="tests.test_iteration7.TestImpersonateFunctionality" name="test_get_non_admin_user_for_impersonate" time="0.292" /><testcase classname="tests.test_iteration7.TestImpersonateFunctionality" name="test_impersonate_user" time="0.329" /><testcase classname="tests.test_iteration7.TestImpersonateFunctionality" name="test_impersonate_and_verify_me_endpoint" time="0.365" /><testcase classname="tests.test_iteration7.TestImpersonateFunctionality" name="test_stop_impersonate" time="0.357" /><testcase classname="tests.test_iteration7.TestImpersonateFunctionality" name="test_cannot_impersonate_admin" time="0.306"><skipped type="pytest.skip" message="No other admin users to test">/app/backend/tests/test_iteration7.py:312: No other admin users to test</skipped></testcase></testsuite></testsuites>