<?xml version="1.0" encoding="utf-8"?><testsuites name="pytest tests"><testsuite name="pytest" errors="0" failures="0" skipped="0" tests="20" time="25.246" timestamp="2026-02-13T00:08:31.884770+00:00" hostname="agent-env-6a7252f3-e4b7-499f-abb1-08cd74ec2eac"><testcase classname="tests.integration.test_iteration27_security_newfeatures.TestSecurityHeaders" name="test_api_health_check_security_headers" time="10.428" /><testcase classname="tests.integration.test_iteration27_security_newfeatures.TestSecurityHeaders" name="test_api_endpoint_security_headers" time="1.103" /><testcase classname="tests.integration.test_iteration27_security_newfeatures.TestBackgroundJobs" name="test_get_background_jobs_list" time="0.430" /><testcase classname="tests.integration.test_iteration27_security_newfeatures.TestBackgroundJobs" name="test_get_background_jobs_with_status_filter" time="0.427" /><testcase classname="tests.integration.test_iteration27_security_newfeatures.TestBackgroundJobs" name="test_get_background_jobs_with_limit" time="0.425" /><testcase classname="tests.integration.test_iteration27_security_newfeatures.TestBackgroundJobs" name="test_clear_finished_jobs" time="0.433" /><testcase classname="tests.integration.test_iteration27_security_newfeatures.TestSuggestClients" name="test_suggest_clients_basic" time="0.881" /><testcase classname="tests.integration.test_iteration27_security_newfeatures.TestSuggestClients" name="test_suggest_clients_short_query" time="0.425" /><testcase classname="tests.integration.test_iteration27_security_newfeatures.TestSuggestClients" name="test_suggest_clients_with_limit" time="0.876" /><testcase classname="tests.integration.test_iteration27_security_newfeatures.TestAIImportLogs" name="test_get_ai_import_logs" time="1.001" /><testcase classname="tests.integration.test_iteration27_security_newfeatures.TestAIImportLogs" name="test_get_ai_import_logs_with_filters" time="0.995" /><testcase classname="tests.integration.test_iteration27_security_newfeatures.TestAITraining" name="test_get_ai_training_data" time="0.538" /><testcase classname="tests.integration.test_iteration27_security_newfeatures.TestAITraining" name="test_create_ai_training_entry" time="1.099" /><testcase classname="tests.integration.test_iteration27_security_newfeatures.TestAITraining" name="test_ai_training_invalid_category" time="0.426" /><testcase classname="tests.integration.test_iteration27_security_newfeatures.TestAITraining" name="test_get_ai_training_prompt" time="0.540" /><testcase classname="tests.integration.test_iteration27_security_newfeatures.TestPropertyDocuments" name="test_get_property_documents" time="1.638" /><testcase classname="tests.integration.test_iteration27_security_newfeatures.TestPropertyDocuments" name="test_get_property_documents_filtered" time="1.414" /><testcase classname="tests.integration.test_iteration27_security_newfeatures.TestPropertyDocuments" name="test_property_documents_not_found" time="0.537" /><testcase classname="tests.integration.test_iteration27_security_newfeatures.TestInputSanitization" name="test_normal_client_search" time="0.765" /><testcase classname="tests.integration.test_iteration27_security_newfeatures.TestInputSanitization" name="test_xss_attempt_blocked" time="0.767" /></testsuite></testsuites>