<?xml version="1.0" encoding="utf-8"?><testsuites name="pytest tests"><testsuite name="pytest" errors="0" failures="0" skipped="0" tests="9" time="24.269" timestamp="2026-02-14T12:53:16.232010+00:00" hostname="agent-env-b78a3a42-87eb-476f-b834-0930b60006a8"><testcase classname="tests.integration.test_iteration39_p0_bugs.TestAuthentication" name="test_admin_login" time="7.457" /><testcase classname="tests.integration.test_iteration39_p0_bugs.TestHtmlExtractionEndpoint" name="test_extract_html_endpoint_exists" time="1.004" /><testcase classname="tests.integration.test_iteration39_p0_bugs.TestHtmlExtractionEndpoint" name="test_extract_html_with_idealista_content" time="10.606" /><testcase classname="tests.integration.test_iteration39_p0_bugs.TestLeadCreation" name="test_create_lead_accepts_all_fields" time="1.262" /><testcase classname="tests.integration.test_iteration39_p0_bugs.TestLeadUrlValidation" name="test_lead_with_valid_http_url" time="1.240" /><testcase classname="tests.integration.test_iteration39_p0_bugs.TestLeadUrlValidation" name="test_lead_with_valid_https_url" time="0.842" /><testcase classname="tests.integration.test_iteration39_p0_bugs.TestLeadsKanbanEndpoints" name="test_leads_by_status_returns_all_columns" time="0.798" /><testcase classname="tests.integration.test_iteration39_p0_bugs.TestLeadsKanbanEndpoints" name="test_consultores_endpoint" time="0.327" /><testcase classname="tests.integration.test_iteration39_p0_bugs.TestScraperSupportedSites" name="test_supported_sites_endpoint" time="0.664" /></testsuite></testsuites>