<?xml version="1.0" encoding="utf-8"?><testsuites name="pytest tests"><testsuite name="pytest" errors="0" failures="0" skipped="0" tests="9" time="22.444" timestamp="2026-02-15T22:05:58.000346+00:00" hostname="agent-env-5d0567e4-ef05-4c35-8ba2-78d0317a86ae"><testcase classname="tests.integration.test_iteration45_document_expiry_watchdog.TestDocumentUploadAutoCategorization" name="test_upload_returns_auto_categorization_field" time="10.108" /><testcase classname="tests.integration.test_iteration45_document_expiry_watchdog.TestDocumentMetadataExpiryFields" name="test_metadata_endpoint_returns_correct_structure" time="5.749" /><testcase classname="tests.integration.test_iteration45_document_expiry_watchdog.TestDocumentMetadataExpiryFields" name="test_metadata_documents_have_expiry_fields" time="3.885" /><testcase classname="tests.integration.test_iteration45_document_expiry_watchdog.TestDocumentMetadataExpiryFields" name="test_metadata_invalid_process_returns_404" time="0.998" /><testcase classname="tests.integration.test_iteration45_document_expiry_watchdog.TestNotificationTypeSupport" name="test_notifications_endpoint_returns_notifications" time="0.976" /><testcase classname="tests.integration.test_iteration45_document_expiry_watchdog.TestScheduledTasksWatchdog" name="test_watchdog_function_exists_in_scheduled_tasks" time="0.346" /><testcase classname="tests.integration.test_iteration45_document_expiry_watchdog.TestDocumentCategorizationService" name="test_categorize_document_with_ai_extracts_expiry_date" time="0.027" /><testcase classname="tests.integration.test_iteration45_document_expiry_watchdog.TestDocumentModel" name="test_document_metadata_model_has_expiry_fields" time="0.007" /><testcase classname="tests.integration.test_iteration45_document_expiry_watchdog.TestBackgroundCategorization" name="test_auto_categorize_document_background_function_exists" time="0.283" /></testsuite></testsuites>