<?xml version="1.0" encoding="utf-8"?><testsuites name="pytest tests"><testsuite name="pytest" errors="0" failures="0" skipped="0" tests="15" time="4.525" timestamp="2026-02-13T22:22:12.161506+00:00" hostname="agent-env-5afbae4f-cefd-4f08-ab85-dd606da24010"><testcase classname="tests.integration.test_iteration34_aggregated_session.TestAggregatedSessionEndpoints" name="test_01_health_check" time="0.153" /><testcase classname="tests.integration.test_iteration34_aggregated_session.TestAggregatedSessionEndpoints" name="test_02_aggregated_session_start" time="1.002" /><testcase classname="tests.integration.test_iteration34_aggregated_session.TestAggregatedSessionEndpoints" name="test_03_aggregated_session_status" time="0.278" /><testcase classname="tests.integration.test_iteration34_aggregated_session.TestAggregatedSessionEndpoints" name="test_04_aggregated_session_finish" time="0.418" /><testcase classname="tests.integration.test_iteration34_aggregated_session.TestAggregatedSessionEndpoints" name="test_05_session_not_found_after_finish" time="0.357" /><testcase classname="tests.integration.test_iteration34_aggregated_session.TestDataAggregatorLogic" name="test_01_import_data_aggregator" time="0.349" /><testcase classname="tests.integration.test_iteration34_aggregated_session.TestDataAggregatorLogic" name="test_02_client_data_aggregator_creation" time="0.000" /><testcase classname="tests.integration.test_iteration34_aggregated_session.TestDataAggregatorLogic" name="test_03_salary_aggregation_different_companies" time="0.000" /><testcase classname="tests.integration.test_iteration34_aggregated_session.TestDataAggregatorLogic" name="test_04_salary_same_company_deduplication" time="0.000" /><testcase classname="tests.integration.test_iteration34_aggregated_session.TestDataAggregatorLogic" name="test_05_empresa_normalization" time="0.000" /><testcase classname="tests.integration.test_iteration34_aggregated_session.TestDataAggregatorLogic" name="test_06_session_aggregator" time="0.000" /><testcase classname="tests.integration.test_iteration34_aggregated_session.TestAggregatedSessionAuth" name="test_01_start_requires_admin" time="0.169" /><testcase classname="tests.integration.test_iteration34_aggregated_session.TestAggregatedSessionAuth" name="test_02_status_requires_admin" time="0.124" /><testcase classname="tests.integration.test_iteration34_aggregated_session.TestAggregatedSessionAuth" name="test_03_finish_requires_admin" time="0.204" /><testcase classname="tests.integration.test_iteration34_aggregated_session.TestCleanup" name="test_cleanup_test_sessions" time="1.415" /></testsuite></testsuites>