<?xml version="1.0" encoding="utf-8"?><testsuites name="pytest tests"><testsuite name="pytest" errors="0" failures="0" skipped="1" tests="12" time="14.659" timestamp="2026-02-10T11:17:56.986374+00:00" hostname="agent-env-44337695-499e-4512-ad86-b37c6e7718e3"><testcase classname="tests.test_iteration18_nif_myclients.TestHealthAndBasics" name="test_health_endpoint" time="0.062" /><testcase classname="tests.test_iteration18_nif_myclients.TestHealthAndBasics" name="test_admin_login" time="0.380" /><testcase classname="tests.test_iteration18_nif_myclients.TestHealthAndBasics" name="test_consultor_login" time="0.379" /><testcase classname="tests.test_iteration18_nif_myclients.TestMyClientsEndpoint" name="test_my_clients_requires_auth" time="0.045" /><testcase classname="tests.test_iteration18_nif_myclients.TestMyClientsEndpoint" name="test_my_clients_consultor_access" time="0.964" /><testcase classname="tests.test_iteration18_nif_myclients.TestMyClientsEndpoint" name="test_my_clients_response_structure" time="1.002" /><testcase classname="tests.test_iteration18_nif_myclients.TestMyClientsEndpoint" name="test_my_clients_admin_access_all" time="1.193" /><testcase classname="tests.test_iteration18_nif_myclients.TestMyClientsEndpoint" name="test_my_clients_pending_actions_structure" time="0.964" /><testcase classname="tests.test_iteration18_nif_myclients.TestAIDocumentAnalysis" name="test_ai_analyze_endpoint_exists" time="0.507" /><testcase classname="tests.test_iteration18_nif_myclients.TestAIDocumentAnalysis" name="test_supported_documents_endpoint" time="0.559" /><testcase classname="tests.test_iteration18_nif_myclients.TestAIDocumentAnalysis" name="test_nif_extraction_from_cc_url" time="8.414" /><testcase classname="tests.test_iteration18_nif_myclients.TestWorkflowStatuses" name="test_get_workflow_statuses" time="0.073"><skipped type="pytest.skip" message="Admin authentication failed: 429 - {&quot;error&quot;:&quot;Rate limit exceeded: 10 per 1 minute&quot;}">/app/backend/tests/test_iteration18_nif_myclients.py:275: Admin authentication failed: 429 - {"error":"Rate limit exceeded: 10 per 1 minute"}</skipped></testcase></testsuite></testsuites>