<?xml version="1.0" encoding="utf-8"?><testsuites name="pytest tests"><testsuite name="pytest" errors="0" failures="0" skipped="0" tests="12" time="92.962" timestamp="2026-01-27T15:44:33.592156+00:00" hostname="agent-env-cff8a67b-5ed3-483e-9139-41b04e3b77ca"><testcase classname="tests.test_iteration14_trello_integration.TestTrelloIntegration" name="test_01_trello_status_connected" time="0.719" /><testcase classname="tests.test_iteration14_trello_integration.TestTrelloIntegration" name="test_02_trello_lists_mapping" time="0.469" /><testcase classname="tests.test_iteration14_trello_integration.TestTrelloIntegration" name="test_03_sync_from_trello" time="1.218" /><testcase classname="tests.test_iteration14_trello_integration.TestTrelloIntegration" name="test_04_sync_to_trello" time="44.776" /><testcase classname="tests.test_iteration14_trello_integration.TestTrelloIntegration" name="test_05_kanban_processes_have_trello_ids" time="0.314" /><testcase classname="tests.test_iteration14_trello_integration.TestTrelloIntegration" name="test_06_move_process_syncs_to_trello" time="3.505" /><testcase classname="tests.test_iteration14_trello_integration.TestTrelloIntegration" name="test_07_move_to_ch_aprovado_works" time="4.629" /><testcase classname="tests.test_iteration14_trello_integration.TestTrelloIntegration" name="test_08_full_sync_bidirectional" time="35.854" /><testcase classname="tests.test_iteration14_trello_integration.TestTrelloWebhook" name="test_webhook_head_verification" time="0.314" /><testcase classname="tests.test_iteration14_trello_integration.TestTrelloWebhook" name="test_webhook_post_handler" time="0.267" /><testcase classname="tests.test_iteration14_trello_integration.TestTrelloConfiguration" name="test_trello_env_variables_configured" time="0.423" /><testcase classname="tests.test_iteration14_trello_integration.TestTrelloConfiguration" name="test_webhook_list" time="0.404" /></testsuite></testsuites>