<?xml version="1.0" encoding="utf-8"?><testsuites name="pytest tests"><testsuite name="pytest" errors="0" failures="0" skipped="0" tests="10" time="10.705" timestamp="2026-02-13T23:48:40.839040+00:00" hostname="agent-env-2bdd340f-6952-445d-8289-57ec460547d7"><testcase classname="tests.integration.test_iteration37_p1_features.TestAuth" name="test_admin_login" time="6.780" /><testcase classname="tests.integration.test_iteration37_p1_features.TestBackgroundJobsEndpoints" name="test_list_background_jobs_returns_paused_count" time="1.436" /><testcase classname="tests.integration.test_iteration37_p1_features.TestBackgroundJobsEndpoints" name="test_pause_endpoint_exists_returns_404_for_nonexistent_job" time="0.558" /><testcase classname="tests.integration.test_iteration37_p1_features.TestBackgroundJobsEndpoints" name="test_resume_endpoint_exists_returns_404_for_nonexistent_job" time="0.492" /><testcase classname="tests.integration.test_iteration37_p1_features.TestBackgroundJobsEndpoints" name="test_pause_requires_authentication" time="0.121" /><testcase classname="tests.integration.test_iteration37_p1_features.TestBackgroundJobsEndpoints" name="test_resume_requires_authentication" time="0.140" /><testcase classname="tests.integration.test_iteration37_p1_features.TestBackgroundJobsEndpoints" name="test_cancel_endpoint_still_works" time="0.451" /><testcase classname="tests.integration.test_iteration37_p1_features.TestIdealistaImportEndpoints" name="test_extract_html_endpoint_exists" time="0.373" /><testcase classname="tests.integration.test_iteration37_p1_features.TestIdealistaImportEndpoints" name="test_extract_html_requires_auth" time="0.121" /><testcase classname="tests.integration.test_iteration37_p1_features.TestHealthCheck" name="test_health_endpoint" time="0.176" /></testsuite></testsuites>