<?xml version="1.0" encoding="utf-8"?><testsuites name="pytest tests"><testsuite name="pytest" errors="0" failures="2" skipped="0" tests="13" time="20.227" timestamp="2026-02-13T10:57:51.949759+00:00" hostname="agent-env-351bcee9-9e37-41ba-917e-8dddffe8e621"><testcase classname="tests.integration.test_iteration28_consultor_workflow.TestConsultorLogin" name="test_01_consultor_login_success" time="7.357" /><testcase classname="tests.integration.test_iteration28_consultor_workflow.TestConsultorLogin" name="test_02_consultor_login_invalid_password" time="0.608" /><testcase classname="tests.integration.test_iteration28_consultor_workflow.TestConsultorListarProcessos" name="test_03_listar_processos_consultor" time="1.314" /><testcase classname="tests.integration.test_iteration28_consultor_workflow.TestConsultorListarProcessos" name="test_04_listar_meus_clientes" time="0.632" /><testcase classname="tests.integration.test_iteration28_consultor_workflow.TestConsultorVerDetalhesProcesso" name="test_05_ver_detalhes_processo" time="1.724" /><testcase classname="tests.integration.test_iteration28_consultor_workflow.TestOneDriveLinks" name="test_06_listar_links_processo" time="1.004"><failure message="AssertionError: Erro ao listar links: {&quot;detail&quot;:&quot;Processo não encontrado&quot;}&#10;assert 404 == 200&#10; +  where 404 = &lt;Response [404]&gt;.status_code">backend/tests/integration/test_iteration28_consultor_workflow.py:192: in test_06_listar_links_processo
    assert response.status_code == 200, f"Erro ao listar links: {response.text}"
E   AssertionError: Erro ao listar links: {"detail":"Processo não encontrado"}
E   assert 404 == 200
E    +  where 404 = &lt;Response [404]&gt;.status_code</failure></testcase><testcase classname="tests.integration.test_iteration28_consultor_workflow.TestOneDriveLinks" name="test_07_adicionar_link_drive" time="1.056" /><testcase classname="tests.integration.test_iteration28_consultor_workflow.TestOneDriveLinks" name="test_08_verificar_link_adicionado" time="1.561" /><testcase classname="tests.integration.test_iteration28_consultor_workflow.TestOneDriveLinks" name="test_09_remover_link" time="1.698" /><testcase classname="tests.integration.test_iteration28_consultor_workflow.TestOneDriveLinks" name="test_10_adicionar_link_url_invalido" time="0.688" /><testcase classname="tests.integration.test_iteration28_consultor_workflow.TestConsultorCriarProcesso" name="test_11_criar_processo_como_consultor" time="0.816"><failure message="AssertionError: Nome do cliente incorreto&#10;assert 'TEST_Cliente_Consultor_Teste' == 'TEST Cliente Consultor Teste'&#10;  &#10;  - TEST Cliente Consultor Teste&#10;  ?     ^       ^         ^&#10;  + TEST_Cliente_Consultor_Teste&#10;  ?     ^       ^         ^">backend/tests/integration/test_iteration28_consultor_workflow.py:332: in test_11_criar_processo_como_consultor
    assert result.get("client_name") == "TEST Cliente Consultor Teste", "Nome do cliente incorreto"
E   AssertionError: Nome do cliente incorreto
E   assert 'TEST_Cliente_Consultor_Teste' == 'TEST Cliente Consultor Teste'
E     
E     - TEST Cliente Consultor Teste
E     ?     ^       ^         ^
E     + TEST_Cliente_Consultor_Teste
E     ?     ^       ^         ^</failure></testcase><testcase classname="tests.integration.test_iteration28_consultor_workflow.TestConsultorCriarProcesso" name="test_12_verificar_atribuicao_automatica" time="0.654" /><testcase classname="tests.integration.test_iteration28_consultor_workflow.TestCleanup" name="test_99_cleanup_test_data" time="1.018" /></testsuite></testsuites>