<?xml version="1.0" encoding="utf-8"?><testsuites name="pytest tests"><testsuite name="pytest" errors="0" failures="0" skipped="0" tests="13" time="24.108" timestamp="2026-02-13T11:02:22.784621+00:00" hostname="agent-env-351bcee9-9e37-41ba-917e-8dddffe8e621"><testcase classname="tests.integration.test_iteration28_consultor_workflow.TestConsultorLogin" name="test_01_consultor_login_success" time="0.889" /><testcase classname="tests.integration.test_iteration28_consultor_workflow.TestConsultorLogin" name="test_02_consultor_login_invalid_password" time="0.559" /><testcase classname="tests.integration.test_iteration28_consultor_workflow.TestConsultorListarProcessos" name="test_03_listar_processos_consultor" time="0.874" /><testcase classname="tests.integration.test_iteration28_consultor_workflow.TestConsultorListarProcessos" name="test_04_listar_meus_clientes" time="0.701" /><testcase classname="tests.integration.test_iteration28_consultor_workflow.TestConsultorVerDetalhesProcesso" name="test_05_ver_detalhes_processo" time="1.573" /><testcase classname="tests.integration.test_iteration28_consultor_workflow.TestOneDriveLinks" name="test_06_listar_links_processo" time="1.035" /><testcase classname="tests.integration.test_iteration28_consultor_workflow.TestOneDriveLinks" name="test_07_adicionar_link_drive" time="0.426" /><testcase classname="tests.integration.test_iteration28_consultor_workflow.TestOneDriveLinks" name="test_08_verificar_link_adicionado" time="0.870" /><testcase classname="tests.integration.test_iteration28_consultor_workflow.TestOneDriveLinks" name="test_09_remover_link" time="1.272" /><testcase classname="tests.integration.test_iteration28_consultor_workflow.TestOneDriveLinks" name="test_10_adicionar_link_url_invalido" time="0.284" /><testcase classname="tests.integration.test_iteration28_consultor_workflow.TestConsultorCriarProcesso" name="test_11_criar_processo_como_consultor" time="0.831" /><testcase classname="tests.integration.test_iteration28_consultor_workflow.TestConsultorCriarProcesso" name="test_12_verificar_atribuicao_automatica" time="0.622" /><testcase classname="tests.integration.test_iteration28_consultor_workflow.TestCleanup" name="test_99_cleanup_test_data" time="14.115" /></testsuite></testsuites>