<?xml version="1.0" encoding="utf-8"?><testsuites name="pytest tests"><testsuite name="pytest" errors="0" failures="0" skipped="0" tests="16" time="5.563" timestamp="2026-02-08T23:00:21.775407+00:00" hostname="agent-env-aad5d26c-3043-4c5d-a655-8343d53a9840"><testcase classname="tests.test_iteration15_none_data_fix.TestBuildUpdateDataFromExtraction" name="test_cc_extraction_with_none_personal_data" time="0.001" /><testcase classname="tests.test_iteration15_none_data_fix.TestBuildUpdateDataFromExtraction" name="test_recibo_extraction_with_none_financial_data" time="0.000" /><testcase classname="tests.test_iteration15_none_data_fix.TestBuildUpdateDataFromExtraction" name="test_irs_extraction_with_none_financial_data" time="0.000" /><testcase classname="tests.test_iteration15_none_data_fix.TestBuildUpdateDataFromExtraction" name="test_caderneta_predial_with_none_real_estate_data" time="0.000" /><testcase classname="tests.test_iteration15_none_data_fix.TestBuildUpdateDataFromExtraction" name="test_all_none_with_other_document" time="0.000" /><testcase classname="tests.test_iteration15_none_data_fix.TestBuildUpdateDataFromExtraction" name="test_contrato_trabalho_with_none_data" time="0.000" /><testcase classname="tests.test_iteration15_none_data_fix.TestBuildUpdateDataFromExtraction" name="test_certidao_with_none_personal_data" time="0.000" /><testcase classname="tests.test_iteration15_none_data_fix.TestBuildUpdateDataFromExtraction" name="test_simulacao_credito_with_none_data" time="0.000" /><testcase classname="tests.test_iteration15_none_data_fix.TestBuildUpdateDataFromExtraction" name="test_mapa_crc_with_none_financial_data" time="0.000" /><testcase classname="tests.test_iteration15_none_data_fix.TestBuildUpdateDataFromExtraction" name="test_cpcv_with_none_data" time="0.000" /><testcase classname="tests.test_iteration15_none_data_fix.TestBuildUpdateDataFromExtraction" name="test_dados_imovel_with_none_real_estate_data" time="0.000" /><testcase classname="tests.test_iteration15_none_data_fix.TestBuildUpdateDataFromExtraction" name="test_empty_dict_vs_none" time="0.000" /><testcase classname="tests.test_iteration15_none_data_fix.TestDiagnoseClientEndpoint" name="test_diagnose_client_endpoint_exists" time="3.249" /><testcase classname="tests.test_iteration15_none_data_fix.TestDiagnoseClientEndpoint" name="test_diagnose_nonexistent_client" time="0.593" /><testcase classname="tests.test_iteration15_none_data_fix.TestUpdateClientData" name="test_check_client_endpoint" time="0.966" /><testcase classname="tests.test_iteration15_none_data_fix.TestUpdateClientData" name="test_clients_list_endpoint" time="0.368" /></testsuite></testsuites>