<?xml version="1.0" encoding="utf-8"?><testsuites name="pytest tests"><testsuite name="pytest" errors="0" failures="0" skipped="0" tests="12" time="10.827" timestamp="2026-02-09T18:35:08.325200+00:00" hostname="agent-env-e5af399b-5265-4710-9f8b-dc4b4aa93263"><testcase classname="tests.test_iteration16_leads_trello.TestAdminLogin" name="test_admin_login_success" time="2.472" /><testcase classname="tests.test_iteration16_leads_trello.TestAdminLogin" name="test_admin_login_invalid_password" time="0.377" /><testcase classname="tests.test_iteration16_leads_trello.TestTrelloIntegration" name="test_trello_status_endpoint" time="1.821" /><testcase classname="tests.test_iteration16_leads_trello.TestLeadsEndpoints" name="test_leads_by_status_endpoint" time="0.663" /><testcase classname="tests.test_iteration16_leads_trello.TestLeadsEndpoints" name="test_leads_list_endpoint" time="0.648" /><testcase classname="tests.test_iteration16_leads_trello.TestLeadsEndpoints" name="test_leads_create_requires_url" time="0.570" /><testcase classname="tests.test_iteration16_leads_trello.TestNavigationEndpoints" name="test_processes_kanban_endpoint" time="1.504" /><testcase classname="tests.test_iteration16_leads_trello.TestNavigationEndpoints" name="test_users_list_endpoint" time="0.643" /><testcase classname="tests.test_iteration16_leads_trello.TestNavigationEndpoints" name="test_clients_endpoint" time="0.979" /><testcase classname="tests.test_iteration16_leads_trello.TestNavigationEndpoints" name="test_properties_endpoint" time="0.652" /><testcase classname="tests.test_iteration16_leads_trello.TestStaffRoleAccess" name="test_consultor_login_attempt" time="0.383" /><testcase classname="tests.test_iteration16_leads_trello.TestHealthEndpoint" name="test_health_endpoint" time="0.041" /></testsuite></testsuites>