<?xml version="1.0" encoding="utf-8"?><testsuites name="pytest tests"><testsuite name="pytest" errors="0" failures="0" skipped="0" tests="21" time="16.783" timestamp="2026-02-15T21:43:47.068446+00:00" hostname="agent-env-315cddfe-48e6-4095-8108-80fcd29c0112"><testcase classname="tests.integration.test_iteration44_document_categorization.TestDocumentCategorizationAuth" name="test_document_metadata_requires_auth" time="8.070" /><testcase classname="tests.integration.test_iteration44_document_categorization.TestDocumentCategorizationAuth" name="test_document_search_requires_auth" time="0.173" /><testcase classname="tests.integration.test_iteration44_document_categorization.TestDocumentCategorizationAuth" name="test_categories_requires_auth" time="0.129" /><testcase classname="tests.integration.test_iteration44_document_categorization.TestDocumentMetadata" name="test_get_metadata_success" time="1.718" /><testcase classname="tests.integration.test_iteration44_document_categorization.TestDocumentMetadata" name="test_get_metadata_invalid_process" time="0.489" /><testcase classname="tests.integration.test_iteration44_document_categorization.TestDocumentSearch" name="test_search_success" time="0.334" /><testcase classname="tests.integration.test_iteration44_document_categorization.TestDocumentSearch" name="test_search_minimum_query_length" time="0.337" /><testcase classname="tests.integration.test_iteration44_document_categorization.TestDocumentSearch" name="test_search_empty_query_validation" time="0.281" /><testcase classname="tests.integration.test_iteration44_document_categorization.TestDocumentSearch" name="test_search_single_char_query_validation" time="0.230" /><testcase classname="tests.integration.test_iteration44_document_categorization.TestDocumentSearch" name="test_search_with_categories_filter" time="0.381" /><testcase classname="tests.integration.test_iteration44_document_categorization.TestDocumentSearch" name="test_search_without_process_id" time="0.333" /><testcase classname="tests.integration.test_iteration44_document_categorization.TestDocumentSearch" name="test_search_limit_validation_upper" time="0.222" /><testcase classname="tests.integration.test_iteration44_document_categorization.TestDocumentSearch" name="test_search_limit_validation_lower" time="0.284" /><testcase classname="tests.integration.test_iteration44_document_categorization.TestDocumentSearch" name="test_search_query_max_length" time="0.215" /><testcase classname="tests.integration.test_iteration44_document_categorization.TestDocumentCategories" name="test_get_all_categories" time="0.365" /><testcase classname="tests.integration.test_iteration44_document_categorization.TestDocumentCategories" name="test_get_categories_by_process" time="0.351" /><testcase classname="tests.integration.test_iteration44_document_categorization.TestDocumentCategorization" name="test_categorize_missing_params" time="0.241" /><testcase classname="tests.integration.test_iteration44_document_categorization.TestDocumentCategorization" name="test_categorize_invalid_process" time="0.469" /><testcase classname="tests.integration.test_iteration44_document_categorization.TestDocumentCategorization" name="test_categorize_file_not_found" time="1.014" /><testcase classname="tests.integration.test_iteration44_document_categorization.TestCategorizeAll" name="test_categorize_all_success" time="0.613" /><testcase classname="tests.integration.test_iteration44_document_categorization.TestCategorizeAll" name="test_categorize_all_invalid_process" time="0.453" /></testsuite></testsuites>