<?xml version="1.0" encoding="utf-8"?><testsuites name="pytest tests"><testsuite name="pytest" errors="0" failures="0" skipped="0" tests="15" time="38.847" timestamp="2026-02-13T16:06:51.233671+00:00" hostname="agent-env-862d1c8c-e2cf-49cc-9201-f4ce6b865964"><testcase classname="tests.integration.test_iteration30_bug_fixes.TestAuthentication" name="test_01_admin_login" time="7.498" /><testcase classname="tests.integration.test_iteration30_bug_fixes.TestKanbanFilters" name="test_02_kanban_no_filters" time="1.287" /><testcase classname="tests.integration.test_iteration30_bug_fixes.TestKanbanFilters" name="test_03_kanban_filter_consultor_none" time="0.590" /><testcase classname="tests.integration.test_iteration30_bug_fixes.TestKanbanFilters" name="test_04_kanban_filter_mediador_none" time="0.782" /><testcase classname="tests.integration.test_iteration30_bug_fixes.TestKanbanFilters" name="test_05_kanban_filter_both_none" time="0.604" /><testcase classname="tests.integration.test_iteration30_bug_fixes.TestKanbanFilters" name="test_06_kanban_filter_specific_consultor" time="0.948" /><testcase classname="tests.integration.test_iteration30_bug_fixes.TestClientDeletion" name="test_07_create_test_process_for_deletion" time="0.748" /><testcase classname="tests.integration.test_iteration30_bug_fixes.TestClientDeletion" name="test_08_verify_process_exists" time="0.382" /><testcase classname="tests.integration.test_iteration30_bug_fixes.TestClientDeletion" name="test_09_delete_client_via_clients_endpoint" time="0.895" /><testcase classname="tests.integration.test_iteration30_bug_fixes.TestClientDeletion" name="test_10_verify_process_deleted" time="0.455" /><testcase classname="tests.integration.test_iteration30_bug_fixes.TestEmailPreferences" name="test_11_update_email_preferences" time="0.353" /><testcase classname="tests.integration.test_iteration30_bug_fixes.TestEmailPreferences" name="test_12_verify_preferences_via_me_endpoint" time="0.295" /><testcase classname="tests.integration.test_iteration30_bug_fixes.TestAdminNotificationPreferences" name="test_13_get_all_notification_preferences" time="1.817" /><testcase classname="tests.integration.test_iteration30_bug_fixes.TestAdminNotificationPreferences" name="test_14_get_specific_user_notification_preferences" time="0.541" /><testcase classname="tests.integration.test_iteration30_bug_fixes.TestCleanup" name="test_99_cleanup_test_data" time="21.576" /></testsuite></testsuites>