<?xml version="1.0" encoding="utf-8"?><testsuites name="pytest tests"><testsuite name="pytest" errors="0" failures="1" skipped="0" tests="20" time="22.091" timestamp="2026-02-13T22:55:27.824133+00:00" hostname="agent-env-f4d4f42a-854a-4d55-9a90-d8151f8ccf9b"><testcase classname="tests.integration.test_iteration35_background_jobs.TestAuthentication" name="test_admin_login" time="6.405" /><testcase classname="tests.integration.test_iteration35_background_jobs.TestBackgroundJobsEndpoints" name="test_01_list_background_jobs" time="1.339" /><testcase classname="tests.integration.test_iteration35_background_jobs.TestBackgroundJobsEndpoints" name="test_02_list_background_jobs_with_status_filter" time="2.541" /><testcase classname="tests.integration.test_iteration35_background_jobs.TestBackgroundJobsEndpoints" name="test_03_list_background_jobs_with_limit" time="0.823" /><testcase classname="tests.integration.test_iteration35_background_jobs.TestBackgroundJobsEndpoints" name="test_04_clear_all_jobs" time="0.351" /><testcase classname="tests.integration.test_iteration35_background_jobs.TestBackgroundJobsEndpoints" name="test_05_verify_jobs_cleared" time="0.827" /><testcase classname="tests.integration.test_iteration35_background_jobs.TestBackgroundJobsEndpoints" name="test_06_update_progress_nonexistent_job" time="0.475" /><testcase classname="tests.integration.test_iteration35_background_jobs.TestBackgroundJobsEndpoints" name="test_07_background_jobs_requires_auth" time="0.175" /><testcase classname="tests.integration.test_iteration35_background_jobs.TestBackgroundJobsEndpoints" name="test_08_clear_all_jobs_requires_auth" time="0.272" /><testcase classname="tests.integration.test_iteration35_background_jobs.TestScraperEndpoint" name="test_01_scraper_crawl_endpoint_exists" time="5.417" /><testcase classname="tests.integration.test_iteration35_background_jobs.TestScraperEndpoint" name="test_02_scraper_idealista_blocked" time="2.036" /><testcase classname="tests.integration.test_iteration35_background_jobs.TestDataAggregatorMultiLanguage" name="test_01_import_data_aggregator" time="0.341" /><testcase classname="tests.integration.test_iteration35_background_jobs.TestDataAggregatorMultiLanguage" name="test_02_client_aggregator_french_receipt" time="0.000" /><testcase classname="tests.integration.test_iteration35_background_jobs.TestDataAggregatorMultiLanguage" name="test_03_client_aggregator_french_irs" time="0.000" /><testcase classname="tests.integration.test_iteration35_background_jobs.TestDataAggregatorMultiLanguage" name="test_04_salary_aggregation_different_countries" time="0.000" /><testcase classname="tests.integration.test_iteration35_background_jobs.TestDataAggregatorMultiLanguage" name="test_05_consolidate_foreign_data" time="0.000"><failure message="AttributeError: 'ClientDataAggregator' object has no attribute 'consolidate'">tests/integration/test_iteration35_background_jobs.py:406: in test_05_consolidate_foreign_data
    result = aggregator.consolidate()
             ^^^^^^^^^^^^^^^^^^^^^^
E   AttributeError: 'ClientDataAggregator' object has no attribute 'consolidate'</failure></testcase><testcase classname="tests.integration.test_iteration35_background_jobs.TestAIDocumentPrompts" name="test_01_verify_receipt_prompt_supports_france" time="0.008" /><testcase classname="tests.integration.test_iteration35_background_jobs.TestAIDocumentPrompts" name="test_02_verify_irs_prompt_supports_france" time="0.000" /><testcase classname="tests.integration.test_iteration35_background_jobs.TestHealthAndCleanup" name="test_01_health_check" time="0.119" /><testcase classname="tests.integration.test_iteration35_background_jobs.TestHealthAndCleanup" name="test_99_cleanup" time="0.850" /></testsuite></testsuites>