<?xml version="1.0" encoding="utf-8"?><testsuites name="pytest tests"><testsuite name="pytest" errors="0" failures="0" skipped="0" tests="12" time="3.844" timestamp="2026-01-22T17:56:42.204030+00:00" hostname="agent-env-79aa1668-2370-4c19-a2d4-1bf405fa4d2a"><testcase classname="tests.test_iteration6.TestHealthAndAuth" name="test_health_check" time="0.087" /><testcase classname="tests.test_iteration6.TestHealthAndAuth" name="test_admin_login" time="0.272" /><testcase classname="tests.test_iteration6.TestWorkflowStatuses" name="test_get_workflow_statuses" time="0.312" /><testcase classname="tests.test_iteration6.TestWorkflowStatuses" name="test_create_workflow_status" time="0.338" /><testcase classname="tests.test_iteration6.TestWorkflowStatuses" name="test_update_workflow_status" time="0.338" /><testcase classname="tests.test_iteration6.TestWorkflowStatuses" name="test_delete_workflow_status" time="0.375" /><testcase classname="tests.test_iteration6.TestUsersEndpoint" name="test_get_users" time="0.301" /><testcase classname="tests.test_iteration6.TestUsersEndpoint" name="test_get_users_by_role" time="0.336" /><testcase classname="tests.test_iteration6.TestUsersEndpoint" name="test_user_roles_distribution" time="0.296" /><testcase classname="tests.test_iteration6.TestKanbanEndpoint" name="test_get_kanban_data" time="0.332" /><testcase classname="tests.test_iteration6.TestKanbanEndpoint" name="test_kanban_process_has_trello_field" time="0.319" /><testcase classname="tests.test_iteration6.TestStatsEndpoint" name="test_get_stats" time="0.346" /></testsuite></testsuites>