<?xml version="1.0" encoding="utf-8"?><testsuites name="pytest tests"><testsuite name="pytest" errors="0" failures="2" skipped="6" tests="11" time="7.359" timestamp="2026-02-11T22:03:50.304028+00:00" hostname="agent-env-b7c42bec-bab2-4e5b-a64c-52da5eaadc83"><testcase classname="tests.test_iteration23_bugs_h_i_j_k.TestBugH_PersonalDataFields" name="test_personal_data_fields_saved_on_create" time="2.454"><failure message="AssertionError: Failed to create process: {&quot;detail&quot;:&quot;Não tem permissão para criar clientes. Apenas Intermediários de Crédito podem criar.&quot;}&#10;assert 403 in [200, 201]&#10; +  where 403 = &lt;Response [403]&gt;.status_code">backend/tests/test_iteration23_bugs_h_i_j_k.py:114: in test_personal_data_fields_saved_on_create
    assert response.status_code in [200, 201], f"Failed to create process: {response.text}"
E   AssertionError: Failed to create process: {"detail":"Não tem permissão para criar clientes. Apenas Intermediários de Crédito podem criar."}
E   assert 403 in [200, 201]
E    +  where 403 = &lt;Response [403]&gt;.status_code</failure></testcase><testcase classname="tests.test_iteration23_bugs_h_i_j_k.TestBugH_PersonalDataFields" name="test_personal_data_fields_persisted_on_get" time="0.000"><skipped type="pytest.skip" message="No process created in previous test">/app/backend/tests/test_iteration23_bugs_h_i_j_k.py:141: No process created in previous test</skipped></testcase><testcase classname="tests.test_iteration23_bugs_h_i_j_k.TestBugH_PersonalDataFields" name="test_personal_data_fields_updated" time="0.000"><skipped type="pytest.skip" message="No process created in previous test">/app/backend/tests/test_iteration23_bugs_h_i_j_k.py:170: No process created in previous test</skipped></testcase><testcase classname="tests.test_iteration23_bugs_h_i_j_k.TestBugH_PersonalDataFields" name="test_personal_data_update_persisted" time="0.000"><skipped type="pytest.skip" message="No process created in previous test">/app/backend/tests/test_iteration23_bugs_h_i_j_k.py:215: No process created in previous test</skipped></testcase><testcase classname="tests.test_iteration23_bugs_h_i_j_k.TestBugI_ConsultorProcessAccess" name="test_consultor_can_access_assigned_process" time="1.505"><failure message="AssertionError: Failed to create process: {&quot;detail&quot;:&quot;Não tem permissão para criar clientes. Apenas Intermediários de Crédito podem criar.&quot;}&#10;assert 403 in [200, 201]&#10; +  where 403 = &lt;Response [403]&gt;.status_code">backend/tests/test_iteration23_bugs_h_i_j_k.py:276: in test_consultor_can_access_assigned_process
    assert create_response.status_code in [200, 201], f"Failed to create process: {create_response.text}"
E   AssertionError: Failed to create process: {"detail":"Não tem permissão para criar clientes. Apenas Intermediários de Crédito podem criar."}
E   assert 403 in [200, 201]
E    +  where 403 = &lt;Response [403]&gt;.status_code</failure></testcase><testcase classname="tests.test_iteration23_bugs_h_i_j_k.TestBugI_ConsultorProcessAccess" name="test_consultor_can_access_process_created_by_them" time="0.649" /><testcase classname="tests.test_iteration23_bugs_h_i_j_k.TestBugJ_MyClientsFilter" name="test_my_clients_filters_by_consultor" time="2.016" /><testcase classname="tests.test_iteration23_bugs_h_i_j_k.TestBugJ_MyClientsFilter" name="test_my_clients_filters_by_intermediario" time="0.149"><skipped type="pytest.skip" message="Intermediario login failed: 401">/app/backend/tests/test_iteration23_bugs_h_i_j_k.py:411: Intermediario login failed: 401</skipped></testcase><testcase classname="tests.test_iteration23_bugs_h_i_j_k.TestBugK_MenuVisibility" name="test_frontend_menu_filtering_code_review" time="0.000" /><testcase classname="tests.test_iteration23_bugs_h_i_j_k.TestClientsEndpointFiltering" name="test_clients_endpoint_filters_for_consultor" time="0.435"><skipped type="pytest.skip" message="Admin login failed: 429 - {&quot;error&quot;:&quot;Rate limit exceeded: 10 per 1 minute&quot;}">/app/backend/tests/test_iteration23_bugs_h_i_j_k.py:520: Admin login failed: 429 - {"error":"Rate limit exceeded: 10 per 1 minute"}</skipped></testcase><testcase classname="tests.test_iteration23_bugs_h_i_j_k.TestClientsEndpointFiltering" name="test_clients_endpoint_filters_for_intermediario" time="0.042"><skipped type="pytest.skip" message="Intermediario login failed: 429">/app/backend/tests/test_iteration23_bugs_h_i_j_k.py:546: Intermediario login failed: 429</skipped></testcase></testsuite></testsuites>