<?xml version="1.0" encoding="utf-8"?><testsuites name="pytest tests"><testsuite name="pytest" errors="0" failures="0" skipped="1" tests="13" time="18.854" timestamp="2026-02-15T22:20:46.784451+00:00" hostname="agent-env-5d0567e4-ef05-4c35-8ba2-78d0317a86ae"><testcase classname="tests.integration.test_iteration46_expiring_dashboard.TestExpiringDocumentsDashboard" name="test_health_check" time="6.514" /><testcase classname="tests.integration.test_iteration46_expiring_dashboard.TestExpiringDocumentsDashboard" name="test_consultor_login" time="0.553" /><testcase classname="tests.integration.test_iteration46_expiring_dashboard.TestExpiringDocumentsDashboard" name="test_expiring_dashboard_endpoint_exists" time="0.172" /><testcase classname="tests.integration.test_iteration46_expiring_dashboard.TestExpiringDocumentsDashboard" name="test_expiring_dashboard_response_structure" time="1.023" /><testcase classname="tests.integration.test_iteration46_expiring_dashboard.TestExpiringDocumentsDashboard" name="test_consultor_permissions_not_management" time="1.097" /><testcase classname="tests.integration.test_iteration46_expiring_dashboard.TestExpiringDocumentsDashboard" name="test_filters_applied_in_response" time="2.085" /><testcase classname="tests.integration.test_iteration46_expiring_dashboard.TestExpiringDocumentsDashboard" name="test_urgency_filter_critical" time="1.107" /><testcase classname="tests.integration.test_iteration46_expiring_dashboard.TestExpiringDocumentsDashboard" name="test_urgency_filter_high" time="1.026" /><testcase classname="tests.integration.test_iteration46_expiring_dashboard.TestExpiringDocumentsDashboard" name="test_urgency_filter_medium" time="1.004" /><testcase classname="tests.integration.test_iteration46_expiring_dashboard.TestExpiringDocumentsDashboard" name="test_days_ahead_filter" time="2.028" /><testcase classname="tests.integration.test_iteration46_expiring_dashboard.TestExpiringDocumentsDashboard" name="test_search_filter" time="1.021" /><testcase classname="tests.integration.test_iteration46_expiring_dashboard.TestExpiringDocumentsDashboard" name="test_clients_list_structure" time="1.028" /><testcase classname="tests.integration.test_iteration46_expiring_dashboard.TestManagementRolePermissions" name="test_get_admin_users" time="0.119"><skipped type="pytest.skip" message="Could not login to check users">/app/backend/tests/integration/test_iteration46_expiring_dashboard.py:274: Could not login to check users</skipped></testcase></testsuite></testsuites>