<?xml version="1.0" encoding="utf-8"?><testsuites name="pytest tests"><testsuite name="pytest" errors="0" failures="0" skipped="0" tests="10" time="13.152" timestamp="2026-02-13T23:36:56.176260+00:00" hostname="agent-env-2bdd340f-6952-445d-8289-57ec460547d7"><testcase classname="tests.integration.test_iteration36_idealista_features.TestScraperExtractHtml" name="test_extract_html_endpoint_exists" time="6.943" /><testcase classname="tests.integration.test_iteration36_idealista_features.TestScraperExtractHtml" name="test_extract_html_rejects_short_content" time="0.412" /><testcase classname="tests.integration.test_iteration36_idealista_features.TestScraperExtractHtml" name="test_extract_html_requires_auth" time="0.161" /><testcase classname="tests.integration.test_iteration36_idealista_features.TestBackgroundJobsList" name="test_list_background_jobs_endpoint_exists" time="1.276" /><testcase classname="tests.integration.test_iteration36_idealista_features.TestBackgroundJobsList" name="test_list_background_jobs_with_status_filter" time="2.438" /><testcase classname="tests.integration.test_iteration36_idealista_features.TestBackgroundJobsList" name="test_list_background_jobs_requires_auth" time="0.176" /><testcase classname="tests.integration.test_iteration36_idealista_features.TestBackgroundJobsCancel" name="test_cancel_endpoint_exists" time="0.984" /><testcase classname="tests.integration.test_iteration36_idealista_features.TestBackgroundJobsCancel" name="test_cancel_requires_running_status" time="0.473" /><testcase classname="tests.integration.test_iteration36_idealista_features.TestBackgroundJobsCancel" name="test_cancel_requires_auth" time="0.112" /><testcase classname="tests.integration.test_iteration36_idealista_features.TestHealthCheck" name="test_health_endpoint" time="0.115" /></testsuite></testsuites>