<?xml version="1.0" encoding="utf-8"?><testsuites name="pytest tests"><testsuite name="pytest" errors="0" failures="0" skipped="0" tests="17" time="6.363" timestamp="2026-01-25T11:48:38.445712+00:00" hostname="agent-env-a7c190f6-86a4-407c-aff0-d993a5b95276"><testcase classname="tests.test_iteration9_tasks.TestTasksSystem" name="test_health_check" time="0.383" /><testcase classname="tests.test_iteration9_tasks.TestTasksSystem" name="test_admin_login" time="0.546" /><testcase classname="tests.test_iteration9_tasks.TestTasksSystem" name="test_create_task" time="0.341" /><testcase classname="tests.test_iteration9_tasks.TestTasksSystem" name="test_create_task_with_process" time="0.357" /><testcase classname="tests.test_iteration9_tasks.TestTasksSystem" name="test_get_tasks_list" time="0.355" /><testcase classname="tests.test_iteration9_tasks.TestTasksSystem" name="test_get_my_tasks" time="0.356" /><testcase classname="tests.test_iteration9_tasks.TestTasksSystem" name="test_get_task_by_id" time="0.391" /><testcase classname="tests.test_iteration9_tasks.TestTasksSystem" name="test_complete_task" time="0.426" /><testcase classname="tests.test_iteration9_tasks.TestTasksSystem" name="test_reopen_task" time="0.380" /><testcase classname="tests.test_iteration9_tasks.TestTasksSystem" name="test_update_task" time="0.367" /><testcase classname="tests.test_iteration9_tasks.TestTasksSystem" name="test_delete_task" time="0.339" /><testcase classname="tests.test_iteration9_tasks.TestTasksSystem" name="test_get_tasks_with_completed_filter" time="0.443" /><testcase classname="tests.test_iteration9_tasks.TestTasksSystem" name="test_get_process_tasks" time="0.362" /><testcase classname="tests.test_iteration9_tasks.TestTasksSystem" name="test_task_requires_authentication" time="0.341" /><testcase classname="tests.test_iteration9_tasks.TestTasksSystem" name="test_task_not_found" time="0.316" /><testcase classname="tests.test_iteration9_tasks.TestCalendarEndpoints" name="test_get_calendar_deadlines" time="0.272" /><testcase classname="tests.test_iteration9_tasks.TestCalendarEndpoints" name="test_create_calendar_event" time="0.313" /></testsuite></testsuites>