<?xml version="1.0" encoding="utf-8"?><testsuites name="pytest tests"><testsuite name="pytest" errors="0" failures="0" skipped="0" tests="11" time="2.613" timestamp="2026-01-24T22:41:01.962418+00:00" hostname="agent-env-a7c190f6-86a4-407c-aff0-d993a5b95276"><testcase classname="tests.test_iteration8_push_websocket.TestHealthAndAuth" name="test_health_check" time="0.080" /><testcase classname="tests.test_iteration8_push_websocket.TestHealthAndAuth" name="test_admin_login" time="0.301" /><testcase classname="tests.test_iteration8_push_websocket.TestPushNotificationEndpoints" name="test_get_push_status_initial" time="0.346" /><testcase classname="tests.test_iteration8_push_websocket.TestPushNotificationEndpoints" name="test_push_subscribe" time="0.308" /><testcase classname="tests.test_iteration8_push_websocket.TestPushNotificationEndpoints" name="test_push_status_after_subscribe" time="0.338" /><testcase classname="tests.test_iteration8_push_websocket.TestPushNotificationEndpoints" name="test_push_unsubscribe" time="0.303" /><testcase classname="tests.test_iteration8_push_websocket.TestPushNotificationEndpoints" name="test_push_subscribe_update_existing" time="0.302" /><testcase classname="tests.test_iteration8_push_websocket.TestPushNotificationEndpoints" name="test_push_status_requires_auth" time="0.040" /><testcase classname="tests.test_iteration8_push_websocket.TestPushNotificationEndpoints" name="test_push_subscribe_requires_auth" time="0.035" /><testcase classname="tests.test_iteration8_push_websocket.TestWebSocketStatus" name="test_ws_status_endpoint" time="0.036" /><testcase classname="tests.test_iteration8_push_websocket.TestCleanup" name="test_cleanup_test_subscriptions" time="0.341" /></testsuite></testsuites>