<?xml version="1.0" encoding="utf-8"?><testsuites name="pytest tests"><testsuite name="pytest" errors="0" failures="1" skipped="0" tests="8" time="8.402" timestamp="2026-02-11T09:49:01.338294+00:00" hostname="agent-env-fa3b1e67-c890-4eb9-80b8-ef2db48cfc2f"><testcase classname="tests.test_iteration20_p0_features.TestAuth" name="test_admin_login_success" time="3.502" /><testcase classname="tests.test_iteration20_p0_features.TestKanbanEndpoint" name="test_kanban_endpoint_returns_processes" time="1.453"><failure message="AssertionError: Response should be a list of columns&#10;assert False&#10; +  where False = isinstance({'columns': [{'id': 'ea858c3b-711c-4e21-a5b0-ca9a9aaf81ec', 'name': 'clientes_espera', 'label': 'Clientes em Espera', 'color': 'yellow', 'order': 1, 'processes': [{'id': '67e67aac-966b-4484-85c5-25da31db90ef', 'process_number': 1, 'client_name': 'Delfim Almeida(Mauro)m\xe1ximo garantia do estado. ', 'client_email': 'delfimcalmeida@gmail.com', 'client_phone': '', 'client_nif': '', 'status': 'clientes_espera', 'trello_card_id': '695bdb79c90fe2db5614c3e6', 'trello_list_id': '677fddba997697a04140e50f', 'trello_url': 'https://trello.com/c/SfMitjhX', 'created_at': '2026-01-29T22:14:31.577Z', 'updated_at': '2026-02-10T23:41:48.231705+00:00', 'source': 'trello_import', 'notes': '\U0001f4e7 Email: [delfimcalmeida@gmail.com](mailto:delfimcalmeida@gmail.com &quot;\u200c&quot;)\n\n---\n\U0001f517 ID CreditoIMO: b0e86272-1780-4d42-a753-9d637443c053', 'labels': [], 'idade_menos_35': False, 'prioridade': False, 'docs_preparados': False, 'ch_aprovado': False, 'due_date': None, 'due_complete': False, 'trello_members': ['Pedro Borges'], 'trello_member_ids': ['677fda465350a2750434eb57'], 'personal_data': {'morada_fiscal': '', 'data_nascimento': ''}, 'financial_data': {'acesso_portal_financas': None, 'chave_movel_digital': None, 'renda_habitacao_atual': None, 'precisa_vender_casa': None, 'efetivo': None, 'fiador': None, 'bancos_creditos': None, 'capital_proprio': None, 'valor_financiado': None, 'valor_pretendido': 280000.0, 'valor_entrada': 35000.0, 'data_sinal': None, 'reforco_sinal': None, 'comissao_mediacao': None}, 'real_estate_data': {'tipo_imovel': None, 'num_quartos': None, 'localizacao': 'Av. Liberdade 100, Lisboa', 'caracteristicas': None, 'outras_caracteristicas': None, 'outras_informacoes': None, 'ja_tem_imovel': None, 'has_property': None, 'owner_name': None, 'owner_email': None, 'owner_phone': None, 'valor_imovel': 350000.0, 'codigo_postal': None, 'localidade': None, 'freguesia': None, 'concelho': None, 'tipologia': 'T3', 'area_bruta': None, 'area_util': None, 'fracao': None, 'artigo_matricial': None, 'conservatoria': None, 'numero_predial': None, 'certificado_energetico': None, 'estacionamento': None, 'arrecadacao': None, 'descricao_imovel': None, 'valor_patrimonial': None, 'data_cpcv': '2026-02-10', 'data_escritura_prevista': '2026-05-15', 'prazo_escritura_dias': None, 'data_entrega_chaves': None, 'condicao_suspensiva': None, 'observacoes_cpcv': None}, 'credit_data': {}, 'assigned_consultor_id': '04162f96-eadc-48d8-92b8-b63a77c83dae', 'consultor_name': '', 'co_buyers': [{'nome_completo': 'Maria Teste', 'nif': '123456789'}], 'vendedor': {'nome': 'Vendedor Teste Lda', 'nif': '555555555'}, 'mediador_name': '', 'is_assigned_to_me': False, 'my_role_in_process': None}, {'id': 'c7996fb8-9200-4460-a240-e6a4f1a1467b', 'process_number': 2, 'client_name': 'Helena Mendes', 'client_email': '', 'client_phone': '', 'client_nif': '', 'status': 'clientes_espera', 'trello_card_id': '678056da6393e1488f446243', 'trello_list_id': '677fddba997697a04140e50f', 'trello_url': 'https://trello.com/c/M3U1z3GG', 'created_at': '2026-01-29T22:14:31.855Z', 'updated_at': '2026-02-05T20:13:35.796223+00:00', 'source': 'trello_import', 'notes': '\n---\n\U0001f517 ID CreditoIMO: 5923be37-e328-4623-9cc2-ac7207351ba5', 'labels': [], 'idade_menos_35': False, 'prioridade': False, 'docs_preparados': False, 'ch_aprovado': False, 'due_date': None, 'due_complete': False, 'trello_members': ['Pedro Borges'], 'trello_member_ids': ['677fda465350a2750434eb57'], 'personal_data': {'morada_fiscal': '', 'data_nascimento': ''}, 'financial_data': {'rendimento_mensal': '', 'valor_pretendido': ''}, 'real_estate_data': {'morada_imovel': '', 'valor_aquisicao': ''}, 'credit_data': {}, 'assigned_consultor_id': 'a3d68648-8ab7-41f1-8c1b-a3bbb34de25c', 'consultor_name': 'Pedro Borges', 'mediador_name': '', 'is_assigned_to_me': False, 'my_role_in_process': None}, {'id': '34b305d2-dcdf-48e4-84af-e1297bc75851', 'process_number': 3, 'client_name': 'NOME CLIENTE / VALOR FINANCIADO / 100%?', 'client_email': '', 'client_phone': '', 'client_nif': '', 'status': 'clientes_espera', 'trello_card_id': '686ceec115f1bb5c86a2eda7', 'trello_list_id': '677fddba997697a04140e50f', 'trello_url': 'https://trello.com/c/fRct5MYu', 'created_at': '2026-01-29T22:14:32.101Z', 'updated_at': '2026-02-05T20:13:36.397146+00:00', 'source': 'trello_import', 'notes': '\n---\n\U0001f517 ID CreditoIMO: 8ff38638-0d4f-4070-b839-e85f9e5ba78e', 'labels': [], 'idade_menos_35': False, 'prioridade': False, 'docs_preparados': False, 'ch_aprovado': False, 'due_date': None, 'due_complete': False, 'trello_members': ['Pedro Borges', 'flavio da slva', 'Carina Amuedo', 'Est\xe1cio Miranda', 'Fernando Andrade', 'Tiago Borges'], 'trello_member_ids': ['677fda465350a2750434eb57', '677eaaf8803daac4eccb427a', '695ba944ddc8963044b21735', '6945d81d1ea78c8a01063b31', '694edf774a1af23b88de37eb', '677ff4792020f37416f4a286', '686cdf233ffbef2763609334'], 'personal_data': {'morada_fiscal': '', 'data_nascimento': ''}, 'financial_data': {'rendimento_mensal': '', 'valor_pretendido': ''}, 'real_estate_data': {'morada_imovel': '', 'valor_aquisicao': ''}, 'credit_data': {}, 'assigned_consultor_id': 'a3d68648-8ab7-41f1-8c1b-a3bbb34de25c', 'assigned_mediador_id': '9e188744-d08e-49ac-9c65-473e884f4195', 'consultor_name': 'Pedro Borges', 'mediador_name': 'Carina Amuedo', 'is_assigned_to_me': False, 'my_role_in_process': None}, {'id': 'f3bcc5ae-d191-44e0-8ea2-f2d7d9a823b2', 'process_number': 4, 'client_name': 'Ricardo Pereira', 'client_email': '', 'client_phone': '', 'client_nif': '', 'status': 'clientes_espera', 'trello_card_id': '6780554eb5a9807c20ab90a7', 'trello_list_id': '677fddba997697a04140e50f', 'trello_url': 'https://trello.com/c/DVEgdISi', 'created_at': '2026-01-29T22:14:32.447Z', 'updated_at': '2026-02-08T18:14:34.459230+00:00', 'source': 'trello_import', 'notes': '\u2b50 Eleg\xedvel Apoio ao Estado (&lt;35 anos)\n\n---\n\U0001f517 ID CreditoIMO: 988818e9-bd9a-4c66-931e-b3fd6b6e8cee', 'labels': ['Prioridade', 'Menos de 35 anos', 'Documentos Preparados'], 'idade_menos_35': True, 'prioridade': True, 'docs_preparados': True, 'ch_aprovado': False, 'due_date': None, 'due_complete': False, 'trello_members': [], 'trello_member_ids': [], 'personal_data': {'morada_fiscal': '', 'data_nascimento': '1988-01-23', 'nome_completo': 'Fidelidade', 'nif': '502616695', 'documento_id': '4324100', 'naturalidade': 'null', 'nacionalidade': 'PORTUGAL', 'sexo': 'M', 'nome_pai': 'Jos\xe9 Fernandes Segura Nogueira', 'nome_mae': 'Hortense da Luz da Concei\xe7\xe3o Afonso Pires da Lama Nogueira', 'morada': 'QUINTA DA MARQUESA 2954-024 QUINTA DO ANJO', 'codigo_postal': '1170-386'}, 'financial_data': {'rendimento_mensal': 'novembro 2025', 'valor_pretendido': '', 'categoria_profissional': 'Operador Fabril I', 'rendimento_liquido': '1901.93'}, 'real_estate_data': {'morada_imovel': '', 'valor_aquisicao': ''}, 'credit_data': {}, 'consultor_name': '', 'mediador_name': '', 'is_assigned_to_me': False, 'my_role_in_process': None}, {'id': '87ba3a6b-8499-4a5c-9ca6-52af8d52791c', 'process_number': 5, 'client_name': 'Helena( Shandy)', 'client_email': '', 'client_phone': '', 'client_nif': '', 'status': 'clientes_espera', 'trello_card_id': '686cf941f9c25459366899dc', 'trello_list_id': '677fddba997697a04140e50f', 'trello_url': 'https://trello.com/c/LvfYRYjM', 'created_at': '2026-01-29T22:14:32.758Z', 'updated_at': '2026-02-05T20:13:37.145474+00:00', 'source': 'trello_import', 'notes': '\n---\n\U0001f517 ID CreditoIMO: a241d99d-adae-40c9-8905-7f731d083116', 'labels': ['Silvino Lopes'], 'idade_menos_35': False, 'prioridade': False, 'docs_preparados': False, 'ch_aprovado': False, 'due_date': None, 'due_complete': False, 'trello_members': ['Pedro Borges'], 'trello_member_ids': ['677fda465350a2750434eb57'], 'personal_data': {'morada_fiscal': '', 'data_nascimento': ''}, 'financial_data': {'rendimento_mensal': '', 'valor_pretendido': ''}, 'real_estate_data': {'morada_imovel': '', 'valor_aquisicao': ''}, 'credit_data': {}, 'assigned_consultor_id': 'a3d68648-8ab7-41f1-8c1b-a3bbb34de25c', 'consultor_name': 'Pedro Borges', 'mediador_name': '', 'is_assigned_to_me': False, 'my_role_in_process': None}, {'id': '91afe3b9-b9fd-4f20-8497-06863e17fa78', 'process_number': 6, 'client_name': 'Maikel (Zinaida)', 'client_email': '', 'client_phone': '', 'client_nif': '', 'status': 'clientes_espera', 'trello_card_id': '677fddba997697a04140e57b', 'trello_list_id': '677fddba997697a04140e50f', 'trello_url': 'https://trello.com/c/ZMWwCwR2', 'created_at': '2026-01-29T22:14:33.044Z', 'updated_at': '2026-02-04T13:54:01.091771+00:00', 'source': 'trello_import', 'notes': '\u2b50 Eleg\xedvel Apoio ao Estado (&lt;35 anos)\n\n---\n\U0001f517 ID CreditoIMO: 4be49fa3-4844-49e8-81b8-ae52ded99837', 'labels': ['Menos de 35 anos', 'Prioridade'], 'idade_menos_35': True, 'prioridade': True, 'docs_preparados': False, 'ch_aprovado': False, 'due_date': None, 'due_complete': False, 'trello_members': [], 'trello_member_ids': [], 'personal_data': {'morada_fiscal': '', 'data_nascimento': ''}, 'financial_data': {'rendimento_mensal': '', 'valor_pretendido': ''}, 'real_estate_data': {'morada_imovel': '', 'valor_aquisicao': ''}, 'credit_data': {}, 'consultor_name': '', 'mediador_name': '', 'is_assigned_to_me': False, 'my_role_in_process': None}, {'id': 'bbf8170c-2457-4118-b51a-1971405b7ca7', 'process_number': 7, 'client_name': 'Luis Antunes ( cliente C\xe9lio)', 'client_email': '', 'client_phone': '', 'client_nif': '', 'status': 'clientes_espera', 'trello_card_id': '6780578ed49ecdb27957e1e8', 'trello_list_id': '677fddba997697a04140e50f', 'trello_url': 'https://trello.com/c/w20kpUXJ', 'created_at': '2026-01-29T22:14:33.383Z', 'updated_at': '2026-02-04T13:54:01.245719+00:00', 'source': 'trello_import', 'notes': '\n---\n\U0001f517 ID CreditoIMO: 3c730e53-04c8-4dd9-a276-2d9f21f64b7a', 'labels': [], 'idade_menos_35': False, 'prioridade': False, 'docs_preparados': False, 'ch_aprovado': False, 'due_date': None, 'due_complete': False, 'trello_members': [], 'trello_member_ids': [], 'personal_data': {'morada_fiscal': '', 'data_nascimento': ''}, 'financial_data': {'rendimento_mensal': '', 'valor_pretendido': ''}, 'real_estate_data': {'morada_imovel': '', 'valor_aquisicao': ''}, 'credit_data': {}, 'consultor_name': '', 'mediador_name': '', 'is_assigned_to_me': False, 'my_role_in_process': None}, {'id': '9c504aae-472b-42fe-8a96-0f588eb5ed88', 'process_number': 8, 'client_name': 'V\xe2nio Rocha', 'client_email': '', 'client_phone': '', 'client_nif': '', 'status': 'clientes_espera', 'trello_card_id': '67805880a2dd2f7921aae386', 'trello_list_id': '677fddba997697a04140e50f', 'trello_url': 'https://trello.com/c/mo6hfFlQ', 'created_at': '2026-01-29T22:14:33.649Z', 'updated_at': '2026-02-05T20:13:38.043601+00:00', 'source': 'trello_import', 'notes': '\n---\n\U0001f517 ID CreditoIMO: ff5ad54d-5697-44ef-b331-8abbe08a1b5d', 'labels': [], 'idade_menos_35': False, 'prioridade': False, 'docs_preparados': False, 'ch_aprovado': False, 'due_date': None, 'due_complete': False, 'trello_members': ['flavio da slva'], 'trello_member_ids': ['677eaaf8803daac4eccb427a'], 'personal_data': {'morada_fiscal': '', 'data_nascimento': ''}, 'financial_data': {'rendimento_mensal': '', 'valor_pretendido': ''}, 'real_estate_data': {'morada_imovel': '', 'valor_aquisicao': ''}, 'credit_data': {}, 'assigned_consultor_id': '858d4d2f-e520-4c31-a852-0a638f081c5a', 'consultor_name': 'Fl\xe1vio da Silva', 'mediador_name': '', 'is_assigned_to_me': False, 'my_role_in_process': None}, {'id': '9f573b70-538f-4c4b-87e7-71bfa12e1e8a', 'process_number': 9, 'client_name': 'Ana Seidi', 'client_email': '', 'client_phone': '', 'client_nif': '', 'status': 'clientes_espera', 'trello_card_id': '678056dfaff8cfbec1fa52e8', 'trello_list_id': '677fddba997697a04140e50f', 'trello_url': 'https://trello.com/c/XwnH8OUs', 'created_at': '2026-01-29T22:14:33.959Z', 'updated_at': '2026-02-05T20:13:38.643189+00:00', 'source': 'trello_import', 'notes': '\n---\n\U0001f517 ID CreditoIMO: 82418546-3327-4128-b1fe-74a7043ae567', 'labels': [], 'idade_menos_35': False, 'prioridade': False, 'docs_preparados': False, 'ch_aprovado': False, 'due_date': None, 'due_complete': False, 'trello_members': ['flavio da slva'], 'trello_member_ids': ['677eaaf8803daac4eccb427a'], 'personal_data': {'morada_fiscal': '', 'data_nascimento': ''}, 'financial_data': {'rendimento_mensal': '', 'valor_pretendido': ''}, 'real_estate_data': {'morada_imovel': '', 'valor_aquisicao': ''}, 'credit_data': {}, 'assigned_consultor_id': '858d4d2f-e520-4c31-a852-0a638f081c5a', 'consultor_name': 'Fl\xe1vio da Silva', 'mediador_name': '', 'is_assigned_to_me': False, 'my_role_in_process': None}, {'id': '7bed7e73-7542-45ff-ad5b-cd8387742b30', 'process_number': 10, 'client_name': 'Marcio Sousa', 'client_email': '', 'client_phone': '', 'client_nif': '', 'status': 'clientes_espera', 'trello_card_id': '678056e7b44761d12bc655dc', 'trello_list_id': '677fddba997697a04140e50f', 'trello_url': 'https://trello.com/c/fOxfDEcB', 'created_at': '2026-01-29T22:14:34.225Z', 'updated_at': '2026-02-05T20:13:39.243687+00:00', 'source': 'trello_import', 'notes': '\n---\n\U0001f517 ID CreditoIMO: ebeb1562-d94f-42c9-9c73-1d908ce96d1d', 'labels': [], 'idade_menos_35': False, 'prioridade': False, 'docs_preparados': False, 'ch_aprovado': False, 'due_date': None, 'due_complete': False, 'trello_members': ['Pedro Borges'], 'trello_member_ids': ['677fda465350a2750434eb57'], 'personal_data': {'morada_fiscal': '', 'data_nascimento': ''}, 'financial_data': {'rendimento_mensal': '', 'valor_pretendido': ''}, 'real_estate_data': {'morada_imovel': '', 'valor_aquisicao': ''}, 'credit_data': {}, 'assigned_consultor_id': 'a3d68648-8ab7-41f1-8c1b-a3bbb34de25c', 'consultor_name': 'Pedro Borges', 'mediador_name': '', 'is_assigned_to_me': False, 'my_role_in_process': None}, {'id': 'e44180a0-a905-4a09-9ea1-5843b1a56881', 'process_number': 11, 'client_name': 'Franzelina Sanches', 'client_email': '', 'client_phone': '', 'client_nif': '', 'status': 'clientes_espera', 'trello_card_id': '67805784ceed853203aaac30', 'trello_list_id': '677fddba997697a04140e50f', 'trello_url': 'https://trello.com/c/bjqEcnBT', 'created_at': '2026-01-29T22:14:34.481Z', 'updated_at': '2026-02-04T13:54:01.863712+00:00', 'source': 'trello_import', 'notes': '\n---\n\U0001f517 ID CreditoIMO: a138802f-1a5f-40b1-b505-7e6aae6a92d0', 'labels': [], 'idade_menos_35': False, 'prioridade': False, 'docs_preparados': False, 'ch_aprovado': False, 'due_date': None, 'due_complete': False, 'trello_members': [], 'trello_member_ids': [], 'personal_data': {'morada_fiscal': '', 'data_nascimento': ''}, 'financial_data': {'rendimento_mensal': '', 'valor_pretendido': ''}, 'real_estate_data': {'morada_imovel': '', 'valor_aquisicao': ''}, 'credit_data': {}, 'consultor_name': '', 'mediador_name': '', 'is_assigned_to_me': False, 'my_role_in_process': None}, {'id': '0dcd5531-fbfb-46cc-87fe-2ea7dc76dbdb', 'process_number': 12, 'client_name': 'Leniza Tavares', 'client_email': '', 'client_phone': '', 'client_nif': '', 'status': 'clientes_espera', 'trello_card_id': '67996819e0c4a70a29ce1645', 'trello_list_id': '677fddba997697a04140e50f', 'trello_url': 'https://trello.com/c/PhHxSQEt', 'created_at': '2026-01-29T22:14:34.761Z', 'updated_at': '2026-02-04T13:54:02.017735+00:00', 'source': 'trello_import', 'notes': '\n---\n\U0001f517 ID CreditoIMO: 548fb57e-24cd-496d-bd71-7406cac77aea', 'labels': [], 'idade_menos_35': False, 'prioridade': False, 'docs_preparados': False, 'ch_aprovado': False, 'due_date': None, 'due_complete': False, 'trello_members': [], 'trello_member_ids': [], 'personal_data': {'morada_fiscal': '', 'data_nascimento': ''}, 'financial_data': {'rendimento_mensal': '', 'valor_pretendido': ''}, 'real_estate_data': {'morada_imovel': '', 'valor_aquisicao': ''}, 'credit_data': {}, 'consultor_name': '', 'mediador_name': '', 'is_assigned_to_me': False, 'my_role_in_process': None}, {'id': '5b6ab6ec-cb2e-4e94-a8f1-9890afe72af3', 'process_number': 13, 'client_name': 'Mixelina Cardoso ', 'client_email': '', 'client_phone': '', 'client_nif': '', 'status': 'clientes_espera', 'trello_card_id': '67805650bef17fa5d4904879', 'trello_list_id': '677fddba997697a04140e50f', 'trello_url': 'https://trello.com/c/4y3QLZoy', 'created_at': '2026-01-29T22:14:35.031Z', 'updated_at': '2026-02-04T13:54:02.171696+00:00', 'source': 'trello_import', 'notes': '\n---\n\U0001f517 ID CreditoIMO: 3812758b-783a-424b-a670-179c75f2e2d2', 'labels': [], 'idade_menos_35': False, 'prioridade': False, 'docs_preparados': False, 'ch_aprovado': False, 'due_date': None, 'due_complete': False, 'trello_members': [], 'trello_member_ids': [], 'personal_data': {'morada_fiscal': '', 'data_nascimento': ''}, 'financial_data': {'rendimento_mensal': '', 'valor_pretendido': ''}, 'real_estate_data': {'morada_imovel': '', 'valor_aquisicao': ''}, 'credit_data': {}, 'consultor_name': '', 'mediador_name': '', 'is_assigned_to_me': False, 'my_role_in_process': None}, {'id': '8b656c4a-f8f7-40de-a9b0-3db3863fabcf', 'process_number': 14, 'client_name': 'Juscar Mendes', 'client_email': '', 'client_phone': '', 'client_nif': '', 'status': 'clientes_espera', 'trello_card_id': '686f8ffcee80f15df8250207', 'trello_list_id': '677fddba997697a04140e50f', 'trello_url': 'https://trello.com/c/vNXrTreO', 'created_at': '2026-01-29T22:14:35.347Z', 'updated_at': '2026-02-04T13:54:02.325510+00:00', 'source': 'trello_import', 'notes': '\n---\n\U0001f517 ID CreditoIMO: ec8a691c-0839-4543-bb2f-b3ce639b006e', 'labels': [], 'idade_menos_35': False, 'prioridade': False, 'docs_preparados': False, 'ch_aprovado': False, 'due_date': None, 'due_complete': False, 'trello_members': [], 'trello_member_ids': [], 'personal_data': {'morada_fiscal': '', 'data_nascimento': ''}, 'financial_data': {'rendimento_mensal': '', 'valor_pretendido': ''}, 'real_estate_data': {'morada_imovel': '', 'valor_aquisicao': ''}, 'credit_data': {}, 'consultor_name': '', 'mediador_name': '', 'is_assigned_to_me': False, 'my_role_in_process': None}, {'id': '572341b4-8c42-4d74-9c1b-66dcddb5361e', 'process_number': 25, 'client_name': 'Beatriz Vilhena', 'client_email': '', 'client_phone': '', 'client_nif': '', 'status': 'clientes_espera', 'trello_card_id': '67805b379ab6f95a2d2a0984', 'trello_list_id': '677fddba997697a04140e50f', 'trello_url': 'https://trello.com/c/TSxdv0g8', 'created_at': '2026-01-29T22:14:38.636Z', 'updated_at': '2026-02-04T13:54:07.416492+00:00', 'source': 'trello_import', 'notes': '\n---\n\U0001f517 ID CreditoIMO: 5159ff72-a97d-4cf0-9ff1-63df4ea1acec', 'labels': ['Documentos Preparados'], 'idade_menos_35': False, 'prioridade': False, 'docs_preparados': True, 'ch_aprovado': False, 'due_date': None, 'due_complete': False, 'trello_members': [], 'trello_member_ids': [], 'personal_data': {'morada_fiscal': '', 'data_nascimento': ''}, 'financial_data': {'rendimento_mensal': '', 'valor_pretendido': ''}, 'real_estate_data': {'morada_imovel': '', 'valor_aquisicao': ''}, 'credit_data': {}, 'consultor_name': '', 'mediador_name': '', 'is_assigned_to_me': False, 'my_role_in_process': None}, {'id': 'a5609763-8f8f-4759-96c0-51e0a83be91f', 'process_number': 26, 'client_name': 'Wesley Naihara', 'client_email': '', 'client_phone': '', 'client_nif': '', 'status': 'clientes_espera', 'trello_card_id': '686cf5f853e651250cc2d29b', 'trello_list_id': '677fddba997697a04140e50f', 'trello_url': 'https://trello.com/c/xuJ5DsUX', 'created_at': '2026-01-30T01:00:58.495Z', 'updated_at': '2026-02-05T20:13:46.590215+00:00', 'source': 'trello_import', 'notes': '\U0001f4cd Morada: Rua de Teste 123, Lisboa\n\n---\n\U0001f517 ID CreditoIMO: 6c0286bb-5142-47f7-a6f6-05e2a1b64172', 'labels': [], 'idade_menos_35': False, 'prioridade': False, 'docs_preparados': False, 'ch_aprovado': False, 'due_date': None, 'due_complete': False, 'trello_members': ['flavio da slva'], 'trello_member_ids': ['677eaaf8803daac4eccb427a', '686cdf233ffbef2763609334'], 'personal_data': {'morada_fiscal': 'Rua de Teste 123, Lisboa', 'data_nascimento': ''}, 'financial_data': {'rendimento_mensal': '', 'valor_pretendido': ''}, 'real_estate_data': {'morada_imovel': '', 'valor_aquisicao': ''}, 'credit_data': {}, 'assigned_consultor_id': '858d4d2f-e520-4c31-a852-0a638f081c5a', 'consultor_name': 'Fl\xe1vio da Silva', 'mediador_name': '', 'is_assigned_to_me': False, 'my_role_in_process': None}, {'id': 'f649d17e-d7e7-4f65-8da0-a668a1997dc5', 'process_number': 27, 'client_name': 'Fl\xe1vio', 'client_email': '', 'client_phone': '', 'client_nif': '', 'status': 'clientes_espera', 'trello_card_id': '68e77fe010f0a61d872f038e', 'trello_list_id': '677fddba997697a04140e50f', 'trello_url': 'https://trello.com/c/R45bvUo9', 'created_at': '2026-01-29T23:23:07.824Z', 'updated_at': '2026-02-05T20:13:47.190049+00:00', 'source': 'trello_import', 'notes': '', 'labels': [], 'idade_menos_35': False, 'prioridade': False, 'docs_preparados': False, 'ch_aprovado': False, 'due_date': None, 'due_complete': False, 'trello_members': ['flavio da slva', 'Pedro Borges'], 'trello_member_ids': ['677eaaf8803daac4eccb427a', '677fda465350a2750434eb57'], 'personal_data': {'morada_fiscal': '', 'data_nascimento': ''}, 'financial_data': {'rendimento_mensal': '', 'valor_pretendido': ''}, 'real_estate_data': {'morada_imovel': '', 'valor_aquisicao': ''}, 'credit_data': {}, 'assigned_consultor_id': 'a3d68648-8ab7-41f1-8c1b-a3bbb34de25c', 'consultor_name': 'Pedro Borges', 'mediador_name': '', 'is_assigned_to_me': False, 'my_role_in_process': None}, {'id': '9b6ca2ea-097c-45d3-8fcb-f0a90bf0b4d9', 'process_number': 28, 'client_name': 'Isaias e Nat\xe1lia ( cliente Cl\xe9nio )', 'client_email': '', 'client_phone': '', 'client_nif': '', 'status': 'clientes_espera', 'trello_card_id': '67a0ebbb58b16a178b58e02f', 'trello_list_id': '677fddba997697a04140e50f', 'trello_url': 'https://trello.com/c/91UoFOU4', 'created_at': '2026-01-29T22:14:39.297Z', 'updated_at': '2026-02-05T20:13:47.789979+00:00', 'source': 'trello_import', 'notes': '\n---\n\U0001f517 ID CreditoIMO: 33507ede-fc5d-4444-9eb8-ca4957c71c9e', 'labels': [], 'idade_menos_35': False, 'prioridade': False, 'docs_preparados': False, 'ch_aprovado': False, 'due_date': None, 'due_complete': False, 'trello_members': ['flavio da slva', 'Pedro Borges'], 'trello_member_ids': ['677eaaf8803daac4eccb427a', '677fda465350a2750434eb57'], 'personal_data': {'morada_fiscal': '', 'data_nascimento': ''}, 'financial_data': {'rendimento_mensal': '', 'valor_pretendido': ''}, 'real_estate_data': {'morada_imovel': '', 'valor_aquisicao': ''}, 'credit_data': {}, 'assigned_consultor_id': 'a3d68648-8ab7-41f1-8c1b-a3bbb34de25c', 'consultor_name': 'Pedro Borges', 'mediador_name': '', 'is_assigned_to_me': False, 'my_role_in_process': None}, {'id': 'c827c59a-e8b3-4f52-89a6-4d44124bd76d', 'process_number': 29, 'client_name': 'Gerson Tavares', 'client_email': '', 'client_phone': '', 'client_nif': '', 'status': 'clientes_espera', 'trello_card_id': '689204b84145a0644041b51f', 'trello_list_id': '677fddba997697a04140e50f', 'trello_url': 'https://trello.com/c/306Lpm6k', 'created_at': '2026-01-29T22:14:39.578Z', 'updated_at': '2026-02-05T20:13:48.389383+00:00', 'source': 'trello_import', 'notes': '\n---\n\U0001f517 ID CreditoIMO: 6fe3264f-f341-478b-a90f-e082a42df2f3', 'labels': [], 'idade_menos_35': False, 'prioridade': False, 'docs_preparados': False, 'ch_aprovado': False, 'due_date': None, 'due_complete': False, 'trello_members': ['flavio da slva', 'Pedro Borges'], 'trello_member_ids': ['677eaaf8803daac4eccb427a', '677fda465350a2750434eb57'], 'personal_data': {'morada_fiscal': '', 'data_nascimento': ''}, 'financial_data': {'rendimento_mensal': '', 'valor_pretendido': ''}, 'real_estate_data': {'morada_imovel': '', 'valor_aquisicao': ''}, 'credit_data': {}, 'assigned_consultor_id': 'a3d68648-8ab7-41f1-8c1b-a3bbb34de25c', 'consultor_name': 'Pedro Borges', 'mediador_name': '', 'is_assigned_to_me': False, 'my_role_in_process': None}, {'id': '05acce8b-8cd5-4044-8158-dfa03a70c10b', 'process_number': 30, 'client_name': 'Denis Igor', 'client_email': '', 'client_phone': '', 'client_nif': '', 'status': 'clientes_espera', 'trello_card_id': '686cf375982198e210024fbd', 'trello_list_id': '677fddba997697a04140e50f', 'trello_url': 'https://trello.com/c/UuUTxSYE', 'created_at': '2026-01-29T22:14:39.837Z', 'updated_at': '2026-02-04T13:54:09.421009+00:00', 'source': 'trello_import', 'notes': '\n---\n\U0001f517 ID CreditoIMO: 23d0d464-3735-4998-9a97-0e90a88ac01f', 'labels': [], 'idade_menos_35': False, 'prioridade': False, 'docs_preparados': False, 'ch_aprovado': False, 'due_date': None, 'due_complete': False, 'trello_members': [], 'trello_member_ids': [], 'personal_data': {'morada_fiscal': '', 'data_nascimento': ''}, 'financial_data': {'rendimento_mensal': '', 'valor_pretendido': ''}, 'real_estate_data': {'morada_imovel': '', 'valor_aquisicao': ''}, 'credit_data': {}, 'consultor_name': '', 'mediador_name': '', 'is_assigned_to_me': False, 'my_role_in_process': None}, {'id': '448b902b-3a96-4f56-8e35-647cb705379e', 'client_id': None, 'client_name': 'Teste LoadTest zodxeqqp', 'client_email': 'loadtest_zodxeqqp@example.com', 'client_phone': '925344182', 'process_type': 'credito_pessoal', 'status': 'clientes_espera', 'personal_data': {}, 'titular2_data': None, 'financial_data': None, 'real_estate_data': {}, 'credit_data': None, 'assigned_consultor_id': None, 'assigned_mediador_id': None, 'consultor_id': None, 'consultor_name': '', 'intermediario_id': None, 'mediador_id': None, 'mediador_name': '', 'source': 'public_form', 'has_property': False, 'idade_menos_35': False, 'documents': [], 'notes': None, 'created_at': '2026-02-10T10:05:24.596631+00:00', 'updated_at': '2026-02-10T10:05:24.596631+00:00', 'is_assigned_to_me': False, 'my_role_in_process': None}, {'id': '8c51e102-fd2c-4ab0-9ebc-098bcac1da31', 'client_id': None, 'client_name': 'Teste LoadTest gclzhoel', 'client_email': 'loadtest_gclzhoel@example.com', 'client_phone': '943310049', 'process_type': 'transferencia_de_credito', 'status': 'clientes_espera', 'personal_data': {}, 'titular2_data': None, 'financial_data': None, 'real_estate_data': {}, 'credit_data': None, 'assigned_consultor_id': None, 'assigned_mediador_id': None, 'consultor_id': None, 'consultor_name': '', 'intermediario_id': None, 'mediador_id': None, 'mediador_name': '', 'source': 'public_form', 'has_property': False, 'idade_menos_35': False, 'documents': [], 'notes': None, 'created_at': '2026-02-10T10:05:26.461718+00:00', 'updated_at': '2026-02-10T10:05:26.461718+00:00', 'is_assigned_to_me': False, 'my_role_in_process': None}, {'id': '5543acc2-297b-4284-bf6a-5fc9c48646ba', 'client_id': None, 'client_name': 'Teste LoadTest ypqmocvc', 'client_email': 'loadtest_ypqmocvc@example.com', 'client_phone': '984460568', 'process_type': 'credito_pessoal', 'status': 'clientes_espera', 'personal_data': {}, 'titular2_data': None, 'financial_data': None, 'real_estate_data': {}, 'credit_data': None, 'assigned_consultor_id': None, 'assigned_mediador_id': None, 'consultor_id': None, 'consultor_name': '', 'intermediario_id': None, 'mediador_id': None, 'mediador_name': '', 'source': 'public_form', 'has_property': False, 'idade_menos_35': False, 'documents': [], 'notes': None, 'created_at': '2026-02-10T10:05:27.613681+00:00', 'updated_at': '2026-02-10T10:05:27.613681+00:00', 'is_assigned_to_me': False, 'my_role_in_process': None}, {'id': 'df138c1e-e124-486b-a3fe-bcdebb377688', 'client_id': None, 'client_name': 'Teste LoadTest uujjaqmr', 'client_email': 'loadtest_uujjaqmr@example.com', 'client_phone': '995911267', 'process_type': 'compra_de_habitacao', 'status': 'clientes_espera', 'personal_data': {}, 'titular2_data': None, 'financial_data': None, 'real_estate_data': {}, 'credit_data': None, 'assigned_consultor_id': None, 'assigned_mediador_id': None, 'consultor_id': None, 'consultor_name': '', 'intermediario_id': None, 'mediador_id': None, 'mediador_name': '', 'source': 'public_form', 'has_property': False, 'idade_menos_35': False, 'documents': [], 'notes': None, 'created_at': '2026-02-10T10:05:34.950499+00:00', 'updated_at': '2026-02-10T10:05:34.950499+00:00', 'is_assigned_to_me': False, 'my_role_in_process': None}], 'count': 24}, {'id': '4b9e5187-2078-4c36-b49e-cc92d5a6fdbf', 'name': 'fase_documental', 'label': 'Fase Documental', 'color': 'blue', 'order': 2, 'processes': [{'id': '73af480b-b405-4f99-9a6a-86a62df4edf8', 'process_number': 15, 'client_name': 'Euridice Sousa', 'client_email': '', 'client_phone': '', 'client_nif': '', 'status': 'fase_documental', 'trello_card_id': '678055e01cda1c2968b69648', 'trello_list_id': '677fddba997697a04140e50e', 'trello_url': 'https://trello.com/c/9eJ8JXFr', 'created_at': '2026-01-29T22:14:35.883Z', 'updated_at': '2026-02-05T20:13:40.440000+00:00', 'source': 'trello_import', 'notes': '\n---\n\U0001f517 ID CreditoIMO: a2cbbf8d-ebd5-41f5-a616-39569790cc22', 'labels': ['Silvino Lopes'], 'idade_menos_35': False, 'prioridade': False, 'docs_preparados': False, 'ch_aprovado': False, 'due_date': None, 'due_complete': False, 'trello_members': ['Pedro Borges', 'flavio da slva'], 'trello_member_ids': ['677fda465350a2750434eb57', '677eaaf8803daac4eccb427a'], 'personal_data': {'morada_fiscal': '', 'data_nascimento': ''}, 'financial_data': {'rendimento_mensal': '', 'valor_pretendido': ''}, 'real_estate_data': {'morada_imovel': '', 'valor_aquisicao': ''}, 'credit_data': {}, 'assigned_consultor_id': 'a3d68648-8ab7-41f1-8c1b-a3bbb34de25c', 'consultor_name': 'Pedro Borges', 'mediador_name': '', 'is_assigned_to_me': False, 'my_role_in_process': None}, {'id': 'cbe4c08c-a570-45f5-8528-27009c93032e', 'process_number': 16, 'client_name': 'Carla e Hugo', 'client_email': '', 'client_phone': '', 'client_nif': '', 'status': 'fase_documental', 'trello_card_id': '686cf2998db73cdc8c5d2a88', 'trello_list_id': '677fddba997697a04140e50e', 'trello_url': 'https://trello.com/c/TRRfnzUD', 'created_at': '2026-01-29T22:14:36.116Z', 'updated_at': '2026-02-05T20:13:41.040984+00:00', 'source': 'trello_import', 'notes': '\n---\n\U0001f517 ID CreditoIMO: e2aff1ea-e050-4af2-af04-ff4ca409de9d', 'labels': [], 'idade_menos_35': False, 'prioridade': False, 'docs_preparados': False, 'ch_aprovado': False, 'due_date': None, 'due_complete': False, 'trello_members': ['Pedro Borges'], 'trello_member_ids': ['677fda465350a2750434eb57'], 'personal_data': {'morada_fiscal': '', 'data_nascimento': ''}, 'financial_data': {'rendimento_mensal': '', 'valor_pretendido': ''}, 'real_estate_data': {'morada_imovel': '', 'valor_aquisicao': ''}, 'credit_data': {}, 'assigned_consultor_id': 'a3d68648-8ab7-41f1-8c1b-a3bbb34de25c', 'consultor_name': 'Pedro Borges', 'mediador_name': '', 'is_assigned_to_me': False, 'my_role_in_process': None}, {'id': '5a49e7ba-5ba1-42a4-bf4c-5cda5ff818a3', 'process_number': 17, 'client_name': 'Luana  ', 'client_email': '', 'client_phone': '', 'client_nif': '', 'status': 'fase_documental', 'trello_card_id': '686cf2c4a2505960955504a3', 'trello_list_id': '677fddba997697a04140e50e', 'trello_url': 'https://trello.com/c/hxOsRCWa', 'created_at': '2026-01-29T22:14:36.404Z', 'updated_at': '2026-02-05T20:13:41.641407+00:00', 'source': 'trello_import', 'notes': '\n---\n\U0001f517 ID CreditoIMO: 7fbb3bcb-236f-4c4e-83a9-1309699f20ad', 'labels': [], 'idade_menos_35': False, 'prioridade': False, 'docs_preparados': False, 'ch_aprovado': False, 'due_date': None, 'due_complete': False, 'trello_members': ['Pedro Borges'], 'trello_member_ids': ['677fda465350a2750434eb57'], 'personal_data': {'morada_fiscal': '', 'data_nascimento': ''}, 'financial_data': {'rendimento_mensal': '', 'valor_pretendido': ''}, 'real_estate_data': {'morada_imovel': '', 'valor_aquisicao': ''}, 'credit_data': {}, 'assigned_consultor_id': 'a3d68648-8ab7-41f1-8c1b-a3bbb34de25c', 'consultor_name': 'Pedro Borges', 'mediador_name': '', 'is_assigned_to_me': False, 'my_role_in_process': None}, {'id': '589383ac-188c-4e9e-a1cb-e9cf4e209533', 'process_number': 18, 'client_name': '\xc9rica', 'client_email': '', 'client_phone': '', 'client_nif': '', 'status': 'fase_documental', 'trello_card_id': '686cf2ce48a4888033c3cacb', 'trello_list_id': '677fddba997697a04140e50e', 'trello_url': 'https://trello.com/c/EB5MZ5VN', 'created_at': '2026-01-29T22:14:36.717Z', 'updated_at': '2026-02-05T20:13:42.241201+00:00', 'source': 'trello_import', 'notes': '\n---\n\U0001f517 ID CreditoIMO: 23e00975-0774-49ac-8cd7-d8506a02b917', 'labels': [], 'idade_menos_35': False, 'prioridade': False, 'docs_preparados': False, 'ch_aprovado': False, 'due_date': None, 'due_complete': False, 'trello_members': ['Pedro Borges'], 'trello_member_ids': ['677fda465350a2750434eb57'], 'personal_data': {'morada_fiscal': '', 'data_nascimento': ''}, 'financial_data': {'rendimento_mensal': '', 'valor_pretendido': ''}, 'real_estate_data': {'morada_imovel': '', 'valor_aquisicao': ''}, 'credit_data': {}, 'assigned_consultor_id': 'a3d68648-8ab7-41f1-8c1b-a3bbb34de25c', 'consultor_name': 'Pedro Borges', 'mediador_name': '', 'is_assigned_to_me': False, 'my_role_in_process': None}, {'id': '21c1eb22-1ba1-4541-880e-c4a62f9fa075', 'process_number': 19, 'client_name': 'Daniel', 'client_email': '', 'client_phone': '', 'client_nif': '', 'status': 'fase_documental', 'trello_card_id': '686cf2e69cabc25698a37369', 'trello_list_id': '677fddba997697a04140e50e', 'trello_url': 'https://trello.com/c/4qdAE2Xh', 'created_at': '2026-01-29T22:14:36.991Z', 'updated_at': '2026-02-05T20:13:42.841141+00:00', 'source': 'trello_import', 'notes': '\n---\n\U0001f517 ID CreditoIMO: aca2004d-dd0a-4a74-bfa4-329d36519e95', 'labels': [], 'idade_menos_35': False, 'prioridade': False, 'docs_preparados': False, 'ch_aprovado': False, 'due_date': None, 'due_complete': False, 'trello_members': ['Pedro Borges'], 'trello_member_ids': ['677fda465350a2750434eb57'], 'personal_data': {'morada_fiscal': '', 'data_nascimento': ''}, 'financial_data': {'rendimento_mensal': '', 'valor_pretendido': ''}, 'real_estate_data': {'morada_imovel': '', 'valor_aquisicao': ''}, 'credit_data': {}, 'assigned_consultor_id': 'a3d68648-8ab7-41f1-8c1b-a3bbb34de25c', 'consultor_name': 'Pedro Borges', 'mediador_name': '', 'is_assigned_to_me': False, 'my_role_in_process': None}, {'id': '8acfbc88-f192-46fd-af77-046cd94db7ba', 'process_number': 20, 'client_name': 'Cla\xfadia Batista (Edson)', 'client_email': '', 'client_phone': '', 'client_nif': '', 'status': 'fase_documental', 'trello_card_id': '67805762d49ecdb279573834', 'trello_list_id': '677fddba997697a04140e50e', 'trello_url': 'https://trello.com/c/TjYE7WI5', 'created_at': '2026-01-29T22:14:37.240Z', 'updated_at': '2026-02-09T00:11:43.989565+00:00', 'source': 'trello_import', 'notes': '\n---\n\U0001f517 ID CreditoIMO: 5b9e0bef-c570-4e38-894b-217122753d21', 'labels': ['Milton UK'], 'idade_menos_35': False, 'prioridade': False, 'docs_preparados': False, 'ch_aprovado': False, 'due_date': None, 'due_complete': False, 'trello_members': ['flavio da slva', 'Pedro Borges'], 'trello_member_ids': ['677eaaf8803daac4eccb427a', '677fda465350a2750434eb57'], 'personal_data': {'morada_fiscal': '', 'data_nascimento': '1993-12-04', 'nif': '159626268', 'naturalidade': 'PRT', 'nacionalidade': 'PRT', 'documento_id': '930430425', 'data_validade_cc': '2033-08-20', 'sexo': 'F', 'nome_pai': 'AUGUSTO DOMINGOS BAPTISTA', 'nome_mae': 'EVA DA CONCEI\xc7\xc3O JOS\xc9', 'altura': '1.67'}, 'financial_data': {'rendimento_mensal': '', 'valor_pretendido': ''}, 'real_estate_data': {'morada_imovel': '', 'valor_aquisicao': ''}, 'credit_data': {}, 'assigned_consultor_id': 'a3d68648-8ab7-41f1-8c1b-a3bbb34de25c', 'consultor_name': 'Pedro Borges', 'ai_extracted_notes': '--- Dados extra\xeddos por IA (cc) em 08/02/2026 23:03 ---\n\u2022 Nome Completo: Cla\xfadia Batista\n\n--- Dados extra\xeddos por IA (cc) em 09/02/2026 00:02 ---\n\u2022 Nome Completo: CLAUDIA PATRICIA\n\n--- Dados extra\xeddos por IA (cc) em 09/02/2026 00:06 ---\n\u2022 Nome Completo: CLAUDIA PATRICIA\n\n--- Dados extra\xeddos por IA (cc) em 09/02/2026 00:11 ---\n\u2022 Nome Completo: CLAUDIA PATRICIA', 'analyzed_documents': [{'hash': 'a776f47cebec34ceb837457a75b03d42', 'document_type': 'cc', 'filename': 'CC.pdf', 'analyzed_at': '2026-02-09T00:02:09.833276+00:00', 'mes_referencia': '', 'fields_extracted': ['nome_completo', 'nif', 'numero_documento', 'data_nascimento', 'data_validade', 'naturalidade', 'nacionalidade', 'sexo', 'altura', 'pai', 'mae']}, {'hash': 'a776f47cebec34ceb837457a75b03d42', 'document_type': 'cc', 'filename': 'CC.pdf', 'analyzed_at': '2026-02-09T00:06:36.896859+00:00', 'mes_referencia': '', 'fields_extracted': ['nome_completo', 'nif', 'numero_documento', 'data_nascimento', 'data_validade', 'naturalidade', 'nacionalidade', 'sexo', 'altura', 'pai', 'mae']}, {'hash': 'a776f47cebec34ceb837457a75b03d42', 'document_type': 'cc', 'filename': 'CC.pdf', 'analyzed_at': '2026-02-09T00:11:43.758025+00:00', 'mes_referencia': '', 'fields_extracted': ['nome_completo', 'nif', 'numero_documento', 'data_nascimento', 'data_validade', 'naturalidade', 'nacionalidade', 'sexo', 'altura', 'pai', 'mae']}], 'mediador_name': '', 'is_assigned_to_me': False, 'my_role_in_process': None}, {'id': 'a1f29aa2-dcc9-4d45-acb8-f566684dc968', 'process_number': 31, 'client_name': '\xc9lson Mendes da Silva', 'client_email': '', 'client_phone': '', 'client_nif': '', 'status': 'fase_documental', 'trello_card_id': '68a71be0a532630d1aba10e6', 'trello_list_id': '677fddba997697a04140e50e', 'trello_url': 'https://trello.com/c/ZC8gSq33', 'created_at': '2026-01-29T22:14:40.116Z', 'updated_at': '2026-02-05T20:13:49.138388+00:00', 'source': 'trello_import', 'notes': '\n---\n\U0001f517 ID CreditoIMO: 40509ffd-4da1-43bc-a4ea-ff3903f23a42', 'labels': [], 'idade_menos_35': False, 'prioridade': False, 'docs_preparados': False, 'ch_aprovado': False, 'due_date': None, 'due_complete': False, 'trello_members': ['Pedro Borges'], 'trello_member_ids': ['677fda465350a2750434eb57'], 'personal_data': {'morada_fiscal': '', 'data_nascimento': ''}, 'financial_data': {'rendimento_mensal': '', 'valor_pretendido': ''}, 'real_estate_data': {'morada_imovel': '', 'valor_aquisicao': ''}, 'credit_data': {}, 'assigned_consultor_id': 'a3d68648-8ab7-41f1-8c1b-a3bbb34de25c', 'consultor_name': 'Pedro Borges', 'mediador_name': '', 'is_assigned_to_me': False, 'my_role_in_process': None}, {'id': 'aa3c4898-c30f-4b80-a706-79e6186b9f29', 'process_number': 32, 'client_name': 'Sara Menezes', 'client_email': '', 'client_phone': '', 'client_nif': '', 'status': 'fase_documental', 'trello_card_id': '690354684460bea41fe2074a', 'trello_list_id': '677fddba997697a04140e50e', 'trello_url': 'https://trello.com/c/DyHxuEeJ', 'created_at': '2026-01-29T22:14:40.385Z', 'updated_at': '2026-02-05T20:13:49.737590+00:00', 'source': 'trello_import', 'notes': '\n---\n\U0001f517 ID CreditoIMO: edcd38cd-1cb9-46a4-a321-30b06853437c', 'labels': [], 'idade_menos_35': False, 'prioridade': False, 'docs_preparados': False, 'ch_aprovado': False, 'due_date': None, 'due_complete': False, 'trello_members': ['Pedro Borges'], 'trello_member_ids': ['677fda465350a2750434eb57'], 'personal_data': {'morada_fiscal': '', 'data_nascimento': ''}, 'financial_data': {'rendimento_mensal': '', 'valor_pretendido': ''}, 'real_estate_data': {'morada_imovel': '', 'valor_aquisicao': ''}, 'credit_data': {}, 'assigned_consultor_id': 'a3d68648-8ab7-41f1-8c1b-a3bbb34de25c', 'consultor_name': 'Pedro Borges', 'mediador_name': '', 'is_assigned_to_me': False, 'my_role_in_process': None}, {'id': '23076926-3bc7-45be-a4b0-83a7d5ae128e', 'process_number': 33, 'client_name': 'Larivaldo', 'client_email': '', 'client_phone': '', 'client_nif': '', 'status': 'fase_documental', 'trello_card_id': '67a0eb3adfd312beae4f7c2b', 'trello_list_id': '677fddba997697a04140e50e', 'trello_url': 'https://trello.com/c/UnPkKrw0', 'created_at': '2026-01-29T22:14:40.652Z', 'updated_at': '2026-02-05T20:13:50.337220+00:00', 'source': 'trello_import', 'notes': '\n---\n\U0001f517 ID CreditoIMO: 2dfbdaf6-ed50-4b8e-8421-eb4db4242b71', 'labels': ['Milton UK'], 'idade_menos_35': False, 'prioridade': False, 'docs_preparados': False, 'ch_aprovado': False, 'due_date': None, 'due_complete': False, 'trello_members': ['Pedro Borges'], 'trello_member_ids': ['677fda465350a2750434eb57'], 'personal_data': {'morada_fiscal': '', 'data_nascimento': ''}, 'financial_data': {'rendimento_mensal': '', 'valor_pretendido': ''}, 'real_estate_data': {'morada_imovel': '', 'valor_aquisicao': ''}, 'credit_data': {}, 'assigned_consultor_id': 'a3d68648-8ab7-41f1-8c1b-a3bbb34de25c', 'consultor_name': 'Pedro Borges', 'mediador_name': '', 'is_assigned_to_me': False, 'my_role_in_process': None}, {'id': '09b922c3-2bbd-47f4-9db8-4bd1dbadb2e6', 'process_number': 34, 'client_name': 'V\xe2nia Horta', 'client_email': '', 'client_phone': '', 'client_nif': '', 'status': 'fase_documental', 'trello_card_id': '678056d47b39a7b5f07ef0a6', 'trello_list_id': '677fddba997697a04140e50e', 'trello_url': 'https://trello.com/c/1c92lxWn', 'created_at': '2026-01-29T22:14:40.993Z', 'updated_at': '2026-02-05T20:13:50.937670+00:00', 'source': 'trello_import', 'notes': '\n---\n\U0001f517 ID CreditoIMO: 1c99320c-e946-47a5-9ced-811bbfc2ca36', 'labels': ['Milton UK'], 'idade_menos_35': False, 'prioridade': False, 'docs_preparados': False, 'ch_aprovado': False, 'due_date': None, 'due_complete': False, 'trello_members': ['flavio da slva', 'Pedro Borges'], 'trello_member_ids': ['677eaaf8803daac4eccb427a', '677fda465350a2750434eb57'], 'personal_data': {'morada_fiscal': '', 'data_nascimento': ''}, 'financial_data': {'rendimento_mensal': '', 'valor_pretendido': ''}, 'real_estate_data': {'morada_imovel': '', 'valor_aquisicao': ''}, 'credit_data': {}, 'assigned_consultor_id': 'a3d68648-8ab7-41f1-8c1b-a3bbb34de25c', 'consultor_name': 'Pedro Borges', 'mediador_name': '', 'is_assigned_to_me': False, 'my_role_in_process': None}, {'id': '0e88401e-0a6c-4bef-b7cb-127ccd543390', 'process_number': 35, 'client_name': 'Deinise Correia', 'client_email': '', 'client_phone': '', 'client_nif': '', 'status': 'fase_documental', 'trello_card_id': '6913174dce0b57da35f4c86e', 'trello_list_id': '677fddba997697a04140e50e', 'trello_url': 'https://trello.com/c/RlmuVID4', 'created_at': '2026-01-29T22:14:41.436Z', 'updated_at': '2026-02-05T20:13:51.536902+00:00', 'source': 'trello_import', 'notes': '\n---\n\U0001f517 ID CreditoIMO: 593435ae-87bb-4c2c-819e-a1fd2360709d', 'labels': [], 'idade_menos_35': False, 'prioridade': False, 'docs_preparados': False, 'ch_aprovado': False, 'due_date': None, 'due_complete': False, 'trello_members': ['Pedro Borges'], 'trello_member_ids': ['677fda465350a2750434eb57'], 'personal_data': {'morada_fiscal': '', 'data_nascimento': ''}, 'financial_data': {'rendimento_mensal': '', 'valor_pretendido': ''}, 'real_estate_data': {'morada_imovel': '', 'valor_aquisicao': ''}, 'credit_data': {}, 'assigned_consultor_id': 'a3d68648-8ab7-41f1-8c1b-a3bbb34de25c', 'consultor_name': 'Pedro Borges', 'mediador_name': '', 'is_assigned_to_me': False, 'my_role_in_process': None}, {'id': '91513bdc-7900-4004-9f47-66c3c1bfb3a6', 'process_number': 36, 'client_name': 'Denis e Joana', 'client_email': '', 'client_phone': '', 'client_nif': '', 'status': 'fase_documental', 'trello_card_id': '6925f9d9affe3024fbd2e353', 'trello_list_id': '677fddba997697a04140e50e', 'trello_url': 'https://trello.com/c/5B4Uor8B', 'created_at': '2026-01-29T22:14:41.869Z', 'updated_at': '2026-02-05T20:13:52.136157+00:00', 'source': 'trello_import', 'notes': '\n---\n\U0001f517 ID CreditoIMO: c3564fbe-8913-41a0-8c6d-02921ec676c8', 'labels': [], 'idade_menos_35': False, 'prioridade': False, 'docs_preparados': False, 'ch_aprovado': False, 'due_date': None, 'due_complete': False, 'trello_members': ['Pedro Borges'], 'trello_member_ids': ['677fda465350a2750434eb57'], 'personal_data': {'morada_fiscal': '', 'data_nascimento': ''}, 'financial_data': {'rendimento_mensal': '', 'valor_pretendido': ''}, 'real_estate_data': {'morada_imovel': '', 'valor_aquisicao': ''}, 'credit_data': {}, 'assigned_consultor_id': 'a3d68648-8ab7-41f1-8c1b-a3bbb34de25c', 'consultor_name': 'Pedro Borges', 'mediador_name': '', 'is_assigned_to_me': False, 'my_role_in_process': None}, {'id': '524991e0-730d-49c2-aa5d-788fab9ddfdb', 'process_number': 37, 'client_name': '(Carla) Hugo', 'client_email': '', 'client_phone': '', 'client_nif': '', 'status': 'fase_documental', 'trello_card_id': '692eddb6bb89eb6514f50172', 'trello_list_id': '677fddba997697a04140e50e', 'trello_url': 'https://trello.com/c/iwxyuhlf', 'created_at': '2026-01-29T22:14:42.157Z', 'updated_at': '2026-02-05T20:13:52.736005+00:00', 'source': 'trello_import', 'notes': '\n---\n\U0001f517 ID CreditoIMO: 5e841aa1-c7f1-488b-a3cd-c876623b38e8', 'labels': [], 'idade_menos_35': False, 'prioridade': False, 'docs_preparados': False, 'ch_aprovado': False, 'due_date': None, 'due_complete': False, 'trello_members': ['Pedro Borges'], 'trello_member_ids': ['677fda465350a2750434eb57'], 'personal_data': {'morada_fiscal': '', 'data_nascimento': ''}, 'financial_data': {'rendimento_mensal': '', 'valor_pretendido': ''}, 'real_estate_data': {'morada_imovel': '', 'valor_aquisicao': ''}, 'credit_data': {}, 'assigned_consultor_id': 'a3d68648-8ab7-41f1-8c1b-a3bbb34de25c', 'consultor_name': 'Pedro Borges', 'mediador_name': '', 'is_assigned_to_me': False, 'my_role_in_process': None}, {'id': 'dbd9b5ec-b170-46b2-8f43-7860859eb8db', 'process_number': 38, 'client_name': 'Claudino Jo\xe3o', 'client_email': '', 'client_phone': '', 'client_nif': '', 'status': 'fase_documental', 'trello_card_id': '69383d3f75ce9236c8dd553a', 'trello_list_id': '677fddba997697a04140e50e', 'trello_url': 'https://trello.com/c/xm7j5bLD', 'created_at': '2026-01-29T22:14:42.407Z', 'updated_at': '2026-02-08T17:56:51.522401+00:00', 'source': 'trello_import', 'notes': '\n---\n\U0001f517 ID CreditoIMO: 84c98ddf-75af-46e8-bd30-9d6ffabe293c', 'labels': [], 'idade_menos_35': False, 'prioridade': False, 'docs_preparados': False, 'ch_aprovado': False, 'due_date': None, 'due_complete': False, 'trello_members': ['Pedro Borges'], 'trello_member_ids': ['677fda465350a2750434eb57'], 'personal_data': {'morada_fiscal': '', 'data_nascimento': '', 'morada': 'Praceta Manuel Fialho N\xba3 3\xbaC', 'nome_completo': 'CLAUDINO GASPAR JO\xc3O', 'nif': '288217683', 'codigo_postal': '2660-301'}, 'financial_data': {'rendimento_mensal': 6650.0, 'valor_pretendido': '', 'categoria_profissional': 'Gestor de Recursos Humanos', 'data_inicio_trabalho': '2025-09-01', 'rendimento_liquido': 5919.12, 'empresa': 'Latinexpression Telecomunica\xe7\xf5es Unipessoal, Lda.'}, 'real_estate_data': {'morada_imovel': '', 'valor_aquisicao': '', 'area': '332.500 m2', 'tipologia': 'T3'}, 'credit_data': {}, 'assigned_consultor_id': 'a3d68648-8ab7-41f1-8c1b-a3bbb34de25c', 'consultor_name': 'Pedro Borges', 'mediador_name': '', 'is_assigned_to_me': False, 'my_role_in_process': None}, {'id': '9bfe8458-33fb-44eb-b59e-ee6ee9aed3f3', 'process_number': 39, 'client_name': 'Pedro e Filipa', 'client_email': 'filipacruz83@hotmail.com', 'client_phone': '', 'client_nif': '', 'status': 'fase_documental', 'trello_card_id': '69384606ff738c825b9f53a2', 'trello_list_id': '677fddba997697a04140e50e', 'trello_url': 'https://trello.com/c/fqkv8D68', 'created_at': '2026-01-29T22:14:42.668Z', 'updated_at': '2026-02-05T20:13:53.935243+00:00', 'source': 'trello_import', 'notes': '\U0001f4e7 Email: [filipacruz83@hotmail.com](mailto:filipacruz83@hotmail.com &quot;\u200c&quot;)\n\n---\n\U0001f517 ID CreditoIMO: da900e63-c18c-4fb0-95f6-487b94be5582', 'labels': [], 'idade_menos_35': False, 'prioridade': False, 'docs_preparados': False, 'ch_aprovado': False, 'due_date': None, 'due_complete': False, 'trello_members': ['Pedro Borges'], 'trello_member_ids': ['677fda465350a2750434eb57'], 'personal_data': {'morada_fiscal': '', 'data_nascimento': ''}, 'financial_data': {'rendimento_mensal': '', 'valor_pretendido': ''}, 'real_estate_data': {'morada_imovel': '', 'valor_aquisicao': ''}, 'credit_data': {}, 'assigned_consultor_id': 'a3d68648-8ab7-41f1-8c1b-a3bbb34de25c', 'consultor_name': 'Pedro Borges', 'mediador_name': '', 'is_assigned_to_me': False, 'my_role_in_process': None}], 'count': 15}, {'id': '6910a277-3c64-4fd2-9e81-5027a1deb038', 'name': 'entregue_intermediarios', 'label': 'Entregue aos Intermedi\xe1rios', 'color': 'indigo', 'order': 3, 'processes': [], 'count': 0}, {'id': '9807a957-c07b-4913-a42d-ce2dab4ab56b', 'name': 'enviado_bruno', 'label': 'Enviado ao Bruno', 'color': 'purple', 'order': 4, 'processes': [{'id': 'e03b36dc-9517-4d01-8f89-401ef120bb43', 'process_number': 40, 'client_name': 'Nelson Alfredo', 'client_email': '', 'client_phone': '', 'client_nif': '', 'status': 'enviado_bruno', 'trello_card_id': '68ee531a8be308e59b1fdc8e', 'trello_list_id': '688203764c854e55b72e28b5', 'trello_url': 'https://trello.com/c/QymXLr5P', 'created_at': '2026-01-29T22:14:42.952Z', 'updated_at': '2026-02-06T01:13:59.925697+00:00', 'source': 'trello_import', 'notes': '\n---\n\U0001f517 ID CreditoIMO: 328734b6-355b-44b0-a096-d9a31e24cf73', 'labels': [], 'idade_menos_35': False, 'prioridade': False, 'docs_preparados': False, 'ch_aprovado': False, 'due_date': None, 'due_complete': False, 'trello_members': ['Pedro Borges'], 'trello_member_ids': ['677fda465350a2750434eb57'], 'personal_data': {'morada_fiscal': '', 'data_nascimento': '', 'nif': '5417093386'}, 'financial_data': {'rendimento_mensal': 4094.99, 'valor_pretendido': '', 'rendimento_bruto': 5638.26, 'empresa': 'DTSI1 Div.Arquitectura Segur. e Infraest.TIC\xbfs', 'tipo_contrato': 'Efetivo', 'categoria_profissional': 'Chefe de Divis\xe3o'}, 'real_estate_data': {'morada_imovel': '', 'valor_aquisicao': ''}, 'credit_data': {}, 'assigned_consultor_id': 'a3d68648-8ab7-41f1-8c1b-a3bbb34de25c', 'consultor_name': 'Pedro Borges', 'mediador_name': '', 'is_assigned_to_me': False, 'my_role_in_process': None}, {'id': 'daee8146-f763-4327-822e-850c908a510c', 'process_number': 41, 'client_name': 'Gerson Domingos', 'client_email': '', 'client_phone': '', 'client_nif': '', 'status': 'enviado_bruno', 'trello_card_id': '6943cb20a8b9d974a2eb4d6e', 'trello_list_id': '688203764c854e55b72e28b5', 'trello_url': 'https://trello.com/c/Q9iVCO6j', 'created_at': '2026-01-29T22:14:43.243Z', 'updated_at': '2026-02-05T20:13:55.134409+00:00', 'source': 'trello_import', 'notes': '\n---\n\U0001f517 ID CreditoIMO: e73418ae-ccd1-4292-9ace-ef7fde051c69', 'labels': [], 'idade_menos_35': False, 'prioridade': False, 'docs_preparados': False, 'ch_aprovado': False, 'due_date': None, 'due_complete': False, 'trello_members': ['Pedro Borges'], 'trello_member_ids': ['677fda465350a2750434eb57', '686cdf233ffbef2763609334'], 'personal_data': {'morada_fiscal': '', 'data_nascimento': ''}, 'financial_data': {'rendimento_mensal': '', 'valor_pretendido': ''}, 'real_estate_data': {'morada_imovel': '', 'valor_aquisicao': ''}, 'credit_data': {}, 'assigned_consultor_id': 'a3d68648-8ab7-41f1-8c1b-a3bbb34de25c', 'consultor_name': 'Pedro Borges', 'mediador_name': '', 'is_assigned_to_me': False, 'my_role_in_process': None}, {'id': '864f5b45-b3aa-4277-8b63-047b83cd77e2', 'process_number': 42, 'client_name': 'Hugo Rosa e Jennyfer', 'client_email': '', 'client_phone': '', 'client_nif': '', 'status': 'enviado_bruno', 'trello_card_id': '68d52094fd11ca17805e3c25', 'trello_list_id': '688203764c854e55b72e28b5', 'trello_url': 'https://trello.com/c/qhOdINgF', 'created_at': '2026-01-29T22:14:43.501Z', 'updated_at': '2026-02-05T20:13:55.736996+00:00', 'source': 'trello_import', 'notes': '\n---\n\U0001f517 ID CreditoIMO: 0c9d4ac4-7dca-4071-a4bd-f4c06bdd24a9', 'labels': [], 'idade_menos_35': False, 'prioridade': False, 'docs_preparados': False, 'ch_aprovado': False, 'due_date': None, 'due_complete': False, 'trello_members': ['Pedro Borges'], 'trello_member_ids': ['677fda465350a2750434eb57'], 'personal_data': {'morada_fiscal': '', 'data_nascimento': ''}, 'financial_data': {'rendimento_mensal': '', 'valor_pretendido': ''}, 'real_estate_data': {'morada_imovel': '', 'valor_aquisicao': ''}, 'credit_data': {}, 'assigned_consultor_id': 'a3d68648-8ab7-41f1-8c1b-a3bbb34de25c', 'consultor_name': 'Pedro Borges', 'mediador_name': '', 'is_assigned_to_me': False, 'my_role_in_process': None}], 'count': 3}, {'id': 'a7f81639-b77e-4a0f-9b00-371c908476a3', 'name': 'enviado_luis', 'label': 'Enviado ao Lu\xeds', 'color': 'purple', 'order': 5, 'processes': [{'id': '958d3a8b-137c-496e-824c-9895a9b6cc28', 'process_number': 43, 'client_name': 'B\xe1rbara', 'client_email': '', 'client_phone': '', 'client_nif': '', 'status': 'enviado_luis', 'trello_card_id': '686ceefaf16e0b33949f9705', 'trello_list_id': '686d2301e1733e4b24429a91', 'trello_url': 'https://trello.com/c/eJaJpDBS', 'created_at': '2026-01-29T22:14:43.761Z', 'updated_at': '2026-02-08T23:06:05.377614+00:00', 'source': 'trello_import', 'notes': '\n---\n\U0001f517 ID CreditoIMO: 321baa76-2cec-4a34-9728-acaff7b5f50f', 'labels': [], 'idade_menos_35': False, 'prioridade': False, 'docs_preparados': False, 'ch_aprovado': False, 'due_date': None, 'due_complete': False, 'trello_members': [], 'trello_member_ids': [], 'personal_data': {'morada_fiscal': '', 'data_nascimento': '1985-06-15', 'nif': '123456789', 'documento_id': '12345678', 'naturalidade': 'Lisboa', 'nacionalidade': 'Portuguesa'}, 'financial_data': {'rendimento_mensal': '', 'valor_pretendido': ''}, 'real_estate_data': {'morada_imovel': '', 'valor_aquisicao': ''}, 'credit_data': {}, 'ai_extracted_notes': '--- Dados extra\xeddos por IA (cc) em 08/02/2026 22:56 ---\n\u2022 Nome Completo: B\xe1rbara Maria Santos Silva', 'analyzed_documents': [{'hash': '56ccdae358948874e2f171c8d6428fba', 'document_type': 'recibo_vencimento', 'filename': 'Recibo_Janeiro_2026.pdf', 'analyzed_at': '2026-02-08T23:06:05.377560+00:00', 'mes_referencia': '2026-01', 'fields_extracted': ['salario_liquido', 'mes_referencia']}], 'consultor_name': '', 'mediador_name': '', 'is_assigned_to_me': False, 'my_role_in_process': None}], 'count': 1}, {'id': 'b8959538-b6ca-448b-8fad-4b556ae0769a', 'name': 'enviado_bcp_rui', 'label': 'Enviado BCP Rui', 'color': 'purple', 'order': 6, 'processes': [{'id': '0ce3e3bb-88e5-47a9-9b75-0dfd7ffd8d85', 'process_number': 44, 'client_name': 'Karina', 'client_email': '', 'client_phone': '', 'client_nif': '', 'status': 'enviado_bcp_rui', 'trello_card_id': '6931af6603598465a0b029a3', 'trello_list_id': '68d2b2c3acc956a338b9eede', 'trello_url': 'https://trello.com/c/BPTqrom4', 'created_at': '2026-01-29T22:14:44.035Z', 'updated_at': '2026-02-05T20:13:56.485532+00:00', 'source': 'trello_import', 'notes': '\n---\n\U0001f517 ID CreditoIMO: f6853449-0f9c-437e-a246-4e3917430b7c', 'labels': [], 'idade_menos_35': False, 'prioridade': False, 'docs_preparados': False, 'ch_aprovado': False, 'due_date': None, 'due_complete': False, 'trello_members': ['Pedro Borges'], 'trello_member_ids': ['677fda465350a2750434eb57'], 'personal_data': {'morada_fiscal': '', 'data_nascimento': ''}, 'financial_data': {'rendimento_mensal': '', 'valor_pretendido': ''}, 'real_estate_data': {'morada_imovel': '', 'valor_aquisicao': ''}, 'credit_data': {}, 'assigned_consultor_id': 'a3d68648-8ab7-41f1-8c1b-a3bbb34de25c', 'consultor_name': 'Pedro Borges', 'mediador_name': '', 'is_assigned_to_me': False, 'my_role_in_process': None}], 'count': 1}, {'id': 'a487eb0f-6081-4ad4-8f2f-1e46c5e4a041', 'name': 'entradas_precision', 'label': 'Entradas Precision', 'color': 'orange', 'order': 7, 'processes': [{'id': '9624913e-8d7b-4f27-8b18-1658754f28ae', 'process_number': 46, 'client_name': 'Geiza Gomes', 'client_email': '', 'client_phone': '', 'client_nif': '', 'status': 'entradas_precision', 'trello_card_id': '6925e2ab7b4969bfa38c9ece', 'trello_list_id': '686ced9e09f52ef2fbbfccac', 'trello_url': 'https://trello.com/c/uOB8cugL', 'created_at': '2026-01-29T22:14:44.569Z', 'updated_at': '2026-02-05T20:13:57.685027+00:00', 'source': 'trello_import', 'notes': '\n---\n\U0001f517 ID CreditoIMO: 8574d814-f8c5-4779-b591-add7b0efe3fe', 'labels': [], 'idade_menos_35': False, 'prioridade': False, 'docs_preparados': False, 'ch_aprovado': False, 'due_date': None, 'due_complete': False, 'trello_members': ['Pedro Borges'], 'trello_member_ids': ['677fda465350a2750434eb57'], 'personal_data': {'morada_fiscal': '', 'data_nascimento': ''}, 'financial_data': {'rendimento_mensal': '', 'valor_pretendido': ''}, 'real_estate_data': {'morada_imovel': '', 'valor_aquisicao': ''}, 'credit_data': {}, 'assigned_consultor_id': 'a3d68648-8ab7-41f1-8c1b-a3bbb34de25c', 'consultor_name': 'Pedro Borges', 'mediador_name': '', 'is_assigned_to_me': False, 'my_role_in_process': None}, {'id': '35f0e9ef-53be-4cbe-98c6-4fbafd0b5415', 'process_number': 47, 'client_name': 'Mariana Mourinho / 260.000\u20ac / CH 100%', 'client_email': 'Marianamourinho@hotmail.com', 'client_phone': '', 'client_nif': '', 'status': 'entradas_precision', 'trello_card_id': '696a1cfe2c9235cee895d65e', 'trello_list_id': '686ced9e09f52ef2fbbfccac', 'trello_url': 'https://trello.com/c/8HN4QBuA', 'created_at': '2026-01-29T22:14:44.824Z', 'updated_at': '2026-02-05T20:13:58.284550+00:00', 'source': 'trello_import', 'notes': '\U0001f4e7 Email: [Marianamourinho@hotmail.com](mailto:Marianamourinho@hotmail.com &quot;\u200c&quot;)\n\n---\n\U0001f517 ID CreditoIMO: fc83bb51-e56a-497e-851a-5335ce127b5a', 'labels': [], 'idade_menos_35': False, 'prioridade': False, 'docs_preparados': False, 'ch_aprovado': False, 'due_date': None, 'due_complete': False, 'trello_members': ['Pedro Borges', 'flavio da slva', 'Carina Amuedo', 'Est\xe1cio Miranda', 'Fernando Andrade', 'Tiago Borges'], 'trello_member_ids': ['677fda465350a2750434eb57', '677eaaf8803daac4eccb427a', '695ba944ddc8963044b21735', '6945d81d1ea78c8a01063b31', '694edf774a1af23b88de37eb', '677ff4792020f37416f4a286', '686cdf233ffbef2763609334'], 'personal_data': {'morada_fiscal': '', 'data_nascimento': ''}, 'financial_data': {'rendimento_mensal': '', 'valor_pretendido': ''}, 'real_estate_data': {'morada_imovel': '', 'valor_aquisicao': ''}, 'credit_data': {}, 'assigned_consultor_id': 'a3d68648-8ab7-41f1-8c1b-a3bbb34de25c', 'assigned_mediador_id': '9e188744-d08e-49ac-9c65-473e884f4195', 'consultor_name': 'Pedro Borges', 'mediador_name': 'Carina Amuedo', 'is_assigned_to_me': False, 'my_role_in_process': None}, {'id': '09a772ba-733f-4dd0-a740-a5f8e7608bcb', 'process_number': 48, 'client_name': 'Bruno de Oliveira(Analu Lima)', 'client_email': 'paubruno13@hotmail.com', 'client_phone': '', 'client_nif': '', 'status': 'entradas_precision', 'trello_card_id': '686d1ec0cc7e8e83c97d3c3a', 'trello_list_id': '686ced9e09f52ef2fbbfccac', 'trello_url': 'https://trello.com/c/kwN4IR6m', 'created_at': '2026-01-29T22:14:45.080Z', 'updated_at': '2026-02-06T22:22:28.315508+00:00', 'source': 'trello_import', 'notes': '\U0001f4e7 Email: [paubruno13@hotmail.com](mailto:paubruno13@hotmail.com &quot;\u200c&quot;)\n\n---\n\U0001f517 ID CreditoIMO: f9fda64c-6d27-4f2f-b61e-5e3690ca537f', 'labels': ['Milton UK'], 'idade_menos_35': False, 'prioridade': False, 'docs_preparados': False, 'ch_aprovado': False, 'due_date': None, 'due_complete': False, 'trello_members': ['Pedro Borges'], 'trello_member_ids': ['677fda465350a2750434eb57'], 'personal_data': {}, 'financial_data': {}, 'real_estate_data': {}, 'credit_data': {}, 'assigned_consultor_id': 'a3d68648-8ab7-41f1-8c1b-a3bbb34de25c', 'consultor_name': 'Pedro Borges', 'mediador_name': '', 'is_assigned_to_me': False, 'my_role_in_process': None}, {'id': '50996ef9-2867-4ccc-ac16-b7819d9c5737', 'process_number': 49, 'client_name': 'Edson Lami', 'client_email': '', 'client_phone': '', 'client_nif': '', 'status': 'entradas_precision', 'trello_card_id': '679967061051bbee16043657', 'trello_list_id': '686ced9e09f52ef2fbbfccac', 'trello_url': 'https://trello.com/c/OvkBnqUe', 'created_at': '2026-01-29T22:14:45.352Z', 'updated_at': '2026-02-05T20:13:59.483933+00:00', 'source': 'trello_import', 'notes': '\n---\n\U0001f517 ID CreditoIMO: 7c181843-9087-4d11-8653-536fa5b0670a', 'labels': ['Milton UK'], 'idade_menos_35': False, 'prioridade': False, 'docs_preparados': False, 'ch_aprovado': False, 'due_date': None, 'due_complete': False, 'trello_members': ['flavio da slva', 'Pedro Borges'], 'trello_member_ids': ['677eaaf8803daac4eccb427a', '677fda465350a2750434eb57'], 'personal_data': {'morada_fiscal': '', 'data_nascimento': ''}, 'financial_data': {'rendimento_mensal': '', 'valor_pretendido': ''}, 'real_estate_data': {'morada_imovel': '', 'valor_aquisicao': ''}, 'credit_data': {}, 'assigned_consultor_id': 'a3d68648-8ab7-41f1-8c1b-a3bbb34de25c', 'consultor_name': 'Pedro Borges', 'mediador_name': '', 'is_assigned_to_me': False, 'my_role_in_process': None}, {'id': '7a8c7bd8-519e-4ed0-a804-8f8c2ff75254', 'process_number': 50, 'client_name': 'Euridice (M\xe1rcio Sousa)', 'client_email': '', 'client_phone': '', 'client_nif': '', 'status': 'entradas_precision', 'trello_card_id': '686cef41fc3fd881500ade1f', 'trello_list_id': '686ced9e09f52ef2fbbfccac', 'trello_url': 'https://trello.com/c/qUTNdisX', 'created_at': '2026-01-29T22:14:45.658Z', 'updated_at': '2026-02-05T20:14:00.083581+00:00', 'source': 'trello_import', 'notes': '\n---\n\U0001f517 ID CreditoIMO: f96410c3-7b41-4c62-876f-193560eaf885', 'labels': [], 'idade_menos_35': False, 'prioridade': False, 'docs_preparados': False, 'ch_aprovado': False, 'due_date': None, 'due_complete': False, 'trello_members': ['flavio da slva'], 'trello_member_ids': ['677eaaf8803daac4eccb427a'], 'personal_data': {'morada_fiscal': '', 'data_nascimento': ''}, 'financial_data': {'rendimento_mensal': '', 'valor_pretendido': ''}, 'real_estate_data': {'morada_imovel': '', 'valor_aquisicao': ''}, 'credit_data': {}, 'assigned_consultor_id': '858d4d2f-e520-4c31-a852-0a638f081c5a', 'consultor_name': 'Fl\xe1vio da Silva', 'mediador_name': '', 'is_assigned_to_me': False, 'my_role_in_process': None}], 'count': 5}, {'id': '36907c84-0e37-4d0c-8b34-63c656b48816', 'name': 'fase_bancaria', 'label': 'Fase Banc\xe1ria - Pr\xe9 Aprova\xe7\xe3o', 'color': 'orange', 'order': 8, 'processes': [{'id': '85dbbb67-d1bf-4d04-8636-9f6fe07aef62', 'process_number': 51, 'client_name': 'Tatiana Sofia - CH 100% - 240.000\u20ac', 'client_email': '', 'client_phone': '', 'client_nif': '', 'status': 'fase_bancaria', 'trello_card_id': '695ce477e38a2865355e316f', 'trello_list_id': '677fddba997697a04140e510', 'trello_url': 'https://trello.com/c/fCPLYqJV', 'created_at': '2026-01-29T22:14:45.947Z', 'updated_at': '2026-02-05T20:14:00.684217+00:00', 'source': 'trello_import', 'notes': '\n---\n\U0001f517 ID CreditoIMO: caf8c4ba-e789-40e5-8ade-5916c702c1bc', 'labels': [], 'idade_menos_35': False, 'prioridade': False, 'docs_preparados': False, 'ch_aprovado': False, 'due_date': None, 'due_complete': False, 'trello_members': ['Est\xe1cio Miranda'], 'trello_member_ids': ['6945d81d1ea78c8a01063b31'], 'personal_data': {'morada_fiscal': '', 'data_nascimento': ''}, 'financial_data': {'rendimento_mensal': '', 'valor_pretendido': ''}, 'real_estate_data': {'morada_imovel': '', 'valor_aquisicao': ''}, 'credit_data': {}, 'assigned_mediador_id': '1b45055b-6694-408f-99e8-6b7b1cb8e928', 'mediador_name': 'Est\xe1cio Miranda', 'consultor_name': '', 'is_assigned_to_me': False, 'my_role_in_process': None}, {'id': '33102e3a-b26c-4bbf-be45-97d5faa3b878', 'process_number': 52, 'client_name': 'Camila Rigaud / CH / 180.000\u20ac', 'client_email': 'cmrigaud20@gmail.com', 'client_phone': '', 'client_nif': '', 'status': 'fase_bancaria', 'trello_card_id': '695e51e844fa2f0029403d67', 'trello_list_id': '677fddba997697a04140e510', 'trello_url': 'https://trello.com/c/m9LQFNM4', 'created_at': '2026-01-29T22:14:46.190Z', 'updated_at': '2026-02-05T20:14:01.284345+00:00', 'source': 'trello_import', 'notes': '\U0001f4e7 Email: [cmrigaud20@gmail.com](mailto:cmrigaud20@gmail.com &quot;\u200c&quot;)\n\n---\n\U0001f517 ID CreditoIMO: 8b75cbb8-37ae-4bb0-bac3-a8d6941fb706', 'labels': [], 'idade_menos_35': False, 'prioridade': False, 'docs_preparados': False, 'ch_aprovado': False, 'due_date': None, 'due_complete': False, 'trello_members': ['Est\xe1cio Miranda'], 'trello_member_ids': ['6945d81d1ea78c8a01063b31'], 'personal_data': {'morada_fiscal': '', 'data_nascimento': ''}, 'financial_data': {'rendimento_mensal': '', 'valor_pretendido': ''}, 'real_estate_data': {'morada_imovel': '', 'valor_aquisicao': ''}, 'credit_data': {}, 'assigned_mediador_id': '1b45055b-6694-408f-99e8-6b7b1cb8e928', 'mediador_name': 'Est\xe1cio Miranda', 'consultor_name': '', 'is_assigned_to_me': False, 'my_role_in_process': None}, {'id': 'dd76d2fb-a73f-4395-a61b-38d73671bcca', 'process_number': 53, 'client_name': 'Cristiana Jesus / 300.000\u20ac / CH 100%', 'client_email': 'Cristianajesusblog@gmail.com', 'client_phone': '', 'client_nif': '', 'status': 'fase_bancaria', 'trello_card_id': '696e467ebec275377e6d67aa', 'trello_list_id': '677fddba997697a04140e510', 'trello_url': 'https://trello.com/c/HrpxpH4g', 'created_at': '2026-01-29T22:14:46.425Z', 'updated_at': '2026-02-05T20:14:01.883614+00:00', 'source': 'trello_import', 'notes': '\U0001f4e7 Email: [Cristianajesusblog@gmail.com](mailto:Cristianajesusblog@gmail.com &quot;\u200c&quot;)\n\n---\n\U0001f517 ID CreditoIMO: 3f0bb349-2c63-455a-abac-e6ce3079f722', 'labels': [], 'idade_menos_35': False, 'prioridade': False, 'docs_preparados': False, 'ch_aprovado': False, 'due_date': None, 'due_complete': False, 'trello_members': ['Est\xe1cio Miranda'], 'trello_member_ids': ['6945d81d1ea78c8a01063b31'], 'personal_data': {'morada_fiscal': '', 'data_nascimento': ''}, 'financial_data': {'rendimento_mensal': '', 'valor_pretendido': ''}, 'real_estate_data': {'morada_imovel': '', 'valor_aquisicao': ''}, 'credit_data': {}, 'assigned_mediador_id': '1b45055b-6694-408f-99e8-6b7b1cb8e928', 'mediador_name': 'Est\xe1cio Miranda', 'consultor_name': '', 'is_assigned_to_me': False, 'my_role_in_process': None}], 'count': 3}, {'id': '67fb4bef-b08a-4c7a-8ad7-a1d0bb7e73da', 'name': 'fase_visitas', 'label': 'Fase de Visitas', 'color': 'blue', 'order': 9, 'processes': [{'id': 'ead6f57a-83f8-4b25-9d6a-cade65055c59', 'process_number': 54, 'client_name': 'Bruna Gon\xe7alves Caetano', 'client_email': '', 'client_phone': '', 'client_nif': '', 'status': 'fase_visitas', 'trello_card_id': '690cb63be8388d4f97b9d5d7', 'trello_list_id': '677fddba997697a04140e512', 'trello_url': 'https://trello.com/c/J5M82sRE', 'created_at': '2026-01-29T22:14:46.665Z', 'updated_at': '2026-02-05T20:14:02.483209+00:00', 'source': 'trello_import', 'notes': '\n---\n\U0001f517 ID CreditoIMO: 54e3ad4b-12df-4942-9f57-f6c11af85953', 'labels': [], 'idade_menos_35': False, 'prioridade': False, 'docs_preparados': False, 'ch_aprovado': False, 'due_date': None, 'due_complete': False, 'trello_members': ['flavio da slva', 'Pedro Borges'], 'trello_member_ids': ['677eaaf8803daac4eccb427a', '686cdf233ffbef2763609334', '677fda465350a2750434eb57'], 'personal_data': {'morada_fiscal': '', 'data_nascimento': ''}, 'financial_data': {'rendimento_mensal': '', 'valor_pretendido': ''}, 'real_estate_data': {'morada_imovel': '', 'valor_aquisicao': ''}, 'credit_data': {}, 'assigned_consultor_id': 'a3d68648-8ab7-41f1-8c1b-a3bbb34de25c', 'consultor_name': 'Pedro Borges', 'mediador_name': '', 'is_assigned_to_me': False, 'my_role_in_process': None}, {'id': '865d6f48-dec5-49ca-b61d-2bf79f94b5d0', 'process_number': 55, 'client_name': 'Evilene Tavares', 'client_email': '', 'client_phone': '', 'client_nif': '', 'status': 'fase_visitas', 'trello_card_id': '678056fa836afb765b70deb2', 'trello_list_id': '677fddba997697a04140e512', 'trello_url': 'https://trello.com/c/4UnvaBHv', 'created_at': '2026-01-29T22:14:46.959Z', 'updated_at': '2026-02-04T13:54:19.590671+00:00', 'source': 'trello_import', 'notes': '\n---\n\U0001f517 ID CreditoIMO: f5d61a86-8985-42f5-b424-0b96e73f870f', 'labels': ['Milton UK'], 'idade_menos_35': False, 'prioridade': False, 'docs_preparados': False, 'ch_aprovado': False, 'due_date': None, 'due_complete': False, 'trello_members': [], 'trello_member_ids': [], 'personal_data': {'morada_fiscal': '', 'data_nascimento': ''}, 'financial_data': {'rendimento_mensal': '', 'valor_pretendido': ''}, 'real_estate_data': {'morada_imovel': '', 'valor_aquisicao': ''}, 'credit_data': {}, 'consultor_name': '', 'mediador_name': '', 'is_assigned_to_me': False, 'my_role_in_process': None}, {'id': 'd634a251-a865-495d-a7f7-6174676d78f8', 'process_number': 56, 'client_name': 'Chaitymila Carvalho e Valter', 'client_email': '', 'client_phone': '', 'client_nif': '', 'status': 'fase_visitas', 'trello_card_id': '67805691854d7577b1e58a7d', 'trello_list_id': '677fddba997697a04140e512', 'trello_url': 'https://trello.com/c/MDwaVOzf', 'created_at': '2026-01-29T22:14:47.241Z', 'updated_at': '2026-02-08T18:01:31.623445+00:00', 'source': 'trello_import', 'notes': '\n---\n\U0001f517 ID CreditoIMO: 06c6a0c6-c566-4c5e-8344-d6b396414ad2', 'labels': ['Silvino Lopes'], 'idade_menos_35': False, 'prioridade': False, 'docs_preparados': False, 'ch_aprovado': False, 'due_date': None, 'due_complete': False, 'trello_members': ['flavio da slva', 'Pedro Borges'], 'trello_member_ids': ['677eaaf8803daac4eccb427a', '677fda465350a2750434eb57'], 'personal_data': {'morada_fiscal': '', 'data_nascimento': '1990-04-05', 'documento_id': '30824550', 'nacionalidade': 'PRT', 'sexo': 'F', 'nome_mae': 'Chaitsimila Carvalho', 'nome_completo': 'CHAITYMILA PIRES DE CARVALHO', 'codigo_postal': '2685-160', 'nif': '245394940', 'morada': 'R MANUEL DE ARRIAGA LOTE 25 R/C DT\xba TERRA\xc7OS DA PONTE'}, 'financial_data': {'rendimento_mensal': 9172.26, 'valor_pretendido': '', 'categoria_profissional': 'Chefe de Finan\xe7as', 'rendimento_liquido': 754.0, 'empresa': 'CONTABILITORRES- CONTABIL. E SERV. DE FISCALIDADE, LDA.'}, 'real_estate_data': {'morada_imovel': '', 'valor_aquisicao': '', 'area': '195.000 m\xb2'}, 'credit_data': {}, 'assigned_consultor_id': 'a3d68648-8ab7-41f1-8c1b-a3bbb34de25c', 'consultor_name': 'Pedro Borges', 'mediador_name': '', 'is_assigned_to_me': False, 'my_role_in_process': None}], 'count': 3}, {'id': '7b8e7cbc-4282-40e6-838b-682ce31383d7', 'name': 'ch_aprovado', 'label': 'CH Aprovado - Avalia\xe7\xe3o', 'color': 'green', 'order': 10, 'processes': [{'id': '15406255-08fb-4c5c-be92-f0902ee2e180', 'process_number': 21, 'client_name': 'Marta Videira - CH HS - 140.000', 'client_email': '', 'client_phone': '', 'client_nif': '', 'status': 'ch_aprovado', 'trello_card_id': '695e508ac4dfb01d39792e71', 'trello_list_id': '677fddba997697a04140e511', 'trello_url': 'https://trello.com/c/tjjSIMRm', 'created_at': '2026-01-29T22:14:37.570Z', 'updated_at': '2026-02-06T01:31:39.631546+00:00', 'source': 'trello_import', 'notes': '\n---\n\U0001f517 ID CreditoIMO: 7a411a82-4465-401b-8371-0e682190a144', 'labels': [], 'idade_menos_35': False, 'prioridade': False, 'docs_preparados': False, 'ch_aprovado': False, 'due_date': None, 'due_complete': False, 'trello_members': ['Est\xe1cio Miranda'], 'trello_member_ids': ['6945d81d1ea78c8a01063b31'], 'personal_data': {'morada_fiscal': '', 'data_nascimento': '1990-05-12', 'nif': '214700895', 'documento_id': 'CE05669/01', 'naturalidade': 'LISBOA', 'nacionalidade': 'PORTUGUESA', 'sexo': 'F', 'nome_pai': 'Nome do pai', 'nome_mae': 'Nome da m\xe3e'}, 'financial_data': {'rendimento_mensal': '', 'valor_pretendido': ''}, 'real_estate_data': {'morada_imovel': '', 'valor_aquisicao': ''}, 'credit_data': {}, 'assigned_mediador_id': '1b45055b-6694-408f-99e8-6b7b1cb8e928', 'mediador_name': 'Est\xe1cio Miranda', 'consultor_name': '', 'is_assigned_to_me': False, 'my_role_in_process': None}, {'id': '5a366c02-ff92-415a-8e29-253c6a92ead5', 'process_number': 22, 'client_name': 'Edson e Geisa Veiga', 'client_email': '', 'client_phone': '', 'client_nif': '', 'status': 'ch_aprovado', 'trello_card_id': '68f78f5270064929128988f5', 'trello_list_id': '677fddba997697a04140e511', 'trello_url': 'https://trello.com/c/lOy5yWc6', 'created_at': '2026-01-29T23:25:30.756Z', 'updated_at': '2026-02-05T20:13:44.641382+00:00', 'source': 'trello_import', 'notes': '', 'labels': [], 'idade_menos_35': False, 'prioridade': False, 'docs_preparados': False, 'ch_aprovado': False, 'due_date': None, 'due_complete': False, 'trello_members': ['flavio da slva', 'Pedro Borges'], 'trello_member_ids': ['677eaaf8803daac4eccb427a', '686cdf233ffbef2763609334', '677fda465350a2750434eb57'], 'personal_data': {'morada_fiscal': '', 'data_nascimento': ''}, 'financial_data': {'rendimento_mensal': '', 'valor_pretendido': ''}, 'real_estate_data': {'morada_imovel': '', 'valor_aquisicao': ''}, 'credit_data': {}, 'assigned_consultor_id': 'a3d68648-8ab7-41f1-8c1b-a3bbb34de25c', 'consultor_name': 'Pedro Borges', 'mediador_name': '', 'is_assigned_to_me': False, 'my_role_in_process': None}, {'id': '1461f79b-c0fe-47a7-b092-99e3367d70cc', 'process_number': 23, 'client_name': 'Joice e Rodrigo', 'client_email': '', 'client_phone': '', 'client_nif': '', 'status': 'ch_aprovado', 'trello_card_id': '686cf187b6c2c56189e58ac7', 'trello_list_id': '677fddba997697a04140e511', 'trello_url': 'https://trello.com/c/cbQo2NiR', 'created_at': '2026-01-29T22:14:38.119Z', 'updated_at': '2026-02-06T02:16:54.176912+00:00', 'source': 'trello_import', 'notes': '\n---\n\U0001f517 ID CreditoIMO: fcd28af8-97ef-405f-947e-c051f712c641', 'labels': [], 'idade_menos_35': False, 'prioridade': False, 'docs_preparados': False, 'ch_aprovado': False, 'due_date': None, 'due_complete': False, 'trello_members': ['flavio da slva', 'Pedro Borges'], 'trello_member_ids': ['677eaaf8803daac4eccb427a', '686cdf233ffbef2763609334', '677fda465350a2750434eb57'], 'personal_data': {'morada_fiscal': '', 'data_nascimento': 'null', 'nif': '764616613', 'documento_id': '764616613', 'naturalidade': 'null', 'nacionalidade': 'BRA', 'sexo': 'null', 'nome_pai': 'null', 'nome_mae': 'LISBOA ANAI'}, 'financial_data': {'rendimento_mensal': '', 'valor_pretendido': ''}, 'real_estate_data': {'morada_imovel': '', 'valor_aquisicao': ''}, 'credit_data': {}, 'assigned_consultor_id': 'a3d68648-8ab7-41f1-8c1b-a3bbb34de25c', 'consultor_name': 'Pedro Borges', 'mediador_name': '', 'is_assigned_to_me': False, 'my_role_in_process': None}, {'id': '0cc16ebe-6367-4944-ba6f-7c9f5fe2a5b0', 'process_number': 24, 'client_name': 'F\xe1bio Jorge (primo)', 'client_email': '', 'client_phone': '', 'client_nif': '', 'status': 'ch_aprovado', 'trello_card_id': '678056365db616573a821d15', 'trello_list_id': '677fddba997697a04140e511', 'trello_url': 'https://trello.com/c/r4V794Ky', 'created_at': '2026-01-29T22:14:38.376Z', 'updated_at': '2026-02-05T20:13:45.841152+00:00', 'source': 'trello_import', 'notes': '\n---\n\U0001f517 ID CreditoIMO: 7a7fc23f-ba47-4edf-8f74-a56034705498', 'labels': ['Documentos Preparados'], 'idade_menos_35': False, 'prioridade': False, 'docs_preparados': True, 'ch_aprovado': False, 'due_date': None, 'due_complete': False, 'trello_members': ['Pedro Borges'], 'trello_member_ids': ['677fda465350a2750434eb57'], 'personal_data': {'morada_fiscal': '', 'data_nascimento': ''}, 'financial_data': {'rendimento_mensal': '', 'valor_pretendido': ''}, 'real_estate_data': {'morada_imovel': '', 'valor_aquisicao': ''}, 'credit_data': {}, 'assigned_consultor_id': 'a3d68648-8ab7-41f1-8c1b-a3bbb34de25c', 'consultor_name': 'Pedro Borges', 'mediador_name': '', 'is_assigned_to_me': False, 'my_role_in_process': None}, {'id': 'f04cfb84-f390-44b2-8b2b-17e829f37b52', 'process_number': 57, 'client_name': 'Miguel e Soraia', 'client_email': '', 'client_phone': '', 'client_nif': '', 'status': 'ch_aprovado', 'trello_card_id': '68c016858b63cf6d7659a0b1', 'trello_list_id': '677fddba997697a04140e511', 'trello_url': 'https://trello.com/c/inJqxzz4', 'created_at': '2026-01-29T22:14:47.501Z', 'updated_at': '2026-02-06T01:24:47.055551+00:00', 'source': 'trello_import', 'notes': '\n---\n\U0001f517 ID CreditoIMO: 4449f0ed-8f72-417c-afd1-77c0b9ae4db2', 'labels': [], 'idade_menos_35': False, 'prioridade': False, 'docs_preparados': False, 'ch_aprovado': False, 'due_date': None, 'due_complete': False, 'trello_members': ['Pedro Borges'], 'trello_member_ids': ['677fda465350a2750434eb57'], 'personal_data': {'morada_fiscal': '', 'data_nascimento': '1995-05-02', 'nif': '151793686', 'documento_id': '91120879 398856 267728280', 'nacionalidade': 'PORTUGAL', 'sexo': 'F', 'nome_pai': 'AUGUSTO JOS\xc9 CHINHO ROSA RODRIGUES', 'nome_mae': 'LUCIANA MARIA FERREIRA RODRIGUES ROSA'}, 'financial_data': {'rendimento_mensal': '', 'valor_pretendido': '', 'empresa': 'MERCEARIA VIRTUAL - LDA', 'tipo_contrato': 'null', 'categoria_profissional': 'null'}, 'real_estate_data': {'morada_imovel': '', 'valor_aquisicao': ''}, 'credit_data': {}, 'assigned_consultor_id': 'a3d68648-8ab7-41f1-8c1b-a3bbb34de25c', 'consultor_name': 'Pedro Borges', 'mediador_name': '', 'is_assigned_to_me': False, 'my_role_in_process': None}, {'id': '698b7056-5b55-4477-b31f-25dcbdac1e1e', 'process_number': 58, 'client_name': 'Ruben Fernandes', 'client_email': '', 'client_phone': '', 'client_nif': '', 'status': 'ch_aprovado', 'trello_card_id': '67c8d96d188bf1a03f788ee7', 'trello_list_id': '677fddba997697a04140e511', 'trello_url': 'https://trello.com/c/pfy5NXR8', 'created_at': '2026-01-29T22:14:47.762Z', 'updated_at': '2026-02-05T20:14:04.432119+00:00', 'source': 'trello_import', 'notes': '\u2b50 Eleg\xedvel Apoio ao Estado (&lt;35 anos)\n\n---\n\U0001f517 ID CreditoIMO: e791cbb8-022c-4b1b-986b-03f60c1e139f', 'labels': ['Menos de 35 anos', 'Alex'], 'idade_menos_35': True, 'prioridade': False, 'docs_preparados': False, 'ch_aprovado': False, 'due_date': None, 'due_complete': False, 'trello_members': ['flavio da slva', 'Pedro Borges'], 'trello_member_ids': ['677eaaf8803daac4eccb427a', '686cdf233ffbef2763609334', '677fda465350a2750434eb57'], 'personal_data': {'morada_fiscal': '', 'data_nascimento': ''}, 'financial_data': {'rendimento_mensal': '', 'valor_pretendido': ''}, 'real_estate_data': {'morada_imovel': '', 'valor_aquisicao': ''}, 'credit_data': {}, 'assigned_consultor_id': 'a3d68648-8ab7-41f1-8c1b-a3bbb34de25c', 'consultor_name': 'Pedro Borges', 'mediador_name': '', 'is_assigned_to_me': False, 'my_role_in_process': None}, {'id': '31414b8d-07a0-4961-a1e1-e340e78424b7', 'process_number': 59, 'client_name': 'Sal\xe9 Bald\xe9', 'client_email': '', 'client_phone': '', 'client_nif': '', 'status': 'ch_aprovado', 'trello_card_id': '69009653e79775742ed14578', 'trello_list_id': '677fddba997697a04140e511', 'trello_url': 'https://trello.com/c/ztKlWtLg', 'created_at': '2026-01-29T22:14:48.043Z', 'updated_at': '2026-02-05T20:14:05.031758+00:00', 'source': 'trello_import', 'notes': '\n---\n\U0001f517 ID CreditoIMO: 5eb6dca1-4214-45c7-ac44-a1c3785b6d87', 'labels': [], 'idade_menos_35': False, 'prioridade': False, 'docs_preparados': False, 'ch_aprovado': False, 'due_date': None, 'due_complete': False, 'trello_members': ['flavio da slva', 'Pedro Borges'], 'trello_member_ids': ['677eaaf8803daac4eccb427a', '677fda465350a2750434eb57'], 'personal_data': {'morada_fiscal': '', 'data_nascimento': ''}, 'financial_data': {'rendimento_mensal': '', 'valor_pretendido': ''}, 'real_estate_data': {'morada_imovel': '', 'valor_aquisicao': ''}, 'credit_data': {}, 'assigned_consultor_id': 'a3d68648-8ab7-41f1-8c1b-a3bbb34de25c', 'consultor_name': 'Pedro Borges', 'mediador_name': '', 'is_assigned_to_me': False, 'my_role_in_process': None}, {'id': 'a3f7f1f8-f569-4e74-b8fe-fe94a15e783b', 'process_number': 60, 'client_name': 'Soraia Silva', 'client_email': '', 'client_phone': '', 'client_nif': '', 'status': 'ch_aprovado', 'trello_card_id': '686cf23378db36aa8face4ac', 
[...]
\u20ac182.54\n\u2022 Descontos: 182.54\n\u2022 Quantidade: 1.0\n\u2022 Valor: \u20ac182.54\n\u2022 Descontos: 182.54\n\u2022 Quantidade: 22.0\n\u2022 Valor: \u20ac132.00\n\u2022 Descontos: 6.0\n\u2022 Venc Base Ref: 2190.43\n\u2022 Valor: \u20ac475.00\n\u2022 Tributacao Autonoma: 114.0\n\u2022 Valor: \u20ac315.47\n\u2022 Sub F\xe9rias: 20.08\n\u2022 Sub Natal: 20.08\n\u2022 Nome: Tranquilidade - Seguradoras Unidas, SA\n\u2022 Numero: 0005879773\n\u2022 Valor: 2,420.36 \u20ac\n\u2022 Nome: FLORENCIO &amp; SILVA, SA\n\u2022 Numero: 00118445\n\u2022 Nome: DIOGO BARBOSA\n\u2022 Rua: RUA JOSE FERREIRA TARRE N15 3DTO\n\u2022 Cidade: VILA FRANCA DE XIRA\n\u2022 Codigo Postal: 2615-112 ALVERCA DO RIBATEJO\n\u2022 Iban: PT50003300004577230228605\n\u2022 N Identificacao: 11820354891\n\u2022 N Telefone: 259769894\n\n--- Dados extra\xeddos por IA (outro) em 11/02/2026 08:55 ---\n\u2022 Nome: GESERFOR-Gest\xe3o R.H. e Empresa Trab.Temp.,S.A.\n\u2022 Rua: Rua Calouste Gulbenkian, 52 4\xba E4\n\u2022 Cidade: Porto\n\u2022 Codigo Postal: 4050-144\n\u2022 Nif: 502376171\n\u2022 Data: Abril/2025\n\u2022 Nome: DIOGO BARBOSA\n\u2022 Rua: RUA JOSE FERREIRA TARRE N15 3DTO\n\u2022 Cidade: VILA FRANCA DE XIRA\n\u2022 Codigo Postal: 2615-112\n\u2022 Localidade: ALVERCA DO RIBATEJO\n\u2022 N Beneficiario: 11820354891\n\u2022 N Contribuinte: 259769894\n\u2022 Categoria Profissional: Motorista de Ligeiros\n\u2022 Data Pagamento: 30-04-2025\n\u2022 Salario Bruto Mensal: 2190.43\n\u2022 Total Liquido A Receber: 831.11\n\u2022 Modo De Pagamento: TRANSFER\xcaNCIA BANC\xc1RIA\n\u2022 Iban: PT50003300004577230228605\n\u2022 Quantidade: 173.33\n\u2022 Valor: \u20ac2 190.43\n\u2022 Descontos: 12.64\n\u2022 Quantidade: 3.0\n\u2022 Valor: \u20ac56.88\n\u2022 Descontos: 18.96\n\u2022 Quantidade: 0.25\n\u2022 Valor: \u20ac5.53\n\u2022 Descontos: 22.12\n\u2022 Quantidade: 1.5\n\u2022 Valor: \u20ac328.55\n\u2022 Descontos: 219.04\n\u2022 Quantidade: 1.0\n\u2022 Valor: \u20ac182.54\n\u2022 Descontos: 182.54\n\u2022 Quantidade: 1.0\n\u2022 Valor: \u20ac182.54\n\u2022 Descontos: 182.54\n\u2022 Quantidade: 18.0\n\u2022 Valor: \u20ac108.00\n\u2022 Descontos: 6.0\n\u2022 Quantidade: 1.0\n\u2022 Valor: \u20ac230.00\n\u2022 Descontos: 230.0\n\u2022 Venc Base Ref: 2190.43\n\u2022 Nome: Tranquilidade - Seguradoras Unidas, SA\n\u2022 N Poliza: 0005879773\n\u2022 Valor: \u20ac2 453.36\n\u2022 Nome: TRANSPORTES FLORENCIO &amp; SILVA, SA\n\u2022 N Registro: 00118445\n\u2022 Inicio: 21-03-2025 00:00:00\n\u2022 Fim: 20-04-2025 00:00:00\n\u2022 Valor: \u20ac2 617.92\n\u2022 Tributacao Autonoma: True\n\u2022 Valor: \u20ac328.55\n\u2022 Sub F\xe9rias: 2581.39\n\u2022 Sub Natal: 182.54\n\u2022 Ferias: 182.54\n\n--- Dados extra\xeddos por IA (outro) em 11/02/2026 08:55 ---\n\u2022 Nome: GESERFOR-Gest\xe3o R.H. e Empresa Trab.Temp.,S.A.\n\u2022 Rua: Rua Calouste Gulbenkian, 52 4\xba E4\n\u2022 Cidade: Porto\n\u2022 Codigo Postal: 4050-144\n\u2022 Nif: 502376171\n\u2022 Nome: Diogo Barbosa\n\u2022 Rua: Rua Jose Ferreira Tarre N15 3DTO\n\u2022 Cidade: Vila Franca de Xira\n\u2022 Codigo Postal: 2615-112\n\u2022 Localidade: Alverca do Ribatejo\n\u2022 Data Recebimento: 31-05-2025\n\u2022 Data Periodo Inicio: 21-04-2025 00:00:00\n\u2022 Data Periodo Fim: 20-05-2025 00:00:00\n\u2022 Categoria Profissional: Motorista de Ligeiros\n\u2022 N Beneficiario: 11820354891\n\u2022 N Contribuinte: 259769894\n\u2022 Taxa Efetiva: \u20ac17.80\n\u2022 Salario Bruto Mensal: \u20ac2 190.43\n\u2022 Total Liquido A Receber: \u20ac865.39\n\u2022 Venc Base Ref: \u20ac2 190.43\n\u2022 Designacao: Feriado Trabalhado (Cl.50)\n\u2022 Quantidade: 3.0\n\u2022 Valor: \u20ac657.10\n\u2022 Descontos: 219.04\n\u2022 Designacao: Subs\xeddio de F\xe9rias\n\u2022 Quantidade: 1.0\n\u2022 Valor: \u20ac182.54\n\u2022 Descontos: 182.54\n\u2022 Designacao: Subs\xeddio de Natal\n\u2022 Quantidade: 1.0\n\u2022 Valor: \u20ac182.54\n\u2022 Descontos: 182.54\n\u2022 Nome: Tranquilidade - Seguradoras Unidas, SA\n\u2022 Numero: 0005879773\n\u2022 Valor: \u20ac2 727.22\n\u2022 Nome: TRANSPORTES FLORENCIO &amp; SILVA, SA\n\u2022 Numero: 00118445\n\u2022 Modo Pagamento: TRANSFER\xcaNCIA BANC\xc1RIA\n\u2022 Iban: PT50003300004577230228605\n\n--- Dados extra\xeddos por IA (outro) em 11/02/2026 08:55 ---\n\u2022 Nome: GESERFOR-Gest\xe3o R.H. e Empresa Trab.Temp.,S.A.\n\u2022 Rua: Rua Calouste Gulbenkian, 52 4\xba E4\n\u2022 Cidade: Porto\n\u2022 Codigo Postal: 4050-144\n\u2022 Nif: 502376171\n\u2022 Nome: DIOGO BARBOSA\n\u2022 Rua: RUA JOSE FERREIRA TARRE N15 3DTO\n\u2022 Cidade: VILA FRANCA DE XIRA\n\u2022 Codigo Postal: 2615-112\n\u2022 Data Recebimento: 30-06-2025\n\u2022 Categoria Profissional: Motorista de Ligeiros\n\u2022 N Beneficiario: 11820354891\n\u2022 N Contribuinte: 259769894\n\u2022 Salario Bruto Mensal: 2190.43\n\u2022 Taxa Efetiva: 17.8%\n\u2022 Venc Base Ref: 2190.43\n\u2022 Total Liquido A Receber: 865.39\n\u2022 Quantidade: 3.0\n\u2022 Valor: \u20ac657.10\n\u2022 Desconto: 219.04\n\u2022 Quantidade: 1.0\n\u2022 Valor: \u20ac182.54\n\u2022 Desconto: 182.54\n\u2022 Quantidade: 1.0\n\u2022 Valor: \u20ac182.54\n\u2022 Desconto: 182.54\n\u2022 Quantidade: 26.0\n\u2022 Valor: \u20ac156.00\n\u2022 Desconto: 6.0\n\u2022 Quantidade: 1.0\n\u2022 Valor: \u20ac230.00\n\u2022 Desconto: 230.0\n\u2022 Nome: Tranquilidade - Seguradoras Unidas, SA\n\u2022 Numero: 0005879773\n\u2022 Valor: \u20ac2 733.22\n\u2022 Nome: TRANSPORTES FLORENCIO &amp; SILVA, SA\n\u2022 Numero: 00118445\n\u2022 Iban: PT50003300004577230228605\n\u2022 Inicio: 21-05-2025 00:00:00\n\u2022 Fim: 20-06-2025 00:00:00\n\n--- Dados extra\xeddos por IA (outro) em 11/02/2026 08:55 ---\n\u2022 Nome: GESERFOR-Gest\xe3o R.H. e Empresa Trab.Temp.,S.A.\n\u2022 Rua: Rua Calouste Gulbenkian, 52 4\xba E4\n\u2022 Cidade: Porto\n\u2022 Codigo Postal: 4050-144\n\u2022 Nif: 502376171\n\u2022 Data: 31-07-2025\n\u2022 Categoria Profissional: Motorista de Ligeiros\n\u2022 N Beneficiario: 11820354891\n\u2022 N Contribuinte: 259769894\n\u2022 Taxa Efetiva: 17.8%\n\u2022 Vencimento Base Ref: 2190.43\n\u2022 Inicio: 21-06-2025 00:00:00\n\u2022 Fim: 20-07-2025 00:00:00\n\u2022 Total Bruto: 3081.52\n\u2022 Total Liquido: 763.17\n\u2022 Modo Pagamento: TRANSFER\xcaNCIA BANC\xc1RIA\n\u2022 Iban: PT50003300004577230228605\n\u2022 Nome: Tranquilidade - Seguradoras Unidas, SA\n\u2022 Numero: 0005879773\n\u2022 Nome: TRANSPORTES FLORENCIO &amp; SILVA, SA\n\u2022 Numero: 00118445\n\u2022 Nome: DIOGO BARBOSA\n\u2022 Rua: RUA JOSE FERREIRA TARRE N15 3DTO\n\u2022 Cidade: VILA FRANCA DE XIRA\n\u2022 Codigo Postal: 2615-112\n\u2022 Localidade: ALVERCA DO RIBATEJO\n\u2022 Designacao: Sal\xe1rio Bruto Mensal\n\u2022 Quantidade: 1.0\n\u2022 Valor: \u20ac2 190.43\n\u2022 Descontos: 12.64\n\u2022 Designacao: Subs\xeddio de F\xe9rias\n\u2022 Quantidade: 1.0\n\u2022 Valor: \u20ac182.54\n\u2022 Descontos: 182.54\n\u2022 Designacao: Subs\xeddio de Natal\n\u2022 Quantidade: 1.0\n\u2022 Valor: \u20ac182.54\n\u2022 Descontos: 182.54\n\u2022 Total: 2555.51\n\u2022 Sub F\xe9rias: 146.02\n\u2022 Sub Natal: 182.54\n\u2022 Descricao: Folga Trabalhada (Cl.50)\n\u2022 Valor: \u20ac12.00\n\u2022 Descricao: Outros Descontos\n\u2022 Valor: \u20ac20.08\n\n--- Dados extra\xeddos por IA (outro) em 11/02/2026 08:56 ---\n\u2022 Nome: GESERFOR-Gest\xe3o R.H. e Empresa Trab.Temp.,S.A.\n\u2022 Rua: Rua Calouste Gulbenkian, 52 4\xba E4\n\u2022 Cidade: Porto\n\u2022 Codigo Postal: 4050-144\n\u2022 Nif: 502376171\n\u2022 Nome: DIOGO BARBOSA\n\u2022 Rua: RUA JOSE FERREIRA TARRE N15 3DTO\n\u2022 Cidade: VILA FRANCA DE XIRA\n\u2022 Codigo Postal: 2615-112\n\u2022 Data: 31-08-2025\n\u2022 Categoria Profissional: Motorista de Ligeiros\n\u2022 Numero Beneficiario: 11820354891\n\u2022 Numero Contribuinte: 259769894\n\u2022 Taxa Efetiva: 17.8%\n\u2022 Salario Bruto Mensal: 2190.43\n\u2022 Quantidade: 1.0\n\u2022 Valor: \u20ac219.04\n\u2022 Quantidade: 1.0\n\u2022 Valor: \u20ac182.54\n\u2022 Quantidade: 1.0\n\u2022 Valor: \u20ac182.54\n\u2022 Quantidade: 17.0\n\u2022 Valor: \u20ac102.00\n\u2022 Desconto: 6.0\n\u2022 Quantidade: 1.0\n\u2022 Valor: \u20ac230.00\n\u2022 Vencimento Base: 2190.43\n\u2022 Inicio: 21-07-2025 00:00:00\n\u2022 Fim: 20-08-2025 00:00:00\n\u2022 Modo Pagamento: TRANSFER\xcaNCIA BANC\xc1RIA\n\u2022 Total Liquido A Receber: 778.2\n\u2022 Total Bruto: 3106.54\n\u2022 Nome: Tranquilidade - Seguradoras Unidas, SA\n\u2022 Numero: 0005879773\n\u2022 Valor: \u20ac2 328.34\n\u2022 Iban: PT50003300004577230228605\n\n--- Dados extra\xeddos por IA (extrato_bancario) em 11/02/2026 08:56 ---\n\u2022 Nome: Banco Comercial Portugu\xeas, S.A.\n\u2022 Sede: Pra\xe7a D. Jo\xe3o I, 28, 4000-295 Porto\n\u2022 Capital Social: 3.000.000.000,00 Euros\n\u2022 Matricula: 501 525 882\n\u2022 Numero: 45772302286\n\u2022 Nib: 003300004577230228605\n\u2022 Iban: PT50 0033 0000 4577 2302 2860 5\n\u2022 Bic Swift: BCOMPTPL\n\u2022 Moeda Base: EURO\n\u2022 Sucursal: ALVERCA\n\u2022 Telefone: (+351) 21 005 24 24\n\u2022 Inicio: 2025-04-01\n\u2022 Fim: 2025-04-30\n\u2022 Saldo Inicial: 1.100,68\n\u2022 Saldo Final: 1.046,68\n\u2022 Saldo Disponivel: 1.096,68\n\u2022 Data: 2025-04-01\n\u2022 Descricao: PAG.IGCP -171825029955100\n\u2022 Debito: 47.27\n\u2022 Credito: 4.02\n\u2022 Data: 2025-04-04\n\u2022 Descricao: TRF P/ Diogo Barbosa\n\u2022 Debito: 54.00\n\u2022 Credito: 4.07\n\u2022 Data: 2025-04-11\n\u2022 Descricao: Credito Camp Novos Clientes\n\u2022 Debito: 69.44\n\u2022 Credito: 4.11\n\u2022 Nome: Diogo Barbosa\n\u2022 Rua: R JOSE FERREIRA TARRE 15 3 DTO\n\u2022 Cidade: ALVERCA DO RIBATEJO\n\u2022 Codigo Postal: 2615-112\n\u2022 Data Nascimento: 1930-04-25\n\u2022 Comiss\xe3o: 64,92\u20ac/ano\n\u2022 Taxa Anual Nominal: 19.10000%\n\u2022 Descricao: Abre conta na App Millennium e podes ganhar uma caneca Stanley e um b\xf3nus pelo teu ordenado\n\u2022 Validade: a partir de 7 de abril, limitada ao stock existente\n\n--- Dados extra\xeddos por IA (extrato_bancario) em 11/02/2026 08:56 ---\n\u2022 Parse Error: Expecting property name enclosed in double quotes: line 230 column 8 (char 6095)\n\n--- Dados extra\xeddos por IA (extrato_bancario) em 11/02/2026 08:56 ---\n\u2022 Nome: Banco Comercial Portugu\xeas, S.A.\n\u2022 Sede: Pra\xe7a D. Jo\xe3o I, 28, 4000-295 Porto\n\u2022 Capital Social: 3.000.000.000,00 Euros\n\u2022 Matricula: 501 525 882\n\u2022 Numero: 45772302286\n\u2022 Nib: 003300004577230228605\n\u2022 Iban: PT50 0033 0000 4577 2302 2860 5\n\u2022 Bic Swift: BCOMPTPL\n\u2022 Sucursal: ALVERCA\n\u2022 Inicio: 2025-06-02\n\u2022 Fim: 2025-06-30\n\u2022 Moeda Base: EURO\n\u2022 Nome: Diogo Barbosa\n\u2022 Data Nascimento: 1930-06-25\n\u2022 Telefone: (+351) 21 005 24 24\n\u2022 Nome: Jos\xe9 An\xedbal Embalo\n\u2022 Data: 2025-06-03\n\u2022 Descricao: COMPRA 1046 PINGO DOCE ALVERCA ALVE CONTACTLESS\n\u2022 Debito: 145.67\n\u2022 Credito: 0.0\n\u2022 Saldo: 2640.84\n\u2022 Data: 2025-06-06\n\u2022 Descricao: TRF. P/O Diogo Barbosa\n\u2022 Debito: 591.0\n\u2022 Credito: 0.0\n\u2022 Saldo: 2640.84\n\u2022 Data: 2025-06-09\n\u2022 Descricao: TRF MB WAY P/ JOSE ANIBAL EMBALO\n\u2022 Debito: 47.0\n\u2022 Credito: 0.0\n\u2022 Saldo: 2640.84\n\u2022 Saldo: 975.22\n\u2022 Saldo Disponivel: 975.22\n\u2022 Taxa Anual Nominal: 19.10000%\n\n--- Dados extra\xeddos por IA (extrato_bancario) em 11/02/2026 08:57 ---\n\u2022 Nome: Banco Comercial Portugu\xeas, S.A.\n\u2022 Sede: Pra\xe7a D. Jo\xe3o I, 28, 4000-295 Porto\n\u2022 Capital Social: 3.000.000.000,00 Euros\n\u2022 Numero: 501 525 882\n\u2022 Nome: Diogo Barbosa\n\u2022 Rua: R Jos\xe9 Ferreira Tarre 15 3 DTO\n\u2022 Cidade: Alverca do Ribatejo\n\u2022 Codigo Postal: 2615-112\n\u2022 Data Nascimento: 25/07/1931\n\u2022 Numero: 45772302286\n\u2022 Nib: 003300004577230228605\n\u2022 Iban: PT50 0033 0000 4577 2302 2860 5\n\u2022 Bic Swift: BCOMPTPL\n\u2022 Telefone: (+351) 21 005 24 24\n\u2022 Numero: 2025/007\n\u2022 Moeda Base: EURO\n\u2022 Inicio: 2025/07/01\n\u2022 Fim: 2025/07/31\n\u2022 Saldo Inicial: 4975.22\n\u2022 Saldo Final: 731.00\n\u2022 Saldo Disponivel: 731.00\n\u2022 Data: 2025/07/30\n\u2022 Descricao: COMPRA 1046 REHMAN FOOD STOR GBP TC\n\u2022 Debito: 11.67\n\u2022 Credito: 0.45\n\u2022 Data: 2025/07/30\n\u2022 Descricao: COMPRA 1046 TRAINLINE WWW.TH GBP TC\n\u2022 Debito: 46.15\n\u2022 Credito: 1.78\n\u2022 Data: 2025/07/30\n\u2022 Descricao: COMPRA 1046 PINGO DOCE VIALONGA VIA CONTACTLESS\n\u2022 Debito: 3245.22\n\u2022 Credito: 0.00\n\u2022 Taxa Anual Nominal: 19.10000%\n\u2022 Validade: 16/07 a 15/10/2025\n\u2022 Condicoes: Domiciliar o ordenado igual ou superior a 750\u20ac, Aderir ao Extrato Digital\n\n--- Dados extra\xeddos por IA (extrato_bancario) em 11/02/2026 08:57 ---\n\u2022 Nome: Banco Comercial Portugu\xeas, S.A.\n\u2022 Sede: Pra\xe7a D. Jo\xe3o I, 28, 4000-295 Porto\n\u2022 Capital Social: 3.000.000.000,00 Euros\n\u2022 Numero: 501 525 882\n\u2022 Numero: 45772302286\n\u2022 Nib: 003300004577230228605\n\u2022 Iban: PT50 0033 0000 4577 2302 2860 5\n\u2022 Bic Swift: BCOMPTPL\n\u2022 Sucursal: ALVERCA\n\u2022 Telefone: (+351) 21 005 24 24\n\u2022 Moeda Base: EURO\n\u2022 Data Inicio: 2025/08/01\n\u2022 Data Fim: 2025/08/29\n\u2022 Saldo Inicial: 5294.58\n\u2022 Saldo Final: 6513.17\n\u2022 Saldo Disponivel: 6513.17\n\u2022 Nome: Diogo Barbosa\n\u2022 Data Nascimento: 25/08/1929\n\u2022 Data: 08/01\n\u2022 Descricao: TRF P/ Diogo Barbosa\n\u2022 Valor: 10.00\n\u2022 Data: 08/25\n\u2022 Descricao: TRF P/ Diogo Barbosa\n\u2022 Valor: 200.00\n\u2022 Data: 08/25\n\u2022 Descricao: TRF P/ Diogo Barbosa\n\u2022 Valor: 200.00\n\u2022 Nome: Braulida Gorett Teixeira Barbosa\n\u2022 Data: 08/25\n\u2022 Descricao: TRF. P/O BRAULIDA GORETT TEIXEIRA BARBOSA\n\u2022 Valor: 200.00\n\u2022 Data: 08/25\n\u2022 Descricao: TRF P/ Braulida Barbosa\n\u2022 Valor: 200.00\n\u2022 Nome: Maria Helena Mota Oliveira Braz\n\u2022 Data: 08/26\n\u2022 Descricao: TRF MB WAY P/ MARIA HELENA MOTA OLIVEIRA BRAZ\n\u2022 Valor: 25.00\n\u2022 Taxa Anual Nominal: 19.10000%', 'mediador_name': '', 'is_assigned_to_me': False, 'my_role_in_process': None}, {'id': 'f7742385-2a18-4d19-ad9d-0390c57a7d15', 'process_number': 149, 'client_name': 'Jeferson Pereira', 'client_email': '', 'client_phone': '', 'client_nif': '', 'status': 'desistencias', 'trello_card_id': '678057cb7e7a6dab688a805b', 'trello_list_id': '686ce75e8f9280a46cb4e62c', 'trello_url': 'https://trello.com/c/bAGbbyR0', 'created_at': '2026-01-29T22:15:14.052Z', 'updated_at': '2026-02-06T02:27:31.953854+00:00', 'source': 'trello_import', 'notes': '\n---\n\U0001f517 ID CreditoIMO: e1816502-d00e-43af-af09-8ad782e7e093', 'labels': ['Victor Docs'], 'idade_menos_35': False, 'prioridade': False, 'docs_preparados': False, 'ch_aprovado': False, 'due_date': None, 'due_complete': False, 'trello_members': [], 'trello_member_ids': [], 'personal_data': {'morada_fiscal': '', 'data_nascimento': '1931-03-25', 'nif': '501525882', 'documento_id': 'CE05666/01', 'naturalidade': 'null', 'nacionalidade': 'null', 'sexo': 'null', 'nome_pai': 'null', 'nome_mae': 'ROZIMEIRE ROCHA PEREIRA'}, 'financial_data': {'rendimento_mensal': 1061.09, 'valor_pretendido': '', 'rendimento_bruto': 1335.99, 'empresa': 'AREAS PORTUGAL- Restaura\xe7\xe3o e Distribui\xe7\xe3o, S.A.', 'categoria_profissional': 'Ger. M/B/SS at\xe9 2A - Emp. Rest.Senior'}, 'real_estate_data': {'morada_imovel': '', 'valor_aquisicao': ''}, 'credit_data': {}, 'consultor_name': '', 'mediador_name': '', 'is_assigned_to_me': False, 'my_role_in_process': None}, {'id': '649e0016-2701-4b3e-b640-87860b3cdae2', 'process_number': 150, 'client_name': 'Renata / Jonathan', 'client_email': '', 'client_phone': '', 'client_nif': '', 'status': 'desistencias', 'trello_card_id': '686cf539d404e881727cdb68', 'trello_list_id': '686ce75e8f9280a46cb4e62c', 'trello_url': 'https://trello.com/c/4IvOSKto', 'created_at': '2026-01-29T22:15:14.327Z', 'updated_at': '2026-02-05T20:14:50.186917+00:00', 'source': 'trello_import', 'notes': '\n---\n\U0001f517 ID CreditoIMO: baae001d-0a7f-4d1b-95f9-fc224b5e4c33', 'labels': [], 'idade_menos_35': False, 'prioridade': False, 'docs_preparados': False, 'ch_aprovado': False, 'due_date': None, 'due_complete': False, 'trello_members': ['flavio da slva'], 'trello_member_ids': ['677eaaf8803daac4eccb427a'], 'personal_data': {'morada_fiscal': '', 'data_nascimento': ''}, 'financial_data': {'rendimento_mensal': '', 'valor_pretendido': ''}, 'real_estate_data': {'morada_imovel': '', 'valor_aquisicao': ''}, 'credit_data': {}, 'assigned_consultor_id': '858d4d2f-e520-4c31-a852-0a638f081c5a', 'consultor_name': 'Fl\xe1vio da Silva', 'mediador_name': '', 'is_assigned_to_me': False, 'my_role_in_process': None}, {'id': '40bc32bd-3c51-43b3-b0b0-afbd7999ad94', 'process_number': 151, 'client_name': 'Ana Patr\xedcia (Mendes)', 'client_email': '', 'client_phone': '914876845', 'client_nif': '', 'status': 'desistencias', 'trello_card_id': '686cee7a9191047df0045881', 'trello_list_id': '686ce75e8f9280a46cb4e62c', 'trello_url': 'https://trello.com/c/YAwJZKbB', 'created_at': '2026-01-29T22:15:14.623Z', 'updated_at': '2026-02-05T20:14:50.787623+00:00', 'source': 'trello_import', 'notes': '\U0001f4f1 Telefone: 914876845\n\n---\n\U0001f517 ID CreditoIMO: 628098f9-7c38-46fd-9108-7e7b8bb6c970', 'labels': [], 'idade_menos_35': False, 'prioridade': False, 'docs_preparados': False, 'ch_aprovado': False, 'due_date': None, 'due_complete': False, 'trello_members': ['flavio da slva', 'Pedro Borges'], 'trello_member_ids': ['677eaaf8803daac4eccb427a', '686cdf233ffbef2763609334', '677fda465350a2750434eb57'], 'personal_data': {'morada_fiscal': '', 'data_nascimento': ''}, 'financial_data': {'rendimento_mensal': '', 'valor_pretendido': ''}, 'real_estate_data': {'morada_imovel': '', 'valor_aquisicao': ''}, 'credit_data': {}, 'assigned_consultor_id': 'a3d68648-8ab7-41f1-8c1b-a3bbb34de25c', 'consultor_name': 'Pedro Borges', 'mediador_name': '', 'is_assigned_to_me': False, 'my_role_in_process': None}, {'id': 'd48e6c59-5084-4613-bc6b-fb2d3bdbc1f5', 'process_number': 152, 'client_name': 'Monique Brasil', 'client_email': '', 'client_phone': '', 'client_nif': '', 'status': 'desistencias', 'trello_card_id': '67805b550591f40d931da878', 'trello_list_id': '686ce75e8f9280a46cb4e62c', 'trello_url': 'https://trello.com/c/Bxh7pVFc', 'created_at': '2026-01-29T22:15:14.917Z', 'updated_at': '2026-02-06T01:17:18.605527+00:00', 'source': 'trello_import', 'notes': '\n---\n\U0001f517 ID CreditoIMO: 9b452de2-ab37-4284-b74f-5442348102af', 'labels': ['Prioridade', 'Documentos Preparados'], 'idade_menos_35': False, 'prioridade': True, 'docs_preparados': True, 'ch_aprovado': False, 'due_date': None, 'due_complete': False, 'trello_members': [], 'trello_member_ids': [], 'personal_data': {'morada_fiscal': '', 'data_nascimento': ''}, 'financial_data': {'rendimento_mensal': '', 'valor_pretendido': '', 'rendimento_anual': 9980.0}, 'real_estate_data': {'morada_imovel': '', 'valor_aquisicao': ''}, 'credit_data': {}, 'consultor_name': '', 'mediador_name': '', 'is_assigned_to_me': False, 'my_role_in_process': None}], 'count': 25}], 'total_processes': 157, 'user_role': 'admin', 'current_user_id': '8433396d-bf8b-420b-8042-17b9beca1a72'}, list)</failure></testcase><testcase classname="tests.test_iteration20_p0_features.TestPropertiesImportEndpoints" name="test_import_template_endpoint_exists" time="0.543" /><testcase classname="tests.test_iteration20_p0_features.TestPropertiesImportEndpoints" name="test_import_excel_endpoint_exists" time="0.536" /><testcase classname="tests.test_iteration20_p0_features.TestAISuggestionsEndpoint" name="test_import_errors_suggestions_endpoint" time="0.864" /><testcase classname="tests.test_iteration20_p0_features.TestNIFValidationBackend" name="test_nif_validation_function_logic" time="0.000" /><testcase classname="tests.test_iteration20_p0_features.TestPropertiesStats" name="test_properties_stats_endpoint" time="0.756" /><testcase classname="tests.test_iteration20_p0_features.TestPropertiesList" name="test_properties_list_endpoint" time="0.663" /></testsuite></testsuites>