<?xml version="1.0" encoding="utf-8"?><testsuites name="pytest tests"><testsuite name="pytest" errors="0" failures="0" skipped="2" tests="13" time="10.024" timestamp="2026-02-10T23:45:37.103433+00:00" hostname="agent-env-19263f2a-9d64-40ff-a90e-51eeb869f954"><testcase classname="tests.test_iteration19_leads_stats.TestHealthAndAuth" name="test_health_endpoint" time="1.024" /><testcase classname="tests.test_iteration19_leads_stats.TestHealthAndAuth" name="test_admin_login" time="1.728" /><testcase classname="tests.test_iteration19_leads_stats.TestHealthAndAuth" name="test_consultor_login" time="0.380" /><testcase classname="tests.test_iteration19_leads_stats.TestLeadsEndpoints" name="test_get_leads_by_status_endpoint" time="0.654" /><testcase classname="tests.test_iteration19_leads_stats.TestLeadsEndpoints" name="test_get_leads_by_status_with_consultor_filter" time="0.933" /><testcase classname="tests.test_iteration19_leads_stats.TestLeadsEndpoints" name="test_get_leads_by_status_with_status_filter" time="0.666" /><testcase classname="tests.test_iteration19_leads_stats.TestLeadsEndpoints" name="test_get_consultores_endpoint" time="0.651" /><testcase classname="tests.test_iteration19_leads_stats.TestLeadRefreshEndpoint" name="test_refresh_lead_endpoint_exists" time="1.069" /><testcase classname="tests.test_iteration19_leads_stats.TestLeadRefreshEndpoint" name="test_refresh_nonexistent_lead_returns_404" time="0.648" /><testcase classname="tests.test_iteration19_leads_stats.TestStatsEndpoints" name="test_get_leads_stats" time="1.468" /><testcase classname="tests.test_iteration19_leads_stats.TestStatsEndpoints" name="test_get_conversion_stats" time="0.656" /><testcase classname="tests.test_iteration19_leads_stats.TestStatsEndpoints" name="test_get_general_stats" time="0.038"><skipped type="pytest.skip" message="Could not authenticate as admin">/app/backend/tests/test_iteration19_leads_stats.py:286: Could not authenticate as admin</skipped></testcase><testcase classname="tests.test_iteration19_leads_stats.TestLeadsCardDateAndStale" name="test_leads_have_date_info" time="0.040"><skipped type="pytest.skip" message="Could not authenticate as admin">/app/backend/tests/test_iteration19_leads_stats.py:316: Could not authenticate as admin</skipped></testcase></testsuite></testsuites>