<?xml version="1.0" encoding="utf-8"?><testsuites name="pytest tests"><testsuite name="pytest" errors="0" failures="0" skipped="0" tests="14" time="14.240" timestamp="2026-02-14T13:26:36.274991+00:00" hostname="agent-env-398bf707-75b4-44cb-a9f9-d472d969d9d2"><testcase classname="tests.integration.test_iteration40_ai_import_logs.TestAdminAuth" name="test_admin_login_success" time="0.477" /><testcase classname="tests.integration.test_iteration40_ai_import_logs.TestSystemLogs" name="test_get_system_logs_endpoint_exists" time="1.062" /><testcase classname="tests.integration.test_iteration40_ai_import_logs.TestSystemLogs" name="test_get_system_logs_with_filters" time="0.446" /><testcase classname="tests.integration.test_iteration40_ai_import_logs.TestSystemLogs" name="test_get_system_logs_stats" time="1.306" /><testcase classname="tests.integration.test_iteration40_ai_import_logs.TestSystemLogs" name="test_bulk_resolve_system_logs" time="0.357" /><testcase classname="tests.integration.test_iteration40_ai_import_logs.TestAIImportLogs" name="test_get_ai_import_logs_v2" time="1.478" /><testcase classname="tests.integration.test_iteration40_ai_import_logs.TestAIImportLogs" name="test_ai_import_logs_with_status_filter" time="3.224" /><testcase classname="tests.integration.test_iteration40_ai_import_logs.TestAIImportLogs" name="test_ai_import_logs_log_structure" time="1.020" /><testcase classname="tests.integration.test_iteration40_ai_import_logs.TestAIImportLogsGrouped" name="test_get_ai_import_logs_grouped" time="0.914" /><testcase classname="tests.integration.test_iteration40_ai_import_logs.TestAIImportLogsGrouped" name="test_grouped_logs_with_status_filter" time="0.353" /><testcase classname="tests.integration.test_iteration40_ai_import_logs.TestAIImportLogsGrouped" name="test_grouped_logs_group_structure" time="0.354" /><testcase classname="tests.integration.test_iteration40_ai_import_logs.TestBulkResolveAIImportLogs" name="test_bulk_resolve_endpoint_exists" time="0.793" /><testcase classname="tests.integration.test_iteration40_ai_import_logs.TestBulkResolveAIImportLogs" name="test_bulk_resolve_with_fake_ids" time="0.452" /><testcase classname="tests.integration.test_iteration40_ai_import_logs.TestSingleLogResolve" name="test_resolve_single_ai_import_log_endpoint" time="1.949" /></testsuite></testsuites>