<?xml version="1.0" encoding="utf-8"?><testsuites name="pytest tests"><testsuite name="pytest" errors="0" failures="0" skipped="0" tests="7" time="4.603" timestamp="2026-02-13T12:47:42.579595+00:00" hostname="agent-env-927c5bd5-188a-465f-a15f-f9204d7d4829"><testcase classname="tests.integration.test_iteration29_skeleton_storage.TestIteration29" name="test_01_login_admin" time="1.090" /><testcase classname="tests.integration.test_iteration29_skeleton_storage.TestIteration29" name="test_02_storage_info_endpoint" time="0.373" /><testcase classname="tests.integration.test_iteration29_skeleton_storage.TestIteration29" name="test_03_dashboard_stats" time="0.574" /><testcase classname="tests.integration.test_iteration29_skeleton_storage.TestIteration29" name="test_04_processes_list" time="0.914" /><testcase classname="tests.integration.test_iteration29_skeleton_storage.TestIteration29" name="test_05_kanban_endpoint" time="0.728" /><testcase classname="tests.integration.test_iteration29_skeleton_storage.TestIteration29" name="test_06_ai_bulk_endpoint_exists" time="0.172" /><testcase classname="tests.integration.test_iteration29_skeleton_storage.TestIteration29" name="test_07_system_config_storage_connection" time="0.693" /></testsuite></testsuites>