<?xml version="1.0" encoding="utf-8"?><testsuites name="pytest tests"><testsuite name="pytest" errors="0" failures="0" skipped="4" tests="15" time="17.562" timestamp="2026-02-11T16:15:44.647557+00:00" hostname="agent-env-6c157387-104a-42e4-bf85-369c1244ded9"><testcase classname="tests.test_iteration21_system_logs_leads.TestAdminLogin" name="test_admin_login_success" time="3.256" /><testcase classname="tests.test_iteration21_system_logs_leads.TestProcessUpdateStringFields" name="test_process_update_with_string_email" time="2.280" /><testcase classname="tests.test_iteration21_system_logs_leads.TestProcessUpdateStringFields" name="test_process_update_with_numeric_string_phone" time="1.989" /><testcase classname="tests.test_iteration21_system_logs_leads.TestLeadsFromURL" name="test_leads_from_url_endpoint_exists" time="1.683" /><testcase classname="tests.test_iteration21_system_logs_leads.TestLeadsFromURL" name="test_leads_from_url_requires_url" time="0.542" /><testcase classname="tests.test_iteration21_system_logs_leads.TestLeadsFromURL" name="test_leads_from_url_duplicate_check" time="3.367" /><testcase classname="tests.test_iteration21_system_logs_leads.TestSystemErrorLogs" name="test_get_system_logs" time="0.776" /><testcase classname="tests.test_iteration21_system_logs_leads.TestSystemErrorLogs" name="test_get_system_logs_with_filters" time="0.774" /><testcase classname="tests.test_iteration21_system_logs_leads.TestSystemErrorLogs" name="test_get_system_logs_stats" time="1.453" /><testcase classname="tests.test_iteration21_system_logs_leads.TestSystemErrorLogs" name="test_mark_logs_as_read" time="1.151" /><testcase classname="tests.test_iteration21_system_logs_leads.TestSystemErrorLogs" name="test_mark_read_requires_error_ids" time="0.047"><skipped type="pytest.skip" message="Could not login as admin">/app/backend/tests/test_iteration21_system_logs_leads.py:278: Could not login as admin</skipped></testcase><testcase classname="tests.test_iteration21_system_logs_leads.TestSystemErrorLogs" name="test_resolve_error" time="0.044"><skipped type="pytest.skip" message="Could not login as admin">/app/backend/tests/test_iteration21_system_logs_leads.py:291: Could not login as admin</skipped></testcase><testcase classname="tests.test_iteration21_system_logs_leads.TestSystemErrorLogs" name="test_resolve_nonexistent_error" time="0.042"><skipped type="pytest.skip" message="Could not login as admin">/app/backend/tests/test_iteration21_system_logs_leads.py:324: Could not login as admin</skipped></testcase><testcase classname="tests.test_iteration21_system_logs_leads.TestSystemLogsAccess" name="test_system_logs_requires_auth" time="0.039" /><testcase classname="tests.test_iteration21_system_logs_leads.TestSystemLogsAccess" name="test_system_logs_requires_admin_role" time="0.046"><skipped type="pytest.skip" message="Could not login as consultor">/app/backend/tests/test_iteration21_system_logs_leads.py:357: Could not login as consultor</skipped></testcase></testsuite></testsuites>