<?xml version="1.0" encoding="utf-8"?><testsuites name="pytest tests"><testsuite name="pytest" errors="0" failures="1" skipped="0" tests="23" time="16.520" timestamp="2026-02-15T20:59:07.817216+00:00" hostname="agent-env-e6dd97c0-078c-46d5-9bbf-6c66afe5bf74"><testcase classname="tests.test_iteration43_tarefa1_tarefa2.TestAuthentication" name="test_admin_login" time="6.262" /><testcase classname="tests.test_iteration43_tarefa1_tarefa2.TestAuthentication" name="test_consultor_login" time="0.539" /><testcase classname="tests.test_iteration43_tarefa1_tarefa2.TestTarefa1A_EmailFilterByUser" name="test_get_emails_without_filter" time="2.051" /><testcase classname="tests.test_iteration43_tarefa1_tarefa2.TestTarefa1A_EmailFilterByUser" name="test_get_emails_with_user_filter" time="0.355" /><testcase classname="tests.test_iteration43_tarefa1_tarefa2.TestTarefa1A_EmailFilterByUser" name="test_get_emails_with_direction_filter" time="0.383" /><testcase classname="tests.test_iteration43_tarefa1_tarefa2.TestTarefa1B_EmailSearch" name="test_search_emails_success" time="0.362" /><testcase classname="tests.test_iteration43_tarefa1_tarefa2.TestTarefa1B_EmailSearch" name="test_search_emails_by_subject" time="0.342" /><testcase classname="tests.test_iteration43_tarefa1_tarefa2.TestTarefa1B_EmailSearch" name="test_search_emails_short_query_fails" time="0.359" /><testcase classname="tests.test_iteration43_tarefa1_tarefa2.TestTarefa1B_EmailSearch" name="test_search_emails_without_auth_fails" time="0.135" /><testcase classname="tests.test_iteration43_tarefa1_tarefa2.TestTarefa1C_EmailAssociate" name="test_associate_missing_fields" time="0.340" /><testcase classname="tests.test_iteration43_tarefa1_tarefa2.TestTarefa1C_EmailAssociate" name="test_associate_invalid_email_id" time="0.582" /><testcase classname="tests.test_iteration43_tarefa1_tarefa2.TestTarefa1C_EmailAssociate" name="test_associate_invalid_process_id" time="0.639" /><testcase classname="tests.test_iteration43_tarefa1_tarefa2.TestTarefa2A_ConfirmData" name="test_confirm_data_endpoint_exists" time="0.587" /><testcase classname="tests.test_iteration43_tarefa1_tarefa2.TestTarefa2A_ConfirmData" name="test_unlock_data" time="0.634" /><testcase classname="tests.test_iteration43_tarefa1_tarefa2.TestTarefa2A_ConfirmData" name="test_confirm_data_without_auth_fails" time="0.102" /><testcase classname="tests.test_iteration43_tarefa1_tarefa2.TestTarefa2A_ConfirmData" name="test_confirm_data_invalid_process" time="0.449" /><testcase classname="tests.test_iteration43_tarefa1_tarefa2.TestTarefa2B_ResolveConflict" name="test_resolve_conflict_endpoint_exists" time="0.479" /><testcase classname="tests.test_iteration43_tarefa1_tarefa2.TestTarefa2B_ResolveConflict" name="test_resolve_conflict_missing_fields" time="0.360" /><testcase classname="tests.test_iteration43_tarefa1_tarefa2.TestTarefa2B_ResolveConflict" name="test_resolve_conflict_invalid_choice" time="0.382" /><testcase classname="tests.test_iteration43_tarefa1_tarefa2.TestTarefa2B_ResolveConflict" name="test_resolve_conflict_without_auth_fails" time="0.131" /><testcase classname="tests.test_iteration43_tarefa1_tarefa2.TestProcessModelFields" name="test_process_has_is_data_confirmed_field" time="0.355" /><testcase classname="tests.test_iteration43_tarefa1_tarefa2.TestProcessModelFields" name="test_process_has_ai_suggestions_field" time="0.339"><failure message="TypeError: object of type 'NoneType' has no len()">backend/tests/test_iteration43_tarefa1_tarefa2.py:380: in test_process_has_ai_suggestions_field
    print(f"✓ Process has ai_suggestions field (count: {len(data.get('ai_suggestions', []))})")
                                                        ^^^^^^^^^^^^^^^^^^^^^^^^^^^^^^^^^^^
E   TypeError: object of type 'NoneType' has no len()</failure></testcase><testcase classname="tests.test_iteration43_tarefa1_tarefa2.TestEmailAccounts" name="test_get_email_accounts" time="0.257" /></testsuite></testsuites>